[rosmaster.main][INFO] 2017-01-25 12:56:26,253: initialization complete, waiting for shutdown
[rosmaster.main][INFO] 2017-01-25 12:56:26,253: Starting ROS Master Node
[xmlrpc][INFO] 2017-01-25 12:56:26,257: XML-RPC server binding to 0.0.0.0:11311
[xmlrpc][INFO] 2017-01-25 12:56:26,259: Started XML-RPC server [http://LYC-UP:11311/]
[rosmaster.master][INFO] 2017-01-25 12:56:26,259: Master initialized: port[11311], uri[http://LYC-UP:11311/]
[xmlrpc][INFO] 2017-01-25 12:56:26,260: xml rpc node: starting XML-RPC server
[rosmaster.master][INFO] 2017-01-25 12:56:26,304: +PARAM [/run_id] by /roslaunch
[rosmaster.master][INFO] 2017-01-25 12:56:26,308: +PARAM [/roslaunch/uris/host_lyc_up__37548] by /roslaunch
[rosmaster.master][INFO] 2017-01-25 12:56:26,455: +PARAM [/camera/driver/color_fps] by /roslaunch
[rosmaster.master][INFO] 2017-01-25 12:56:26,456: +PARAM [/camera/driver/ir_optical_frame_id] by /roslaunch
[rosmaster.master][INFO] 2017-01-25 12:56:26,456: +PARAM [/camera/driver/color_width] by /roslaunch
[rosmaster.master][INFO] 2017-01-25 12:56:26,457: +PARAM [/camera/driver/ir2_optical_frame_id] by /roslaunch
[rosmaster.master][INFO] 2017-01-25 12:56:26,457: +PARAM [/camera/driver/fisheye_frame_id] by /roslaunch
[rosmaster.master][INFO] 2017-01-25 12:56:26,458: +PARAM [/camera/driver/enable_depth] by /roslaunch
[rosmaster.master][INFO] 2017-01-25 12:56:26,458: +PARAM [/camera/driver/enable_ir2] by /roslaunch
[rosmaster.master][INFO] 2017-01-25 12:56:26,459: +PARAM [/camera/driver/mode] by /roslaunch
[rosmaster.master][INFO] 2017-01-25 12:56:26,459: +PARAM [/camera/driver/fisheye_optical_frame_id] by /roslaunch
[rosmaster.master][INFO] 2017-01-25 12:56:26,459: +PARAM [/camera/driver/depth_optical_frame_id] by /roslaunch
[rosmaster.master][INFO] 2017-01-25 12:56:26,460: +PARAM [/camera/driver/color_optical_frame_id] by /roslaunch
[rosmaster.master][INFO] 2017-01-25 12:56:26,460: +PARAM [/camera/driver/depth_height] by /roslaunch
[rosmaster.master][INFO] 2017-01-25 12:56:26,461: +PARAM [/camera/driver/ir2_frame_id] by /roslaunch
[rosmaster.master][INFO] 2017-01-25 12:56:26,461: +PARAM [/camera/driver/imu_optical_frame_id] by /roslaunch
[rosmaster.master][INFO] 2017-01-25 12:56:26,461: +PARAM [/camera/driver/color_height] by /roslaunch
[rosmaster.master][INFO] 2017-01-25 12:56:26,462: +PARAM [/rosdistro] by /roslaunch
[rosmaster.master][INFO] 2017-01-25 12:56:26,462: +PARAM [/camera/driver/camera_type] by /roslaunch
[rosmaster.master][INFO] 2017-01-25 12:56:26,463: +PARAM [/rosversion] by /roslaunch
[rosmaster.master][INFO] 2017-01-25 12:56:26,463: +PARAM [/camera/driver/depth_fps] by /roslaunch
[rosmaster.master][INFO] 2017-01-25 12:56:26,463: +PARAM [/camera/driver/color_frame_id] by /roslaunch
[rosmaster.master][INFO] 2017-01-25 12:56:26,464: +PARAM [/camera/driver/enable_color] by /roslaunch
[rosmaster.master][INFO] 2017-01-25 12:56:26,464: +PARAM [/camera/driver/base_frame_id] by /roslaunch
[rosmaster.master][INFO] 2017-01-25 12:56:26,464: +PARAM [/camera/driver/imu_frame_id] by /roslaunch
[rosmaster.master][INFO] 2017-01-25 12:56:26,465: +PARAM [/camera/driver/enable_pointcloud] by /roslaunch
[rosmaster.master][INFO] 2017-01-25 12:56:26,465: +PARAM [/camera/driver/enable_ir] by /roslaunch
[rosmaster.master][INFO] 2017-01-25 12:56:26,466: +PARAM [/camera/driver/enable_tf] by /roslaunch
[rosmaster.master][INFO] 2017-01-25 12:56:26,466: +PARAM [/camera/driver/depth_frame_id] by /roslaunch
[rosmaster.master][INFO] 2017-01-25 12:56:26,467: +PARAM [/camera/driver/usb_port_id] by /roslaunch
[rosmaster.master][INFO] 2017-01-25 12:56:26,467: +PARAM [/camera/driver/depth_width] by /roslaunch
[rosmaster.master][INFO] 2017-01-25 12:56:26,468: +PARAM [/camera/driver/serial_no] by /roslaunch
[rosmaster.master][INFO] 2017-01-25 12:56:26,468: +PARAM [/camera/driver/ir_frame_id] by /roslaunch
[rosmaster.master][INFO] 2017-01-25 12:56:26,484: +SERVICE [/rosout/get_loggers] /rosout http://LYC-UP:43061/
[rosmaster.master][INFO] 2017-01-25 12:56:26,487: +SERVICE [/rosout/set_logger_level] /rosout http://LYC-UP:43061/
[rosmaster.master][INFO] 2017-01-25 12:56:26,494: +PUB [/rosout_agg] /rosout http://LYC-UP:43061/
[rosmaster.master][INFO] 2017-01-25 12:56:26,511: +SUB [/rosout] /rosout http://LYC-UP:43061/
[rosmaster.master][INFO] 2017-01-25 12:56:26,566: +PUB [/rosout] /camera/driver http://LYC-UP:40168/
[rosmaster.master][INFO] 2017-01-25 12:56:26,569: +SERVICE [/camera/driver/get_loggers] /camera/driver http://LYC-UP:40168/
[rosmaster.master][INFO] 2017-01-25 12:56:26,572: +SERVICE [/camera/driver/set_logger_level] /camera/driver http://LYC-UP:40168/
[rosmaster.master][INFO] 2017-01-25 12:56:26,583: +PARAM [/camera/driver] by /camera/driver
[rosmaster.master][INFO] 2017-01-25 12:56:26,639: +PUB [/rosout] /camera/nodelet_manager http://LYC-UP:45583/
[rosmaster.master][INFO] 2017-01-25 12:56:26,642: +SERVICE [/camera/nodelet_manager/get_loggers] /camera/nodelet_manager http://LYC-UP:45583/
[rosmaster.master][INFO] 2017-01-25 12:56:26,645: +SERVICE [/camera/nodelet_manager/set_logger_level] /camera/nodelet_manager http://LYC-UP:45583/
[rosmaster.master][INFO] 2017-01-25 12:56:26,656: +SERVICE [/camera/nodelet_manager/load_nodelet] /camera/nodelet_manager http://LYC-UP:45583/
[rosmaster.master][INFO] 2017-01-25 12:56:26,656: publisherUpdate[/rosout] -> http://LYC-UP:43061/
[rosmaster.master][INFO] 2017-01-25 12:56:26,662: +SERVICE [/camera/nodelet_manager/unload_nodelet] /camera/nodelet_manager http://LYC-UP:45583/
[rosmaster.master][INFO] 2017-01-25 12:56:26,664: publisherUpdate[/rosout] -> http://LYC-UP:43061/
[rosmaster.master][INFO] 2017-01-25 12:56:26,668: +SERVICE [/camera/nodelet_manager/list] /camera/nodelet_manager http://LYC-UP:45583/
[rosmaster.master][INFO] 2017-01-25 12:56:26,917: +PUB [/tf_static] /camera/nodelet_manager http://LYC-UP:45583/
[rosmaster.master][INFO] 2017-01-25 12:56:27,271: +PUB [/camera/color/image_raw/compressedDepth] /camera/nodelet_manager http://LYC-UP:45583/
[rosmaster.master][INFO] 2017-01-25 12:56:27,274: +SERVICE [/camera/color/image_raw/compressedDepth/set_parameters] /camera/nodelet_manager http://LYC-UP:45583/
[rosmaster.master][INFO] 2017-01-25 12:56:27,277: +PUB [/camera/color/image_raw/compressedDepth/parameter_descriptions] /camera/nodelet_manager http://LYC-UP:45583/
[rosmaster.master][INFO] 2017-01-25 12:56:27,280: +PUB [/camera/color/image_raw/compressedDepth/parameter_updates] /camera/nodelet_manager http://LYC-UP:45583/
[rosmaster.master][INFO] 2017-01-25 12:56:27,289: +PARAM [/camera/color/image_raw/compressedDepth/depth_max] by /camera/nodelet_manager
[rosmaster.master][INFO] 2017-01-25 12:56:27,292: +PARAM [/camera/color/image_raw/compressedDepth/depth_quantization] by /camera/nodelet_manager
[rosmaster.master][INFO] 2017-01-25 12:56:27,295: +PARAM [/camera/color/image_raw/compressedDepth/png_level] by /camera/nodelet_manager
[rosmaster.master][INFO] 2017-01-25 12:56:27,298: +PARAM [/camera/color/image_raw/compressedDepth/depth_max] by /camera/nodelet_manager
[rosmaster.master][INFO] 2017-01-25 12:56:27,301: +PARAM [/camera/color/image_raw/compressedDepth/depth_quantization] by /camera/nodelet_manager
[rosmaster.master][INFO] 2017-01-25 12:56:27,304: +PARAM [/camera/color/image_raw/compressedDepth/png_level] by /camera/nodelet_manager
[rosmaster.master][INFO] 2017-01-25 12:56:27,404: +PUB [/camera/color/image_raw/compressed] /camera/nodelet_manager http://LYC-UP:45583/
[rosmaster.master][INFO] 2017-01-25 12:56:27,409: +SERVICE [/camera/color/image_raw/compressed/set_parameters] /camera/nodelet_manager http://LYC-UP:45583/
[rosmaster.master][INFO] 2017-01-25 12:56:27,414: +PUB [/camera/color/image_raw/compressed/parameter_descriptions] /camera/nodelet_manager http://LYC-UP:45583/
[rosmaster.master][INFO] 2017-01-25 12:56:27,419: +PUB [/camera/color/image_raw/compressed/parameter_updates] /camera/nodelet_manager http://LYC-UP:45583/
[rosmaster.master][INFO] 2017-01-25 12:56:27,428: +PARAM [/camera/color/image_raw/compressed/format] by /camera/nodelet_manager
[rosmaster.master][INFO] 2017-01-25 12:56:27,431: +PARAM [/camera/color/image_raw/compressed/jpeg_quality] by /camera/nodelet_manager
[rosmaster.master][INFO] 2017-01-25 12:56:27,434: +PARAM [/camera/color/image_raw/compressed/png_level] by /camera/nodelet_manager
[rosmaster.master][INFO] 2017-01-25 12:56:27,437: +PARAM [/camera/color/image_raw/compressed/format] by /camera/nodelet_manager
[rosmaster.master][INFO] 2017-01-25 12:56:27,440: +PARAM [/camera/color/image_raw/compressed/jpeg_quality] by /camera/nodelet_manager
[rosmaster.master][INFO] 2017-01-25 12:56:27,443: +PARAM [/camera/color/image_raw/compressed/png_level] by /camera/nodelet_manager
[rosmaster.master][INFO] 2017-01-25 12:56:27,541: +PUB [/camera/color/image_raw] /camera/nodelet_manager http://LYC-UP:45583/
[rosmaster.master][INFO] 2017-01-25 12:56:27,653: +PUB [/camera/color/image_raw/theora] /camera/nodelet_manager http://LYC-UP:45583/
[rosmaster.master][INFO] 2017-01-25 12:56:27,656: +SERVICE [/camera/color/image_raw/theora/set_parameters] /camera/nodelet_manager http://LYC-UP:45583/
[rosmaster.master][INFO] 2017-01-25 12:56:27,659: +PUB [/camera/color/image_raw/theora/parameter_descriptions] /camera/nodelet_manager http://LYC-UP:45583/
[rosmaster.master][INFO] 2017-01-25 12:56:27,662: +PUB [/camera/color/image_raw/theora/parameter_updates] /camera/nodelet_manager http://LYC-UP:45583/
[rosmaster.master][INFO] 2017-01-25 12:56:27,674: +PARAM [/camera/color/image_raw/theora/optimize_for] by /camera/nodelet_manager
[rosmaster.master][INFO] 2017-01-25 12:56:27,677: +PARAM [/camera/color/image_raw/theora/target_bitrate] by /camera/nodelet_manager
[rosmaster.master][INFO] 2017-01-25 12:56:27,680: +PARAM [/camera/color/image_raw/theora/quality] by /camera/nodelet_manager
[rosmaster.master][INFO] 2017-01-25 12:56:27,683: +PARAM [/camera/color/image_raw/theora/keyframe_frequency] by /camera/nodelet_manager
[rosmaster.master][INFO] 2017-01-25 12:56:27,686: +PARAM [/camera/color/image_raw/theora/optimize_for] by /camera/nodelet_manager
[rosmaster.master][INFO] 2017-01-25 12:56:27,688: +PARAM [/camera/color/image_raw/theora/target_bitrate] by /camera/nodelet_manager
[rosmaster.master][INFO] 2017-01-25 12:56:27,691: +PARAM [/camera/color/image_raw/theora/quality] by /camera/nodelet_manager
[rosmaster.master][INFO] 2017-01-25 12:56:27,694: +PARAM [/camera/color/image_raw/theora/keyframe_frequency] by /camera/nodelet_manager
[rosmaster.master][INFO] 2017-01-25 12:56:27,697: +PUB [/camera/color/camera_info] /camera/nodelet_manager http://LYC-UP:45583/
[rosmaster.master][INFO] 2017-01-25 12:56:27,788: +PUB [/camera/depth/image_raw/compressedDepth] /camera/nodelet_manager http://LYC-UP:45583/
[rosmaster.master][INFO] 2017-01-25 12:56:27,791: +SERVICE [/camera/depth/image_raw/compressedDepth/set_parameters] /camera/nodelet_manager http://LYC-UP:45583/
[rosmaster.master][INFO] 2017-01-25 12:56:27,794: +PUB [/camera/depth/image_raw/compressedDepth/parameter_descriptions] /camera/nodelet_manager http://LYC-UP:45583/
[rosmaster.master][INFO] 2017-01-25 12:56:27,797: +PUB [/camera/depth/image_raw/compressedDepth/parameter_updates] /camera/nodelet_manager http://LYC-UP:45583/
[rosmaster.master][INFO] 2017-01-25 12:56:27,807: +PARAM [/camera/depth/image_raw/compressedDepth/depth_max] by /camera/nodelet_manager
[rosmaster.master][INFO] 2017-01-25 12:56:27,810: +PARAM [/camera/depth/image_raw/compressedDepth/depth_quantization] by /camera/nodelet_manager
[rosmaster.master][INFO] 2017-01-25 12:56:27,812: +PARAM [/camera/depth/image_raw/compressedDepth/png_level] by /camera/nodelet_manager
[rosmaster.master][INFO] 2017-01-25 12:56:27,815: +PARAM [/camera/depth/image_raw/compressedDepth/depth_max] by /camera/nodelet_manager
[rosmaster.master][INFO] 2017-01-25 12:56:27,818: +PARAM [/camera/depth/image_raw/compressedDepth/depth_quantization] by /camera/nodelet_manager
[rosmaster.master][INFO] 2017-01-25 12:56:27,821: +PARAM [/camera/depth/image_raw/compressedDepth/png_level] by /camera/nodelet_manager
[rosmaster.master][INFO] 2017-01-25 12:56:27,909: +PUB [/camera/depth/image_raw/compressed] /camera/nodelet_manager http://LYC-UP:45583/
[rosmaster.master][INFO] 2017-01-25 12:56:27,912: +SERVICE [/camera/depth/image_raw/compressed/set_parameters] /camera/nodelet_manager http://LYC-UP:45583/
[rosmaster.master][INFO] 2017-01-25 12:56:27,915: +PUB [/camera/depth/image_raw/compressed/parameter_descriptions] /camera/nodelet_manager http://LYC-UP:45583/
[rosmaster.master][INFO] 2017-01-25 12:56:27,918: +PUB [/camera/depth/image_raw/compressed/parameter_updates] /camera/nodelet_manager http://LYC-UP:45583/
[rosmaster.master][INFO] 2017-01-25 12:56:27,927: +PARAM [/camera/depth/image_raw/compressed/format] by /camera/nodelet_manager
[rosmaster.master][INFO] 2017-01-25 12:56:27,930: +PARAM [/camera/depth/image_raw/compressed/jpeg_quality] by /camera/nodelet_manager
[rosmaster.master][INFO] 2017-01-25 12:56:27,933: +PARAM [/camera/depth/image_raw/compressed/png_level] by /camera/nodelet_manager
[rosmaster.master][INFO] 2017-01-25 12:56:27,936: +PARAM [/camera/depth/image_raw/compressed/format] by /camera/nodelet_manager
[rosmaster.master][INFO] 2017-01-25 12:56:27,939: +PARAM [/camera/depth/image_raw/compressed/jpeg_quality] by /camera/nodelet_manager
[rosmaster.master][INFO] 2017-01-25 12:56:27,941: +PARAM [/camera/depth/image_raw/compressed/png_level] by /camera/nodelet_manager
[rosmaster.master][INFO] 2017-01-25 12:56:28,030: +PUB [/camera/depth/image_raw] /camera/nodelet_manager http://LYC-UP:45583/
[rosmaster.master][INFO] 2017-01-25 12:56:28,122: +PUB [/camera/depth/image_raw/theora] /camera/nodelet_manager http://LYC-UP:45583/
[rosmaster.master][INFO] 2017-01-25 12:56:28,126: +SERVICE [/camera/depth/image_raw/theora/set_parameters] /camera/nodelet_manager http://LYC-UP:45583/
[rosmaster.master][INFO] 2017-01-25 12:56:28,131: +PUB [/camera/depth/image_raw/theora/parameter_descriptions] /camera/nodelet_manager http://LYC-UP:45583/
[rosmaster.master][INFO] 2017-01-25 12:56:28,134: +PUB [/camera/depth/image_raw/theora/parameter_updates] /camera/nodelet_manager http://LYC-UP:45583/
[rosmaster.master][INFO] 2017-01-25 12:56:28,147: +PARAM [/camera/depth/image_raw/theora/optimize_for] by /camera/nodelet_manager
[rosmaster.master][INFO] 2017-01-25 12:56:28,150: +PARAM [/camera/depth/image_raw/theora/target_bitrate] by /camera/nodelet_manager
[rosmaster.master][INFO] 2017-01-25 12:56:28,153: +PARAM [/camera/depth/image_raw/theora/quality] by /camera/nodelet_manager
[rosmaster.master][INFO] 2017-01-25 12:56:28,155: +PARAM [/camera/depth/image_raw/theora/keyframe_frequency] by /camera/nodelet_manager
[rosmaster.master][INFO] 2017-01-25 12:56:28,159: +PARAM [/camera/depth/image_raw/theora/optimize_for] by /camera/nodelet_manager
[rosmaster.master][INFO] 2017-01-25 12:56:28,162: +PARAM [/camera/depth/image_raw/theora/target_bitrate] by /camera/nodelet_manager
[rosmaster.master][INFO] 2017-01-25 12:56:28,164: +PARAM [/camera/depth/image_raw/theora/quality] by /camera/nodelet_manager
[rosmaster.master][INFO] 2017-01-25 12:56:28,167: +PARAM [/camera/depth/image_raw/theora/keyframe_frequency] by /camera/nodelet_manager
[rosmaster.master][INFO] 2017-01-25 12:56:28,170: +PUB [/camera/depth/camera_info] /camera/nodelet_manager http://LYC-UP:45583/
[rosmaster.master][INFO] 2017-01-25 12:56:28,173: +PUB [/camera/depth/points] /camera/nodelet_manager http://LYC-UP:45583/
[rosmaster.master][INFO] 2017-01-25 12:56:28,266: +PUB [/camera/ir/image_raw/compressedDepth] /camera/nodelet_manager http://LYC-UP:45583/
[rosmaster.master][INFO] 2017-01-25 12:56:28,270: +SERVICE [/camera/ir/image_raw/compressedDepth/set_parameters] /camera/nodelet_manager http://LYC-UP:45583/
[rosmaster.master][INFO] 2017-01-25 12:56:28,273: +PUB [/camera/ir/image_raw/compressedDepth/parameter_descriptions] /camera/nodelet_manager http://LYC-UP:45583/
[rosmaster.master][INFO] 2017-01-25 12:56:28,276: +PUB [/camera/ir/image_raw/compressedDepth/parameter_updates] /camera/nodelet_manager http://LYC-UP:45583/
[rosmaster.master][INFO] 2017-01-25 12:56:28,287: +PARAM [/camera/ir/image_raw/compressedDepth/depth_max] by /camera/nodelet_manager
[rosmaster.master][INFO] 2017-01-25 12:56:28,289: +PARAM [/camera/ir/image_raw/compressedDepth/depth_quantization] by /camera/nodelet_manager
[rosmaster.master][INFO] 2017-01-25 12:56:28,292: +PARAM [/camera/ir/image_raw/compressedDepth/png_level] by /camera/nodelet_manager
[rosmaster.master][INFO] 2017-01-25 12:56:28,295: +PARAM [/camera/ir/image_raw/compressedDepth/depth_max] by /camera/nodelet_manager
[rosmaster.master][INFO] 2017-01-25 12:56:28,298: +PARAM [/camera/ir/image_raw/compressedDepth/depth_quantization] by /camera/nodelet_manager
[rosmaster.master][INFO] 2017-01-25 12:56:28,301: +PARAM [/camera/ir/image_raw/compressedDepth/png_level] by /camera/nodelet_manager
[rosmaster.master][INFO] 2017-01-25 12:56:28,390: +PUB [/camera/ir/image_raw/compressed] /camera/nodelet_manager http://LYC-UP:45583/
[rosmaster.master][INFO] 2017-01-25 12:56:28,393: +SERVICE [/camera/ir/image_raw/compressed/set_parameters] /camera/nodelet_manager http://LYC-UP:45583/
[rosmaster.master][INFO] 2017-01-25 12:56:28,396: +PUB [/camera/ir/image_raw/compressed/parameter_descriptions] /camera/nodelet_manager http://LYC-UP:45583/
[rosmaster.master][INFO] 2017-01-25 12:56:28,398: +PUB [/camera/ir/image_raw/compressed/parameter_updates] /camera/nodelet_manager http://LYC-UP:45583/
[rosmaster.master][INFO] 2017-01-25 12:56:28,408: +PARAM [/camera/ir/image_raw/compressed/format] by /camera/nodelet_manager
[rosmaster.master][INFO] 2017-01-25 12:56:28,411: +PARAM [/camera/ir/image_raw/compressed/jpeg_quality] by /camera/nodelet_manager
[rosmaster.master][INFO] 2017-01-25 12:56:28,413: +PARAM [/camera/ir/image_raw/compressed/png_level] by /camera/nodelet_manager
[rosmaster.master][INFO] 2017-01-25 12:56:28,416: +PARAM [/camera/ir/image_raw/compressed/format] by /camera/nodelet_manager
[rosmaster.master][INFO] 2017-01-25 12:56:28,419: +PARAM [/camera/ir/image_raw/compressed/jpeg_quality] by /camera/nodelet_manager
[rosmaster.master][INFO] 2017-01-25 12:56:28,422: +PARAM [/camera/ir/image_raw/compressed/png_level] by /camera/nodelet_manager
[rosmaster.master][INFO] 2017-01-25 12:56:28,510: +PUB [/camera/ir/image_raw] /camera/nodelet_manager http://LYC-UP:45583/
[rosmaster.master][INFO] 2017-01-25 12:56:28,601: +PUB [/camera/ir/image_raw/theora] /camera/nodelet_manager http://LYC-UP:45583/
[rosmaster.master][INFO] 2017-01-25 12:56:28,604: +SERVICE [/camera/ir/image_raw/theora/set_parameters] /camera/nodelet_manager http://LYC-UP:45583/
[rosmaster.master][INFO] 2017-01-25 12:56:28,609: +PUB [/camera/ir/image_raw/theora/parameter_descriptions] /camera/nodelet_manager http://LYC-UP:45583/
[rosmaster.master][INFO] 2017-01-25 12:56:28,615: +PUB [/camera/ir/image_raw/theora/parameter_updates] /camera/nodelet_manager http://LYC-UP:45583/
[rosmaster.master][INFO] 2017-01-25 12:56:28,631: +PARAM [/camera/ir/image_raw/theora/optimize_for] by /camera/nodelet_manager
[rosmaster.master][INFO] 2017-01-25 12:56:28,633: +PARAM [/camera/ir/image_raw/theora/target_bitrate] by /camera/nodelet_manager
[rosmaster.master][INFO] 2017-01-25 12:56:28,636: +PARAM [/camera/ir/image_raw/theora/quality] by /camera/nodelet_manager
[rosmaster.master][INFO] 2017-01-25 12:56:28,639: +PARAM [/camera/ir/image_raw/theora/keyframe_frequency] by /camera/nodelet_manager
[rosmaster.master][INFO] 2017-01-25 12:56:28,641: +PARAM [/camera/ir/image_raw/theora/optimize_for] by /camera/nodelet_manager
[rosmaster.master][INFO] 2017-01-25 12:56:28,644: +PARAM [/camera/ir/image_raw/theora/target_bitrate] by /camera/nodelet_manager
[rosmaster.master][INFO] 2017-01-25 12:56:28,647: +PARAM [/camera/ir/image_raw/theora/quality] by /camera/nodelet_manager
[rosmaster.master][INFO] 2017-01-25 12:56:28,650: +PARAM [/camera/ir/image_raw/theora/keyframe_frequency] by /camera/nodelet_manager
[rosmaster.master][INFO] 2017-01-25 12:56:28,653: +PUB [/camera/ir/camera_info] /camera/nodelet_manager http://LYC-UP:45583/
[rosmaster.master][INFO] 2017-01-25 12:56:28,748: +PUB [/camera/ir2/image_raw/compressedDepth] /camera/nodelet_manager http://LYC-UP:45583/
[rosmaster.master][INFO] 2017-01-25 12:56:28,751: +SERVICE [/camera/ir2/image_raw/compressedDepth/set_parameters] /camera/nodelet_manager http://LYC-UP:45583/
[rosmaster.master][INFO] 2017-01-25 12:56:28,754: +PUB [/camera/ir2/image_raw/compressedDepth/parameter_descriptions] /camera/nodelet_manager http://LYC-UP:45583/
[rosmaster.master][INFO] 2017-01-25 12:56:28,757: +PUB [/camera/ir2/image_raw/compressedDepth/parameter_updates] /camera/nodelet_manager http://LYC-UP:45583/
[rosmaster.master][INFO] 2017-01-25 12:56:28,767: +PARAM [/camera/ir2/image_raw/compressedDepth/depth_max] by /camera/nodelet_manager
[rosmaster.master][INFO] 2017-01-25 12:56:28,770: +PARAM [/camera/ir2/image_raw/compressedDepth/depth_quantization] by /camera/nodelet_manager
[rosmaster.master][INFO] 2017-01-25 12:56:28,773: +PARAM [/camera/ir2/image_raw/compressedDepth/png_level] by /camera/nodelet_manager
[rosmaster.master][INFO] 2017-01-25 12:56:28,776: +PARAM [/camera/ir2/image_raw/compressedDepth/depth_max] by /camera/nodelet_manager
[rosmaster.master][INFO] 2017-01-25 12:56:28,779: +PARAM [/camera/ir2/image_raw/compressedDepth/depth_quantization] by /camera/nodelet_manager
[rosmaster.master][INFO] 2017-01-25 12:56:28,782: +PARAM [/camera/ir2/image_raw/compressedDepth/png_level] by /camera/nodelet_manager
[rosmaster.master][INFO] 2017-01-25 12:56:28,872: +PUB [/camera/ir2/image_raw/compressed] /camera/nodelet_manager http://LYC-UP:45583/
[rosmaster.master][INFO] 2017-01-25 12:56:28,875: +SERVICE [/camera/ir2/image_raw/compressed/set_parameters] /camera/nodelet_manager http://LYC-UP:45583/
[rosmaster.master][INFO] 2017-01-25 12:56:28,879: +PUB [/camera/ir2/image_raw/compressed/parameter_descriptions] /camera/nodelet_manager http://LYC-UP:45583/
[rosmaster.master][INFO] 2017-01-25 12:56:28,882: +PUB [/camera/ir2/image_raw/compressed/parameter_updates] /camera/nodelet_manager http://LYC-UP:45583/
[rosmaster.master][INFO] 2017-01-25 12:56:28,892: +PARAM [/camera/ir2/image_raw/compressed/format] by /camera/nodelet_manager
[rosmaster.master][INFO] 2017-01-25 12:56:28,894: +PARAM [/camera/ir2/image_raw/compressed/jpeg_quality] by /camera/nodelet_manager
[rosmaster.master][INFO] 2017-01-25 12:56:28,897: +PARAM [/camera/ir2/image_raw/compressed/png_level] by /camera/nodelet_manager
[rosmaster.master][INFO] 2017-01-25 12:56:28,900: +PARAM [/camera/ir2/image_raw/compressed/format] by /camera/nodelet_manager
[rosmaster.master][INFO] 2017-01-25 12:56:28,903: +PARAM [/camera/ir2/image_raw/compressed/jpeg_quality] by /camera/nodelet_manager
[rosmaster.master][INFO] 2017-01-25 12:56:28,906: +PARAM [/camera/ir2/image_raw/compressed/png_level] by /camera/nodelet_manager
[rosmaster.master][INFO] 2017-01-25 12:56:28,995: +PUB [/camera/ir2/image_raw] /camera/nodelet_manager http://LYC-UP:45583/
[rosmaster.master][INFO] 2017-01-25 12:56:29,086: +PUB [/camera/ir2/image_raw/theora] /camera/nodelet_manager http://LYC-UP:45583/
[rosmaster.master][INFO] 2017-01-25 12:56:29,090: +SERVICE [/camera/ir2/image_raw/theora/set_parameters] /camera/nodelet_manager http://LYC-UP:45583/
[rosmaster.master][INFO] 2017-01-25 12:56:29,093: +PUB [/camera/ir2/image_raw/theora/parameter_descriptions] /camera/nodelet_manager http://LYC-UP:45583/
[rosmaster.master][INFO] 2017-01-25 12:56:29,097: +PUB [/camera/ir2/image_raw/theora/parameter_updates] /camera/nodelet_manager http://LYC-UP:45583/
[rosmaster.master][INFO] 2017-01-25 12:56:29,111: +PARAM [/camera/ir2/image_raw/theora/optimize_for] by /camera/nodelet_manager
[rosmaster.master][INFO] 2017-01-25 12:56:29,113: +PARAM [/camera/ir2/image_raw/theora/target_bitrate] by /camera/nodelet_manager
[rosmaster.master][INFO] 2017-01-25 12:56:29,116: +PARAM [/camera/ir2/image_raw/theora/quality] by /camera/nodelet_manager
[rosmaster.master][INFO] 2017-01-25 12:56:29,119: +PARAM [/camera/ir2/image_raw/theora/keyframe_frequency] by /camera/nodelet_manager
[rosmaster.master][INFO] 2017-01-25 12:56:29,122: +PARAM [/camera/ir2/image_raw/theora/optimize_for] by /camera/nodelet_manager
[rosmaster.master][INFO] 2017-01-25 12:56:29,124: +PARAM [/camera/ir2/image_raw/theora/target_bitrate] by /camera/nodelet_manager
[rosmaster.master][INFO] 2017-01-25 12:56:29,127: +PARAM [/camera/ir2/image_raw/theora/quality] by /camera/nodelet_manager
[rosmaster.master][INFO] 2017-01-25 12:56:29,130: +PARAM [/camera/ir2/image_raw/theora/keyframe_frequency] by /camera/nodelet_manager
[rosmaster.master][INFO] 2017-01-25 12:56:29,133: +PUB [/camera/ir2/camera_info] /camera/nodelet_manager http://LYC-UP:45583/
[rosmaster.master][INFO] 2017-01-25 12:56:29,136: +SERVICE [/camera/driver/get_settings] /camera/nodelet_manager http://LYC-UP:45583/
[rosmaster.master][INFO] 2017-01-25 12:56:29,139: +SERVICE [/camera/driver/set_power] /camera/nodelet_manager http://LYC-UP:45583/
[rosmaster.master][INFO] 2017-01-25 12:56:29,141: +SERVICE [/camera/driver/force_power] /camera/nodelet_manager http://LYC-UP:45583/
[rosmaster.master][INFO] 2017-01-25 12:56:29,144: +SERVICE [/camera/driver/is_powered] /camera/nodelet_manager http://LYC-UP:45583/
[rosmaster.master][INFO] 2017-01-25 12:56:29,148: +SERVICE [/camera/driver/set_parameters] /camera/nodelet_manager http://LYC-UP:45583/
[rosmaster.master][INFO] 2017-01-25 12:56:29,151: +PUB [/camera/driver/parameter_descriptions] /camera/nodelet_manager http://LYC-UP:45583/
[rosmaster.master][INFO] 2017-01-25 12:56:29,154: +PUB [/camera/driver/parameter_updates] /camera/nodelet_manager http://LYC-UP:45583/
[rosmaster.master][INFO] 2017-01-25 12:56:29,222: +PARAM [/camera/driver/enable_depth] by /camera/nodelet_manager
[rosmaster.master][INFO] 2017-01-25 12:56:29,224: +PARAM [/camera/driver/color_backlight_compensation] by /camera/nodelet_manager
[rosmaster.master][INFO] 2017-01-25 12:56:29,227: +PARAM [/camera/driver/color_brightness] by /camera/nodelet_manager
[rosmaster.master][INFO] 2017-01-25 12:56:29,230: +PARAM [/camera/driver/color_contrast] by /camera/nodelet_manager
[rosmaster.master][INFO] 2017-01-25 12:56:29,232: +PARAM [/camera/driver/color_gain] by /camera/nodelet_manager
[rosmaster.master][INFO] 2017-01-25 12:56:29,235: +PARAM [/camera/driver/color_gamma] by /camera/nodelet_manager
[rosmaster.master][INFO] 2017-01-25 12:56:29,238: +PARAM [/camera/driver/color_hue] by /camera/nodelet_manager
[rosmaster.master][INFO] 2017-01-25 12:56:29,241: +PARAM [/camera/driver/color_saturation] by /camera/nodelet_manager
[rosmaster.master][INFO] 2017-01-25 12:56:29,244: +PARAM [/camera/driver/color_sharpness] by /camera/nodelet_manager
[rosmaster.master][INFO] 2017-01-25 12:56:29,246: +PARAM [/camera/driver/color_white_balance] by /camera/nodelet_manager
[rosmaster.master][INFO] 2017-01-25 12:56:29,249: +PARAM [/camera/driver/color_enable_auto_white_balance] by /camera/nodelet_manager
[rosmaster.master][INFO] 2017-01-25 12:56:29,252: +PARAM [/camera/driver/r200_lr_auto_exposure_enabled] by /camera/nodelet_manager
[rosmaster.master][INFO] 2017-01-25 12:56:29,255: +PARAM [/camera/driver/r200_lr_gain] by /camera/nodelet_manager
[rosmaster.master][INFO] 2017-01-25 12:56:29,257: +PARAM [/camera/driver/r200_lr_exposure] by /camera/nodelet_manager
[rosmaster.master][INFO] 2017-01-25 12:56:29,261: +PARAM [/camera/driver/r200_emitter_enabled] by /camera/nodelet_manager
[rosmaster.master][INFO] 2017-01-25 12:56:29,264: +PARAM [/camera/driver/r200_auto_exposure_top_edge] by /camera/nodelet_manager
[rosmaster.master][INFO] 2017-01-25 12:56:29,268: +PARAM [/camera/driver/r200_auto_exposure_bottom_edge] by /camera/nodelet_manager
[rosmaster.master][INFO] 2017-01-25 12:56:29,270: +PARAM [/camera/driver/r200_auto_exposure_left_edge] by /camera/nodelet_manager
[rosmaster.master][INFO] 2017-01-25 12:56:29,274: +PARAM [/camera/driver/r200_auto_exposure_right_edge] by /camera/nodelet_manager
[rosmaster.master][INFO] 2017-01-25 12:56:29,277: +PARAM [/camera/driver/r200_dc_preset] by /camera/nodelet_manager
[rosmaster.master][INFO] 2017-01-25 12:56:29,280: +PARAM [/camera/driver/r200_dc_estimate_median_decrement] by /camera/nodelet_manager
[rosmaster.master][INFO] 2017-01-25 12:56:29,283: +PARAM [/camera/driver/r200_dc_estimate_median_increment] by /camera/nodelet_manager
[rosmaster.master][INFO] 2017-01-25 12:56:29,286: +PARAM [/camera/driver/r200_dc_median_threshold] by /camera/nodelet_manager
[rosmaster.master][INFO] 2017-01-25 12:56:29,288: +PARAM [/camera/driver/r200_dc_score_minimum_threshold] by /camera/nodelet_manager
[rosmaster.master][INFO] 2017-01-25 12:56:29,291: +PARAM [/camera/driver/r200_dc_score_maximum_threshold] by /camera/nodelet_manager
[rosmaster.master][INFO] 2017-01-25 12:56:29,293: +PARAM [/camera/driver/r200_dc_texture_count_threshold] by /camera/nodelet_manager
[rosmaster.master][INFO] 2017-01-25 12:56:29,296: +PARAM [/camera/driver/r200_dc_texture_difference_threshold] by /camera/nodelet_manager
[rosmaster.master][INFO] 2017-01-25 12:56:29,299: +PARAM [/camera/driver/r200_dc_second_peak_threshold] by /camera/nodelet_manager
[rosmaster.master][INFO] 2017-01-25 12:56:29,301: +PARAM [/camera/driver/r200_dc_neighbor_threshold] by /camera/nodelet_manager
[rosmaster.master][INFO] 2017-01-25 12:56:29,304: +PARAM [/camera/driver/r200_dc_lr_threshold] by /camera/nodelet_manager
[rosmaster.master][INFO] 2017-01-25 12:56:30,177: +PARAM [/camera/driver/enable_depth] by /camera/nodelet_manager
[rosmaster.master][INFO] 2017-01-25 12:56:30,185: +PARAM [/camera/driver/color_backlight_compensation] by /camera/nodelet_manager
[rosmaster.master][INFO] 2017-01-25 12:56:30,188: +PARAM [/camera/driver/color_brightness] by /camera/nodelet_manager
[rosmaster.master][INFO] 2017-01-25 12:56:30,193: +PARAM [/camera/driver/color_contrast] by /camera/nodelet_manager
[rosmaster.master][INFO] 2017-01-25 12:56:30,198: +PARAM [/camera/driver/color_gain] by /camera/nodelet_manager
[rosmaster.master][INFO] 2017-01-25 12:56:30,202: +PARAM [/camera/driver/color_gamma] by /camera/nodelet_manager
[rosmaster.master][INFO] 2017-01-25 12:56:30,209: +PARAM [/camera/driver/color_hue] by /camera/nodelet_manager
[rosmaster.master][INFO] 2017-01-25 12:56:30,214: +PARAM [/camera/driver/color_saturation] by /camera/nodelet_manager
[rosmaster.master][INFO] 2017-01-25 12:56:30,218: +PARAM [/camera/driver/color_sharpness] by /camera/nodelet_manager
[rosmaster.master][INFO] 2017-01-25 12:56:30,221: +PARAM [/camera/driver/color_white_balance] by /camera/nodelet_manager
[rosmaster.master][INFO] 2017-01-25 12:56:30,224: +PARAM [/camera/driver/color_enable_auto_white_balance] by /camera/nodelet_manager
[rosmaster.master][INFO] 2017-01-25 12:56:30,228: +PARAM [/camera/driver/r200_lr_auto_exposure_enabled] by /camera/nodelet_manager
[rosmaster.master][INFO] 2017-01-25 12:56:30,233: +PARAM [/camera/driver/r200_lr_gain] by /camera/nodelet_manager
[rosmaster.master][INFO] 2017-01-25 12:56:30,237: +PARAM [/camera/driver/r200_lr_exposure] by /camera/nodelet_manager
[rosmaster.master][INFO] 2017-01-25 12:56:30,242: +PARAM [/camera/driver/r200_emitter_enabled] by /camera/nodelet_manager
[rosmaster.master][INFO] 2017-01-25 12:56:30,245: +PARAM [/camera/driver/r200_auto_exposure_top_edge] by /camera/nodelet_manager
[rosmaster.master][INFO] 2017-01-25 12:56:30,248: +PARAM [/camera/driver/r200_auto_exposure_bottom_edge] by /camera/nodelet_manager
[rosmaster.master][INFO] 2017-01-25 12:56:30,251: +PARAM [/camera/driver/r200_auto_exposure_left_edge] by /camera/nodelet_manager
[rosmaster.master][INFO] 2017-01-25 12:56:30,254: +PARAM [/camera/driver/r200_auto_exposure_right_edge] by /camera/nodelet_manager
[rosmaster.master][INFO] 2017-01-25 12:56:30,257: +PARAM [/camera/driver/r200_dc_preset] by /camera/nodelet_manager
[rosmaster.master][INFO] 2017-01-25 12:56:30,263: +PARAM [/camera/driver/r200_dc_estimate_median_decrement] by /camera/nodelet_manager
[rosmaster.master][INFO] 2017-01-25 12:56:30,265: +PARAM [/camera/driver/r200_dc_estimate_median_increment] by /camera/nodelet_manager
[rosmaster.master][INFO] 2017-01-25 12:56:30,269: +PARAM [/camera/driver/r200_dc_median_threshold] by /camera/nodelet_manager
[rosmaster.master][INFO] 2017-01-25 12:56:30,272: +PARAM [/camera/driver/r200_dc_score_minimum_threshold] by /camera/nodelet_manager
[rosmaster.master][INFO] 2017-01-25 12:56:30,275: +PARAM [/camera/driver/r200_dc_score_maximum_threshold] by /camera/nodelet_manager
[rosmaster.master][INFO] 2017-01-25 12:56:30,278: +PARAM [/camera/driver/r200_dc_texture_count_threshold] by /camera/nodelet_manager
[rosmaster.master][INFO] 2017-01-25 12:56:30,281: +PARAM [/camera/driver/r200_dc_texture_difference_threshold] by /camera/nodelet_manager
[rosmaster.master][INFO] 2017-01-25 12:56:30,285: +PARAM [/camera/driver/r200_dc_second_peak_threshold] by /camera/nodelet_manager
[rosmaster.master][INFO] 2017-01-25 12:56:30,287: +PARAM [/camera/driver/r200_dc_neighbor_threshold] by /camera/nodelet_manager
[rosmaster.master][INFO] 2017-01-25 12:56:30,291: +PARAM [/camera/driver/r200_dc_lr_threshold] by /camera/nodelet_manager
[rosmaster.master][INFO] 2017-01-25 12:56:30,295: +PUB [/camera/nodelet_manager/bond] /camera/nodelet_manager http://LYC-UP:45583/
[rosmaster.master][INFO] 2017-01-25 12:56:30,309: +SUB [/camera/nodelet_manager/bond] /camera/nodelet_manager http://LYC-UP:45583/
[rosmaster.master][INFO] 2017-01-25 12:56:30,378: +PUB [/camera/nodelet_manager/bond] /camera/driver http://LYC-UP:40168/
[rosmaster.master][INFO] 2017-01-25 12:56:30,383: publisherUpdate[/camera/nodelet_manager/bond] -> http://LYC-UP:45583/
[rosmaster.master][INFO] 2017-01-25 12:56:30,400: +SUB [/camera/nodelet_manager/bond] /camera/driver http://LYC-UP:40168/
[rosmaster.master][INFO] 2017-01-25 12:56:32,983: +PUB [/rosout] /camera/dynparam_7774_1485320192773 http://LYC-UP:46213/
[rosmaster.master][INFO] 2017-01-25 12:56:32,992: publisherUpdate[/rosout] -> http://LYC-UP:43061/
[rosmaster.master][INFO] 2017-01-25 12:56:32,998: +SERVICE [/camera/dynparam_7774_1485320192773/get_loggers] /camera/dynparam_7774_1485320192773 http://LYC-UP:46213/
[rosmaster.master][INFO] 2017-01-25 12:56:33,003: +SERVICE [/camera/dynparam_7774_1485320192773/set_logger_level] /camera/dynparam_7774_1485320192773 http://LYC-UP:46213/
[rosmaster.master][INFO] 2017-01-25 12:56:33,017: +SUB [/camera/driver/parameter_descriptions] /camera/dynparam_7774_1485320192773 http://LYC-UP:46213/
[rosmaster.master][INFO] 2017-01-25 12:56:33,029: +SUB [/camera/driver/parameter_updates] /camera/dynparam_7774_1485320192773 http://LYC-UP:46213/
[rosmaster.master][INFO] 2017-01-25 12:56:33,092: +PARAM [/camera/driver/enable_depth] by /camera/nodelet_manager
[rosmaster.master][INFO] 2017-01-25 12:56:33,097: +PARAM [/camera/driver/color_backlight_compensation] by /camera/nodelet_manager
[rosmaster.master][INFO] 2017-01-25 12:56:33,100: +PARAM [/camera/driver/color_brightness] by /camera/nodelet_manager
[rosmaster.master][INFO] 2017-01-25 12:56:33,105: +PARAM [/camera/driver/color_contrast] by /camera/nodelet_manager
[rosmaster.master][INFO] 2017-01-25 12:56:33,111: +PARAM [/camera/driver/color_gain] by /camera/nodelet_manager
[rosmaster.master][INFO] 2017-01-25 12:56:33,115: +PARAM [/camera/driver/color_gamma] by /camera/nodelet_manager
[rosmaster.master][INFO] 2017-01-25 12:56:33,117: +PARAM [/camera/driver/color_hue] by /camera/nodelet_manager
[rosmaster.master][INFO] 2017-01-25 12:56:33,120: +PARAM [/camera/driver/color_saturation] by /camera/nodelet_manager
[rosmaster.master][INFO] 2017-01-25 12:56:33,123: +PARAM [/camera/driver/color_sharpness] by /camera/nodelet_manager
[rosmaster.master][INFO] 2017-01-25 12:56:33,125: +PARAM [/camera/driver/color_white_balance] by /camera/nodelet_manager
[rosmaster.master][INFO] 2017-01-25 12:56:33,128: +PARAM [/camera/driver/color_enable_auto_white_balance] by /camera/nodelet_manager
[rosmaster.master][INFO] 2017-01-25 12:56:33,131: +PARAM [/camera/driver/r200_lr_auto_exposure_enabled] by /camera/nodelet_manager
[rosmaster.master][INFO] 2017-01-25 12:56:33,134: +PARAM [/camera/driver/r200_lr_gain] by /camera/nodelet_manager
[rosmaster.master][INFO] 2017-01-25 12:56:33,136: +PARAM [/camera/driver/r200_lr_exposure] by /camera/nodelet_manager
[rosmaster.master][INFO] 2017-01-25 12:56:33,139: +PARAM [/camera/driver/r200_emitter_enabled] by /camera/nodelet_manager
[rosmaster.master][INFO] 2017-01-25 12:56:33,142: +PARAM [/camera/driver/r200_auto_exposure_top_edge] by /camera/nodelet_manager
[rosmaster.master][INFO] 2017-01-25 12:56:33,145: +PARAM [/camera/driver/r200_auto_exposure_bottom_edge] by /camera/nodelet_manager
[rosmaster.master][INFO] 2017-01-25 12:56:33,148: +PARAM [/camera/driver/r200_auto_exposure_left_edge] by /camera/nodelet_manager
[rosmaster.master][INFO] 2017-01-25 12:56:33,151: +PARAM [/camera/driver/r200_auto_exposure_right_edge] by /camera/nodelet_manager
[rosmaster.master][INFO] 2017-01-25 12:56:33,153: +PARAM [/camera/driver/r200_dc_preset] by /camera/nodelet_manager
[rosmaster.master][INFO] 2017-01-25 12:56:33,156: +PARAM [/camera/driver/r200_dc_estimate_median_decrement] by /camera/nodelet_manager
[rosmaster.master][INFO] 2017-01-25 12:56:33,159: +PARAM [/camera/driver/r200_dc_estimate_median_increment] by /camera/nodelet_manager
[rosmaster.master][INFO] 2017-01-25 12:56:33,162: +PARAM [/camera/driver/r200_dc_median_threshold] by /camera/nodelet_manager
[rosmaster.master][INFO] 2017-01-25 12:56:33,165: +PARAM [/camera/driver/r200_dc_score_minimum_threshold] by /camera/nodelet_manager
[rosmaster.master][INFO] 2017-01-25 12:56:33,168: +PARAM [/camera/driver/r200_dc_score_maximum_threshold] by /camera/nodelet_manager
[rosmaster.master][INFO] 2017-01-25 12:56:33,171: +PARAM [/camera/driver/r200_dc_texture_count_threshold] by /camera/nodelet_manager
[rosmaster.master][INFO] 2017-01-25 12:56:33,174: +PARAM [/camera/driver/r200_dc_texture_difference_threshold] by /camera/nodelet_manager
[rosmaster.master][INFO] 2017-01-25 12:56:33,178: +PARAM [/camera/driver/r200_dc_second_peak_threshold] by /camera/nodelet_manager
[rosmaster.master][INFO] 2017-01-25 12:56:33,181: +PARAM [/camera/driver/r200_dc_neighbor_threshold] by /camera/nodelet_manager
[rosmaster.master][INFO] 2017-01-25 12:56:33,184: +PARAM [/camera/driver/r200_dc_lr_threshold] by /camera/nodelet_manager
[rosmaster.master][INFO] 2017-01-25 12:56:33,196: -SUB [/camera/driver/parameter_updates] /camera/dynparam_7774_1485320192773 http://LYC-UP:46213/
[rosmaster.master][INFO] 2017-01-25 12:56:33,197: -SUB [/camera/driver/parameter_descriptions] /camera/dynparam_7774_1485320192773 http://LYC-UP:46213/
[rosmaster.master][INFO] 2017-01-25 12:56:33,198: -PUB [/rosout] /camera/dynparam_7774_1485320192773 http://LYC-UP:46213/
[rosmaster.master][INFO] 2017-01-25 12:56:33,199: -SERVICE [/camera/dynparam_7774_1485320192773/get_loggers] /camera/dynparam_7774_1485320192773 rosrpc://LYC-UP:43605
[rosmaster.master][INFO] 2017-01-25 12:56:33,200: -SERVICE [/camera/dynparam_7774_1485320192773/set_logger_level] /camera/dynparam_7774_1485320192773 rosrpc://LYC-UP:43605
[rosmaster.master][INFO] 2017-01-25 12:56:33,275: publisherUpdate[/rosout] -> http://LYC-UP:43061/
[rosmaster.master][INFO] 2017-01-25 12:57:37,875: -PUB [/rosout] /camera/nodelet_manager http://LYC-UP:45583/
[rosmaster.master][INFO] 2017-01-25 12:57:37,878: -PUB [/tf_static] /camera/nodelet_manager http://LYC-UP:45583/
[rosmaster.master][INFO] 2017-01-25 12:57:37,881: -PUB [/camera/color/image_raw/compressedDepth] /camera/nodelet_manager http://LYC-UP:45583/
[rosmaster.master][INFO] 2017-01-25 12:57:37,885: -PUB [/camera/color/image_raw/compressedDepth/parameter_descriptions] /camera/nodelet_manager http://LYC-UP:45583/
[rosmaster.master][INFO] 2017-01-25 12:57:37,888: -PUB [/camera/color/image_raw/compressedDepth/parameter_updates] /camera/nodelet_manager http://LYC-UP:45583/
[rosmaster.master][INFO] 2017-01-25 12:57:37,891: -PUB [/camera/color/image_raw/compressed] /camera/nodelet_manager http://LYC-UP:45583/
[rosmaster.master][INFO] 2017-01-25 12:57:37,894: -PUB [/camera/color/image_raw/compressed/parameter_descriptions] /camera/nodelet_manager http://LYC-UP:45583/
[rosmaster.master][INFO] 2017-01-25 12:57:37,897: -PUB [/camera/color/image_raw/compressed/parameter_updates] /camera/nodelet_manager http://LYC-UP:45583/
[rosmaster.master][INFO] 2017-01-25 12:57:37,900: -PUB [/camera/color/image_raw] /camera/nodelet_manager http://LYC-UP:45583/
[rosmaster.master][INFO] 2017-01-25 12:57:37,903: -PUB [/camera/color/image_raw/theora] /camera/nodelet_manager http://LYC-UP:45583/
[rosmaster.master][INFO] 2017-01-25 12:57:37,906: -PUB [/camera/color/image_raw/theora/parameter_descriptions] /camera/nodelet_manager http://LYC-UP:45583/
[rosmaster.master][INFO] 2017-01-25 12:57:37,909: -PUB [/camera/color/image_raw/theora/parameter_updates] /camera/nodelet_manager http://LYC-UP:45583/
[rosmaster.master][INFO] 2017-01-25 12:57:37,911: -PUB [/camera/color/camera_info] /camera/nodelet_manager http://LYC-UP:45583/
[rosmaster.master][INFO] 2017-01-25 12:57:37,915: -PUB [/camera/depth/image_raw/compressedDepth] /camera/nodelet_manager http://LYC-UP:45583/
[rosmaster.master][INFO] 2017-01-25 12:57:37,916: publisherUpdate[/rosout] -> http://LYC-UP:43061/
[rosmaster.master][INFO] 2017-01-25 12:57:37,919: -PUB [/camera/depth/image_raw/compressedDepth/parameter_descriptions] /camera/nodelet_manager http://LYC-UP:45583/
[rosmaster.master][INFO] 2017-01-25 12:57:37,922: -PUB [/camera/depth/image_raw/compressedDepth/parameter_updates] /camera/nodelet_manager http://LYC-UP:45583/
[rosmaster.master][INFO] 2017-01-25 12:57:37,926: -PUB [/camera/depth/image_raw/compressed] /camera/nodelet_manager http://LYC-UP:45583/
[rosmaster.master][INFO] 2017-01-25 12:57:37,932: -PUB [/camera/depth/image_raw/compressed/parameter_descriptions] /camera/nodelet_manager http://LYC-UP:45583/
[rosmaster.master][INFO] 2017-01-25 12:57:37,934: -PUB [/camera/depth/image_raw/compressed/parameter_updates] /camera/nodelet_manager http://LYC-UP:45583/
[rosmaster.master][INFO] 2017-01-25 12:57:37,937: -PUB [/camera/depth/image_raw] /camera/nodelet_manager http://LYC-UP:45583/
[rosmaster.master][INFO] 2017-01-25 12:57:37,940: -PUB [/camera/depth/image_raw/theora] /camera/nodelet_manager http://LYC-UP:45583/
[rosmaster.master][INFO] 2017-01-25 12:57:37,942: -PUB [/camera/depth/image_raw/theora/parameter_descriptions] /camera/nodelet_manager http://LYC-UP:45583/
[rosmaster.master][INFO] 2017-01-25 12:57:37,945: -PUB [/camera/depth/image_raw/theora/parameter_updates] /camera/nodelet_manager http://LYC-UP:45583/
[rosmaster.master][INFO] 2017-01-25 12:57:37,948: -PUB [/camera/depth/camera_info] /camera/nodelet_manager http://LYC-UP:45583/
[rosmaster.master][INFO] 2017-01-25 12:57:37,951: -PUB [/camera/depth/points] /camera/nodelet_manager http://LYC-UP:45583/
[rosmaster.master][INFO] 2017-01-25 12:57:37,953: -PUB [/camera/ir/image_raw/compressedDepth] /camera/nodelet_manager http://LYC-UP:45583/
[rosmaster.master][INFO] 2017-01-25 12:57:37,956: -PUB [/camera/ir/image_raw/compressedDepth/parameter_descriptions] /camera/nodelet_manager http://LYC-UP:45583/
[rosmaster.master][INFO] 2017-01-25 12:57:37,959: -PUB [/camera/ir/image_raw/compressedDepth/parameter_updates] /camera/nodelet_manager http://LYC-UP:45583/
[rosmaster.master][INFO] 2017-01-25 12:57:37,962: -PUB [/camera/ir/image_raw/compressed] /camera/nodelet_manager http://LYC-UP:45583/
[rosmaster.master][INFO] 2017-01-25 12:57:37,965: -PUB [/camera/ir/image_raw/compressed/parameter_descriptions] /camera/nodelet_manager http://LYC-UP:45583/
[rosmaster.master][INFO] 2017-01-25 12:57:37,967: -PUB [/camera/ir/image_raw/compressed/parameter_updates] /camera/nodelet_manager http://LYC-UP:45583/
[rosmaster.master][INFO] 2017-01-25 12:57:37,970: -PUB [/camera/ir/image_raw] /camera/nodelet_manager http://LYC-UP:45583/
[rosmaster.master][INFO] 2017-01-25 12:57:37,973: -PUB [/camera/ir/image_raw/theora] /camera/nodelet_manager http://LYC-UP:45583/
[rosmaster.master][INFO] 2017-01-25 12:57:37,975: -PUB [/camera/ir/image_raw/theora/parameter_descriptions] /camera/nodelet_manager http://LYC-UP:45583/
[rosmaster.master][INFO] 2017-01-25 12:57:37,978: -PUB [/camera/ir/image_raw/theora/parameter_updates] /camera/nodelet_manager http://LYC-UP:45583/
[rosmaster.master][INFO] 2017-01-25 12:57:37,980: -PUB [/camera/ir/camera_info] /camera/nodelet_manager http://LYC-UP:45583/
[rosmaster.master][INFO] 2017-01-25 12:57:37,983: -PUB [/camera/ir2/image_raw/compressedDepth] /camera/nodelet_manager http://LYC-UP:45583/
[rosmaster.master][INFO] 2017-01-25 12:57:37,986: -PUB [/camera/ir2/image_raw/compressedDepth/parameter_descriptions] /camera/nodelet_manager http://LYC-UP:45583/
[rosmaster.master][INFO] 2017-01-25 12:57:37,989: -PUB [/camera/ir2/image_raw/compressedDepth/parameter_updates] /camera/nodelet_manager http://LYC-UP:45583/
[rosmaster.master][INFO] 2017-01-25 12:57:37,992: -PUB [/camera/ir2/image_raw/compressed] /camera/nodelet_manager http://LYC-UP:45583/
[rosmaster.master][INFO] 2017-01-25 12:57:37,994: -PUB [/camera/ir2/image_raw/compressed/parameter_descriptions] /camera/nodelet_manager http://LYC-UP:45583/
[rosmaster.master][INFO] 2017-01-25 12:57:37,997: -PUB [/camera/ir2/image_raw/compressed/parameter_updates] /camera/nodelet_manager http://LYC-UP:45583/
[rosmaster.master][INFO] 2017-01-25 12:57:37,999: -PUB [/camera/ir2/image_raw] /camera/nodelet_manager http://LYC-UP:45583/
[rosmaster.master][INFO] 2017-01-25 12:57:38,002: -PUB [/camera/ir2/image_raw/theora] /camera/nodelet_manager http://LYC-UP:45583/
[rosmaster.master][INFO] 2017-01-25 12:57:38,005: -PUB [/camera/ir2/image_raw/theora/parameter_descriptions] /camera/nodelet_manager http://LYC-UP:45583/
[rosmaster.master][INFO] 2017-01-25 12:57:38,008: -PUB [/camera/ir2/image_raw/theora/parameter_updates] /camera/nodelet_manager http://LYC-UP:45583/
[rosmaster.master][INFO] 2017-01-25 12:57:38,010: -PUB [/camera/ir2/camera_info] /camera/nodelet_manager http://LYC-UP:45583/
[rosmaster.master][INFO] 2017-01-25 12:57:38,013: -PUB [/camera/driver/parameter_descriptions] /camera/nodelet_manager http://LYC-UP:45583/
[rosmaster.master][INFO] 2017-01-25 12:57:38,015: -PUB [/camera/driver/parameter_updates] /camera/nodelet_manager http://LYC-UP:45583/
[rosmaster.master][INFO] 2017-01-25 12:57:38,019: -PUB [/camera/nodelet_manager/bond] /camera/nodelet_manager http://LYC-UP:45583/
[rosmaster.master][INFO] 2017-01-25 12:57:38,019: publisherUpdate[/camera/nodelet_manager/bond] -> http://LYC-UP:45583/
[rosmaster.master][INFO] 2017-01-25 12:57:38,027: publisherUpdate[/camera/nodelet_manager/bond] -> http://LYC-UP:40168/
[rosmaster.master][INFO] 2017-01-25 12:57:38,029: -SUB [/camera/nodelet_manager/bond] /camera/nodelet_manager http://LYC-UP:45583/
[rosmaster.master][INFO] 2017-01-25 12:57:38,037: -SERVICE [/camera/nodelet_manager/get_loggers] /camera/nodelet_manager rosrpc://LYC-UP:56342
[rosmaster.threadpool][ERROR] 2017-01-25 12:57:38,039: Traceback (most recent call last):
  File "/opt/ros/kinetic/lib/python2.7/dist-packages/rosmaster/threadpool.py", line 218, in run
    result = cmd(*args)
  File "/opt/ros/kinetic/lib/python2.7/dist-packages/rosmaster/master_api.py", line 208, in publisher_update_task
    xmlrpcapi(api).publisherUpdate('/master', topic, pub_uris)
  File "/usr/lib/python2.7/xmlrpclib.py", line 1243, in __call__
    return self.__send(self.__name, args)
  File "/usr/lib/python2.7/xmlrpclib.py", line 1602, in __request
    verbose=self.__verbose
  File "/usr/lib/python2.7/xmlrpclib.py", line 1283, in request
    return self.single_request(host, handler, request_body, verbose)
  File "/usr/lib/python2.7/xmlrpclib.py", line 1316, in single_request
    return self.parse_response(response)
  File "/usr/lib/python2.7/xmlrpclib.py", line 1493, in parse_response
    return u.close()
  File "/usr/lib/python2.7/xmlrpclib.py", line 800, in close
    raise Fault(**self._stack[0])
Fault: <Fault -1: 'publisherUpdate: unknown method name'>

[rosmaster.master][INFO] 2017-01-25 12:57:38,041: -SERVICE [/camera/nodelet_manager/set_logger_level] /camera/nodelet_manager rosrpc://LYC-UP:56342
[rosmaster.master][INFO] 2017-01-25 12:57:38,043: -SERVICE [/camera/nodelet_manager/load_nodelet] /camera/nodelet_manager rosrpc://LYC-UP:56342
[rosmaster.master][INFO] 2017-01-25 12:57:38,046: -SERVICE [/camera/nodelet_manager/unload_nodelet] /camera/nodelet_manager rosrpc://LYC-UP:56342
[rosmaster.master][INFO] 2017-01-25 12:57:38,048: -SERVICE [/camera/nodelet_manager/list] /camera/nodelet_manager rosrpc://LYC-UP:56342
[rosmaster.master][INFO] 2017-01-25 12:57:38,051: -SERVICE [/camera/color/image_raw/compressedDepth/set_parameters] /camera/nodelet_manager rosrpc://LYC-UP:56342
[rosmaster.master][INFO] 2017-01-25 12:57:38,054: -SERVICE [/camera/color/image_raw/compressed/set_parameters] /camera/nodelet_manager rosrpc://LYC-UP:56342
[rosmaster.master][INFO] 2017-01-25 12:57:38,056: -SERVICE [/camera/color/image_raw/theora/set_parameters] /camera/nodelet_manager rosrpc://LYC-UP:56342
[rosmaster.master][INFO] 2017-01-25 12:57:38,059: -SERVICE [/camera/depth/image_raw/compressedDepth/set_parameters] /camera/nodelet_manager rosrpc://LYC-UP:56342
[rosmaster.master][INFO] 2017-01-25 12:57:38,062: -SERVICE [/camera/depth/image_raw/compressed/set_parameters] /camera/nodelet_manager rosrpc://LYC-UP:56342
[rosmaster.master][INFO] 2017-01-25 12:57:38,064: -SERVICE [/camera/depth/image_raw/theora/set_parameters] /camera/nodelet_manager rosrpc://LYC-UP:56342
[rosmaster.master][INFO] 2017-01-25 12:57:38,067: -SERVICE [/camera/ir/image_raw/compressedDepth/set_parameters] /camera/nodelet_manager rosrpc://LYC-UP:56342
[rosmaster.master][INFO] 2017-01-25 12:57:38,070: -SERVICE [/camera/ir/image_raw/compressed/set_parameters] /camera/nodelet_manager rosrpc://LYC-UP:56342
[rosmaster.master][INFO] 2017-01-25 12:57:38,072: -SERVICE [/camera/ir/image_raw/theora/set_parameters] /camera/nodelet_manager rosrpc://LYC-UP:56342
[rosmaster.master][INFO] 2017-01-25 12:57:38,075: -SERVICE [/camera/ir2/image_raw/compressedDepth/set_parameters] /camera/nodelet_manager rosrpc://LYC-UP:56342
[rosmaster.master][INFO] 2017-01-25 12:57:38,077: -SERVICE [/camera/ir2/image_raw/compressed/set_parameters] /camera/nodelet_manager rosrpc://LYC-UP:56342
[rosmaster.master][INFO] 2017-01-25 12:57:38,080: -SERVICE [/camera/ir2/image_raw/theora/set_parameters] /camera/nodelet_manager rosrpc://LYC-UP:56342
[rosmaster.master][INFO] 2017-01-25 12:57:38,083: -SERVICE [/camera/driver/get_settings] /camera/nodelet_manager rosrpc://LYC-UP:56342
[rosmaster.master][INFO] 2017-01-25 12:57:38,085: -SERVICE [/camera/driver/set_power] /camera/nodelet_manager rosrpc://LYC-UP:56342
[rosmaster.master][INFO] 2017-01-25 12:57:38,088: -SERVICE [/camera/driver/force_power] /camera/nodelet_manager rosrpc://LYC-UP:56342
[rosmaster.master][INFO] 2017-01-25 12:57:38,091: -SERVICE [/camera/driver/is_powered] /camera/nodelet_manager rosrpc://LYC-UP:56342
[rosmaster.master][INFO] 2017-01-25 12:57:38,093: -SERVICE [/camera/driver/set_parameters] /camera/nodelet_manager rosrpc://LYC-UP:56342
[rosmaster.master][INFO] 2017-01-25 12:57:38,235: -PUB [/rosout] /camera/driver http://LYC-UP:40168/
[rosmaster.master][INFO] 2017-01-25 12:57:38,235: publisherUpdate[/rosout] -> http://LYC-UP:43061/
[rosmaster.master][INFO] 2017-01-25 12:57:38,240: -PUB [/camera/nodelet_manager/bond] /camera/driver http://LYC-UP:40168/
[rosmaster.master][INFO] 2017-01-25 12:57:38,243: -SUB [/camera/nodelet_manager/bond] /camera/driver http://LYC-UP:40168/
[rosmaster.master][INFO] 2017-01-25 12:57:38,245: -SERVICE [/camera/driver/get_loggers] /camera/driver rosrpc://LYC-UP:54757
[rosmaster.master][INFO] 2017-01-25 12:57:38,248: -SERVICE [/camera/driver/set_logger_level] /camera/driver rosrpc://LYC-UP:54757
[rosmaster.master][INFO] 2017-01-25 12:57:38,338: publisherUpdate[/camera/nodelet_manager/bond] -> http://LYC-UP:40168/
[rosmaster.threadpool][ERROR] 2017-01-25 12:57:38,340: Traceback (most recent call last):
  File "/opt/ros/kinetic/lib/python2.7/dist-packages/rosmaster/threadpool.py", line 218, in run
    result = cmd(*args)
  File "/opt/ros/kinetic/lib/python2.7/dist-packages/rosmaster/master_api.py", line 208, in publisher_update_task
    xmlrpcapi(api).publisherUpdate('/master', topic, pub_uris)
  File "/usr/lib/python2.7/xmlrpclib.py", line 1243, in __call__
    return self.__send(self.__name, args)
  File "/usr/lib/python2.7/xmlrpclib.py", line 1602, in __request
    verbose=self.__verbose
  File "/usr/lib/python2.7/xmlrpclib.py", line 1283, in request
    return self.single_request(host, handler, request_body, verbose)
  File "/usr/lib/python2.7/xmlrpclib.py", line 1316, in single_request
    return self.parse_response(response)
  File "/usr/lib/python2.7/xmlrpclib.py", line 1493, in parse_response
    return u.close()
  File "/usr/lib/python2.7/xmlrpclib.py", line 800, in close
    raise Fault(**self._stack[0])
Fault: <Fault -1: 'publisherUpdate: unknown method name'>

[rosmaster.master][INFO] 2017-01-25 12:57:38,639: -PUB [/rosout_agg] /rosout http://LYC-UP:43061/
[rosmaster.master][INFO] 2017-01-25 12:57:38,642: -SUB [/rosout] /rosout http://LYC-UP:43061/
[rosmaster.master][INFO] 2017-01-25 12:57:38,645: -SERVICE [/rosout/get_loggers] /rosout rosrpc://LYC-UP:57729
[rosmaster.master][INFO] 2017-01-25 12:57:38,648: -SERVICE [/rosout/set_logger_level] /rosout rosrpc://LYC-UP:57729
[rosmaster.main][INFO] 2017-01-25 12:57:38,805: keyboard interrupt, will exit
[rosmaster.main][INFO] 2017-01-25 12:57:38,805: stopping master...
[rospy.core][INFO] 2017-01-25 12:57:38,806: signal_shutdown [atexit]
