[rosmaster.main][INFO] 2017-01-25 11:36:23,638: initialization complete, waiting for shutdown
[rosmaster.main][INFO] 2017-01-25 11:36:23,638: Starting ROS Master Node
[xmlrpc][INFO] 2017-01-25 11:36:23,641: XML-RPC server binding to 0.0.0.0:11311
[xmlrpc][INFO] 2017-01-25 11:36:23,643: Started XML-RPC server [http://LYC-UP:11311/]
[xmlrpc][INFO] 2017-01-25 11:36:23,644: xml rpc node: starting XML-RPC server
[rosmaster.master][INFO] 2017-01-25 11:36:23,644: Master initialized: port[11311], uri[http://LYC-UP:11311/]
[rosmaster.master][INFO] 2017-01-25 11:36:23,665: +PARAM [/run_id] by /roslaunch
[rosmaster.master][INFO] 2017-01-25 11:36:23,670: +PARAM [/roslaunch/uris/host_lyc_up__38059] by /roslaunch
[rosmaster.master][INFO] 2017-01-25 11:36:23,812: +PARAM [/camera/driver/color_fps] by /roslaunch
[rosmaster.master][INFO] 2017-01-25 11:36:23,813: +PARAM [/camera/driver/ir_optical_frame_id] by /roslaunch
[rosmaster.master][INFO] 2017-01-25 11:36:23,816: +PARAM [/camera/driver/color_width] by /roslaunch
[rosmaster.master][INFO] 2017-01-25 11:36:23,817: +PARAM [/camera/driver/ir2_optical_frame_id] by /roslaunch
[rosmaster.master][INFO] 2017-01-25 11:36:23,818: +PARAM [/camera/driver/fisheye_frame_id] by /roslaunch
[rosmaster.master][INFO] 2017-01-25 11:36:23,819: +PARAM [/camera/driver/enable_depth] by /roslaunch
[rosmaster.master][INFO] 2017-01-25 11:36:23,821: +PARAM [/camera/driver/enable_ir2] by /roslaunch
[rosmaster.master][INFO] 2017-01-25 11:36:23,823: +SERVICE [/rosout/get_loggers] /rosout http://LYC-UP:33424/
[rosmaster.master][INFO] 2017-01-25 11:36:23,823: +PARAM [/camera/driver/mode] by /roslaunch
[rosmaster.master][INFO] 2017-01-25 11:36:23,824: +PARAM [/camera/driver/fisheye_optical_frame_id] by /roslaunch
[rosmaster.master][INFO] 2017-01-25 11:36:23,825: +PARAM [/camera/driver/depth_optical_frame_id] by /roslaunch
[rosmaster.master][INFO] 2017-01-25 11:36:23,825: +PARAM [/camera/driver/color_optical_frame_id] by /roslaunch
[rosmaster.master][INFO] 2017-01-25 11:36:23,826: +PARAM [/camera/driver/depth_height] by /roslaunch
[rosmaster.master][INFO] 2017-01-25 11:36:23,826: +PARAM [/camera/driver/ir2_frame_id] by /roslaunch
[rosmaster.master][INFO] 2017-01-25 11:36:23,826: +PARAM [/camera/driver/imu_optical_frame_id] by /roslaunch
[rosmaster.master][INFO] 2017-01-25 11:36:23,827: +PARAM [/camera/driver/color_height] by /roslaunch
[rosmaster.master][INFO] 2017-01-25 11:36:23,827: +PARAM [/rosdistro] by /roslaunch
[rosmaster.master][INFO] 2017-01-25 11:36:23,827: +PARAM [/camera/driver/camera_type] by /roslaunch
[rosmaster.master][INFO] 2017-01-25 11:36:23,828: +PARAM [/rosversion] by /roslaunch
[rosmaster.master][INFO] 2017-01-25 11:36:23,828: +PARAM [/camera/driver/depth_fps] by /roslaunch
[rosmaster.master][INFO] 2017-01-25 11:36:23,828: +PARAM [/camera/driver/color_frame_id] by /roslaunch
[rosmaster.master][INFO] 2017-01-25 11:36:23,829: +PARAM [/camera/driver/enable_color] by /roslaunch
[rosmaster.master][INFO] 2017-01-25 11:36:23,829: +PARAM [/camera/driver/base_frame_id] by /roslaunch
[rosmaster.master][INFO] 2017-01-25 11:36:23,830: +PARAM [/camera/driver/imu_frame_id] by /roslaunch
[rosmaster.master][INFO] 2017-01-25 11:36:23,830: +PARAM [/camera/driver/enable_pointcloud] by /roslaunch
[rosmaster.master][INFO] 2017-01-25 11:36:23,830: +PARAM [/camera/driver/enable_ir] by /roslaunch
[rosmaster.master][INFO] 2017-01-25 11:36:23,831: +PARAM [/camera/driver/enable_tf] by /roslaunch
[rosmaster.master][INFO] 2017-01-25 11:36:23,831: +PARAM [/camera/driver/depth_frame_id] by /roslaunch
[rosmaster.master][INFO] 2017-01-25 11:36:23,833: +SERVICE [/rosout/set_logger_level] /rosout http://LYC-UP:33424/
[rosmaster.master][INFO] 2017-01-25 11:36:23,834: +PARAM [/camera/driver/usb_port_id] by /roslaunch
[rosmaster.master][INFO] 2017-01-25 11:36:23,835: +PARAM [/camera/driver/depth_width] by /roslaunch
[rosmaster.master][INFO] 2017-01-25 11:36:23,838: +PARAM [/camera/driver/serial_no] by /roslaunch
[rosmaster.master][INFO] 2017-01-25 11:36:23,839: +PARAM [/camera/driver/ir_frame_id] by /roslaunch
[rosmaster.master][INFO] 2017-01-25 11:36:23,843: +PUB [/rosout_agg] /rosout http://LYC-UP:33424/
[rosmaster.master][INFO] 2017-01-25 11:36:23,869: +SUB [/rosout] /rosout http://LYC-UP:33424/
[rosmaster.master][INFO] 2017-01-25 11:36:24,029: +PUB [/rosout] /camera/driver http://LYC-UP:34921/
[rosmaster.master][INFO] 2017-01-25 11:36:24,035: +SERVICE [/camera/driver/get_loggers] /camera/driver http://LYC-UP:34921/
[rosmaster.master][INFO] 2017-01-25 11:36:24,040: +SERVICE [/camera/driver/set_logger_level] /camera/driver http://LYC-UP:34921/
[rosmaster.master][INFO] 2017-01-25 11:36:24,043: publisherUpdate[/rosout] -> http://LYC-UP:33424/
[rosmaster.master][INFO] 2017-01-25 11:36:24,064: +PARAM [/camera/driver] by /camera/driver
[rosmaster.master][INFO] 2017-01-25 11:36:24,099: +PUB [/rosout] /camera/nodelet_manager http://LYC-UP:45985/
[rosmaster.master][INFO] 2017-01-25 11:36:24,103: +SERVICE [/camera/nodelet_manager/get_loggers] /camera/nodelet_manager http://LYC-UP:45985/
[rosmaster.master][INFO] 2017-01-25 11:36:24,106: +SERVICE [/camera/nodelet_manager/set_logger_level] /camera/nodelet_manager http://LYC-UP:45985/
[rosmaster.master][INFO] 2017-01-25 11:36:24,127: +SERVICE [/camera/nodelet_manager/load_nodelet] /camera/nodelet_manager http://LYC-UP:45985/
[rosmaster.master][INFO] 2017-01-25 11:36:24,130: +SERVICE [/camera/nodelet_manager/unload_nodelet] /camera/nodelet_manager http://LYC-UP:45985/
[rosmaster.master][INFO] 2017-01-25 11:36:24,133: +SERVICE [/camera/nodelet_manager/list] /camera/nodelet_manager http://LYC-UP:45985/
[rosmaster.master][INFO] 2017-01-25 11:36:24,146: publisherUpdate[/rosout] -> http://LYC-UP:33424/
[rosmaster.master][INFO] 2017-01-25 11:36:24,298: +PUB [/tf_static] /camera/nodelet_manager http://LYC-UP:45985/
[rosmaster.master][INFO] 2017-01-25 11:36:24,655: +PUB [/camera/color/image_raw/compressedDepth] /camera/nodelet_manager http://LYC-UP:45985/
[rosmaster.master][INFO] 2017-01-25 11:36:24,658: +SERVICE [/camera/color/image_raw/compressedDepth/set_parameters] /camera/nodelet_manager http://LYC-UP:45985/
[rosmaster.master][INFO] 2017-01-25 11:36:24,661: +PUB [/camera/color/image_raw/compressedDepth/parameter_descriptions] /camera/nodelet_manager http://LYC-UP:45985/
[rosmaster.master][INFO] 2017-01-25 11:36:24,664: +PUB [/camera/color/image_raw/compressedDepth/parameter_updates] /camera/nodelet_manager http://LYC-UP:45985/
[rosmaster.master][INFO] 2017-01-25 11:36:24,674: +PARAM [/camera/color/image_raw/compressedDepth/depth_max] by /camera/nodelet_manager
[rosmaster.master][INFO] 2017-01-25 11:36:24,677: +PARAM [/camera/color/image_raw/compressedDepth/depth_quantization] by /camera/nodelet_manager
[rosmaster.master][INFO] 2017-01-25 11:36:24,680: +PARAM [/camera/color/image_raw/compressedDepth/png_level] by /camera/nodelet_manager
[rosmaster.master][INFO] 2017-01-25 11:36:24,684: +PARAM [/camera/color/image_raw/compressedDepth/depth_max] by /camera/nodelet_manager
[rosmaster.master][INFO] 2017-01-25 11:36:24,686: +PARAM [/camera/color/image_raw/compressedDepth/depth_quantization] by /camera/nodelet_manager
[rosmaster.master][INFO] 2017-01-25 11:36:24,688: +PARAM [/camera/color/image_raw/compressedDepth/png_level] by /camera/nodelet_manager
[rosmaster.master][INFO] 2017-01-25 11:36:24,794: +PUB [/camera/color/image_raw/compressed] /camera/nodelet_manager http://LYC-UP:45985/
[rosmaster.master][INFO] 2017-01-25 11:36:24,797: +SERVICE [/camera/color/image_raw/compressed/set_parameters] /camera/nodelet_manager http://LYC-UP:45985/
[rosmaster.master][INFO] 2017-01-25 11:36:24,800: +PUB [/camera/color/image_raw/compressed/parameter_descriptions] /camera/nodelet_manager http://LYC-UP:45985/
[rosmaster.master][INFO] 2017-01-25 11:36:24,804: +PUB [/camera/color/image_raw/compressed/parameter_updates] /camera/nodelet_manager http://LYC-UP:45985/
[rosmaster.master][INFO] 2017-01-25 11:36:24,814: +PARAM [/camera/color/image_raw/compressed/format] by /camera/nodelet_manager
[rosmaster.master][INFO] 2017-01-25 11:36:24,817: +PARAM [/camera/color/image_raw/compressed/jpeg_quality] by /camera/nodelet_manager
[rosmaster.master][INFO] 2017-01-25 11:36:24,820: +PARAM [/camera/color/image_raw/compressed/png_level] by /camera/nodelet_manager
[rosmaster.master][INFO] 2017-01-25 11:36:24,823: +PARAM [/camera/color/image_raw/compressed/format] by /camera/nodelet_manager
[rosmaster.master][INFO] 2017-01-25 11:36:24,826: +PARAM [/camera/color/image_raw/compressed/jpeg_quality] by /camera/nodelet_manager
[rosmaster.master][INFO] 2017-01-25 11:36:24,828: +PARAM [/camera/color/image_raw/compressed/png_level] by /camera/nodelet_manager
[rosmaster.master][INFO] 2017-01-25 11:36:24,939: +PUB [/camera/color/image_raw] /camera/nodelet_manager http://LYC-UP:45985/
[rosmaster.master][INFO] 2017-01-25 11:36:25,057: +PUB [/camera/color/image_raw/theora] /camera/nodelet_manager http://LYC-UP:45985/
[rosmaster.master][INFO] 2017-01-25 11:36:25,060: +SERVICE [/camera/color/image_raw/theora/set_parameters] /camera/nodelet_manager http://LYC-UP:45985/
[rosmaster.master][INFO] 2017-01-25 11:36:25,063: +PUB [/camera/color/image_raw/theora/parameter_descriptions] /camera/nodelet_manager http://LYC-UP:45985/
[rosmaster.master][INFO] 2017-01-25 11:36:25,066: +PUB [/camera/color/image_raw/theora/parameter_updates] /camera/nodelet_manager http://LYC-UP:45985/
[rosmaster.master][INFO] 2017-01-25 11:36:25,078: +PARAM [/camera/color/image_raw/theora/optimize_for] by /camera/nodelet_manager
[rosmaster.master][INFO] 2017-01-25 11:36:25,082: +PARAM [/camera/color/image_raw/theora/target_bitrate] by /camera/nodelet_manager
[rosmaster.master][INFO] 2017-01-25 11:36:25,085: +PARAM [/camera/color/image_raw/theora/quality] by /camera/nodelet_manager
[rosmaster.master][INFO] 2017-01-25 11:36:25,088: +PARAM [/camera/color/image_raw/theora/keyframe_frequency] by /camera/nodelet_manager
[rosmaster.master][INFO] 2017-01-25 11:36:25,091: +PARAM [/camera/color/image_raw/theora/optimize_for] by /camera/nodelet_manager
[rosmaster.master][INFO] 2017-01-25 11:36:25,094: +PARAM [/camera/color/image_raw/theora/target_bitrate] by /camera/nodelet_manager
[rosmaster.master][INFO] 2017-01-25 11:36:25,097: +PARAM [/camera/color/image_raw/theora/quality] by /camera/nodelet_manager
[rosmaster.master][INFO] 2017-01-25 11:36:25,101: +PARAM [/camera/color/image_raw/theora/keyframe_frequency] by /camera/nodelet_manager
[rosmaster.master][INFO] 2017-01-25 11:36:25,105: +PUB [/camera/color/camera_info] /camera/nodelet_manager http://LYC-UP:45985/
[rosmaster.master][INFO] 2017-01-25 11:36:25,207: +PUB [/camera/depth/image_raw/compressedDepth] /camera/nodelet_manager http://LYC-UP:45985/
[rosmaster.master][INFO] 2017-01-25 11:36:25,210: +SERVICE [/camera/depth/image_raw/compressedDepth/set_parameters] /camera/nodelet_manager http://LYC-UP:45985/
[rosmaster.master][INFO] 2017-01-25 11:36:25,213: +PUB [/camera/depth/image_raw/compressedDepth/parameter_descriptions] /camera/nodelet_manager http://LYC-UP:45985/
[rosmaster.master][INFO] 2017-01-25 11:36:25,217: +PUB [/camera/depth/image_raw/compressedDepth/parameter_updates] /camera/nodelet_manager http://LYC-UP:45985/
[rosmaster.master][INFO] 2017-01-25 11:36:25,227: +PARAM [/camera/depth/image_raw/compressedDepth/depth_max] by /camera/nodelet_manager
[rosmaster.master][INFO] 2017-01-25 11:36:25,230: +PARAM [/camera/depth/image_raw/compressedDepth/depth_quantization] by /camera/nodelet_manager
[rosmaster.master][INFO] 2017-01-25 11:36:25,233: +PARAM [/camera/depth/image_raw/compressedDepth/png_level] by /camera/nodelet_manager
[rosmaster.master][INFO] 2017-01-25 11:36:25,236: +PARAM [/camera/depth/image_raw/compressedDepth/depth_max] by /camera/nodelet_manager
[rosmaster.master][INFO] 2017-01-25 11:36:25,239: +PARAM [/camera/depth/image_raw/compressedDepth/depth_quantization] by /camera/nodelet_manager
[rosmaster.master][INFO] 2017-01-25 11:36:25,242: +PARAM [/camera/depth/image_raw/compressedDepth/png_level] by /camera/nodelet_manager
[rosmaster.master][INFO] 2017-01-25 11:36:25,335: +PUB [/camera/depth/image_raw/compressed] /camera/nodelet_manager http://LYC-UP:45985/
[rosmaster.master][INFO] 2017-01-25 11:36:25,339: +SERVICE [/camera/depth/image_raw/compressed/set_parameters] /camera/nodelet_manager http://LYC-UP:45985/
[rosmaster.master][INFO] 2017-01-25 11:36:25,342: +PUB [/camera/depth/image_raw/compressed/parameter_descriptions] /camera/nodelet_manager http://LYC-UP:45985/
[rosmaster.master][INFO] 2017-01-25 11:36:25,345: +PUB [/camera/depth/image_raw/compressed/parameter_updates] /camera/nodelet_manager http://LYC-UP:45985/
[rosmaster.master][INFO] 2017-01-25 11:36:25,356: +PARAM [/camera/depth/image_raw/compressed/format] by /camera/nodelet_manager
[rosmaster.master][INFO] 2017-01-25 11:36:25,359: +PARAM [/camera/depth/image_raw/compressed/jpeg_quality] by /camera/nodelet_manager
[rosmaster.master][INFO] 2017-01-25 11:36:25,361: +PARAM [/camera/depth/image_raw/compressed/png_level] by /camera/nodelet_manager
[rosmaster.master][INFO] 2017-01-25 11:36:25,364: +PARAM [/camera/depth/image_raw/compressed/format] by /camera/nodelet_manager
[rosmaster.master][INFO] 2017-01-25 11:36:25,367: +PARAM [/camera/depth/image_raw/compressed/jpeg_quality] by /camera/nodelet_manager
[rosmaster.master][INFO] 2017-01-25 11:36:25,371: +PARAM [/camera/depth/image_raw/compressed/png_level] by /camera/nodelet_manager
[rosmaster.master][INFO] 2017-01-25 11:36:25,465: +PUB [/camera/depth/image_raw] /camera/nodelet_manager http://LYC-UP:45985/
[rosmaster.master][INFO] 2017-01-25 11:36:25,563: +PUB [/camera/depth/image_raw/theora] /camera/nodelet_manager http://LYC-UP:45985/
[rosmaster.master][INFO] 2017-01-25 11:36:25,567: +SERVICE [/camera/depth/image_raw/theora/set_parameters] /camera/nodelet_manager http://LYC-UP:45985/
[rosmaster.master][INFO] 2017-01-25 11:36:25,570: +PUB [/camera/depth/image_raw/theora/parameter_descriptions] /camera/nodelet_manager http://LYC-UP:45985/
[rosmaster.master][INFO] 2017-01-25 11:36:25,573: +PUB [/camera/depth/image_raw/theora/parameter_updates] /camera/nodelet_manager http://LYC-UP:45985/
[rosmaster.master][INFO] 2017-01-25 11:36:25,586: +PARAM [/camera/depth/image_raw/theora/optimize_for] by /camera/nodelet_manager
[rosmaster.master][INFO] 2017-01-25 11:36:25,588: +PARAM [/camera/depth/image_raw/theora/target_bitrate] by /camera/nodelet_manager
[rosmaster.master][INFO] 2017-01-25 11:36:25,591: +PARAM [/camera/depth/image_raw/theora/quality] by /camera/nodelet_manager
[rosmaster.master][INFO] 2017-01-25 11:36:25,593: +PARAM [/camera/depth/image_raw/theora/keyframe_frequency] by /camera/nodelet_manager
[rosmaster.master][INFO] 2017-01-25 11:36:25,597: +PARAM [/camera/depth/image_raw/theora/optimize_for] by /camera/nodelet_manager
[rosmaster.master][INFO] 2017-01-25 11:36:25,600: +PARAM [/camera/depth/image_raw/theora/target_bitrate] by /camera/nodelet_manager
[rosmaster.master][INFO] 2017-01-25 11:36:25,603: +PARAM [/camera/depth/image_raw/theora/quality] by /camera/nodelet_manager
[rosmaster.master][INFO] 2017-01-25 11:36:25,609: +PARAM [/camera/depth/image_raw/theora/keyframe_frequency] by /camera/nodelet_manager
[rosmaster.master][INFO] 2017-01-25 11:36:25,615: +PUB [/camera/depth/camera_info] /camera/nodelet_manager http://LYC-UP:45985/
[rosmaster.master][INFO] 2017-01-25 11:36:25,618: +PUB [/camera/depth/points] /camera/nodelet_manager http://LYC-UP:45985/
[rosmaster.master][INFO] 2017-01-25 11:36:25,715: +PUB [/camera/ir/image_raw/compressedDepth] /camera/nodelet_manager http://LYC-UP:45985/
[rosmaster.master][INFO] 2017-01-25 11:36:25,719: +SERVICE [/camera/ir/image_raw/compressedDepth/set_parameters] /camera/nodelet_manager http://LYC-UP:45985/
[rosmaster.master][INFO] 2017-01-25 11:36:25,722: +PUB [/camera/ir/image_raw/compressedDepth/parameter_descriptions] /camera/nodelet_manager http://LYC-UP:45985/
[rosmaster.master][INFO] 2017-01-25 11:36:25,725: +PUB [/camera/ir/image_raw/compressedDepth/parameter_updates] /camera/nodelet_manager http://LYC-UP:45985/
[rosmaster.master][INFO] 2017-01-25 11:36:25,736: +PARAM [/camera/ir/image_raw/compressedDepth/depth_max] by /camera/nodelet_manager
[rosmaster.master][INFO] 2017-01-25 11:36:25,739: +PARAM [/camera/ir/image_raw/compressedDepth/depth_quantization] by /camera/nodelet_manager
[rosmaster.master][INFO] 2017-01-25 11:36:25,742: +PARAM [/camera/ir/image_raw/compressedDepth/png_level] by /camera/nodelet_manager
[rosmaster.master][INFO] 2017-01-25 11:36:25,745: +PARAM [/camera/ir/image_raw/compressedDepth/depth_max] by /camera/nodelet_manager
[rosmaster.master][INFO] 2017-01-25 11:36:25,747: +PARAM [/camera/ir/image_raw/compressedDepth/depth_quantization] by /camera/nodelet_manager
[rosmaster.master][INFO] 2017-01-25 11:36:25,751: +PARAM [/camera/ir/image_raw/compressedDepth/png_level] by /camera/nodelet_manager
[rosmaster.master][INFO] 2017-01-25 11:36:25,847: +PUB [/camera/ir/image_raw/compressed] /camera/nodelet_manager http://LYC-UP:45985/
[rosmaster.master][INFO] 2017-01-25 11:36:25,850: +SERVICE [/camera/ir/image_raw/compressed/set_parameters] /camera/nodelet_manager http://LYC-UP:45985/
[rosmaster.master][INFO] 2017-01-25 11:36:25,853: +PUB [/camera/ir/image_raw/compressed/parameter_descriptions] /camera/nodelet_manager http://LYC-UP:45985/
[rosmaster.master][INFO] 2017-01-25 11:36:25,858: +PUB [/camera/ir/image_raw/compressed/parameter_updates] /camera/nodelet_manager http://LYC-UP:45985/
[rosmaster.master][INFO] 2017-01-25 11:36:25,866: +PARAM [/camera/ir/image_raw/compressed/format] by /camera/nodelet_manager
[rosmaster.master][INFO] 2017-01-25 11:36:25,869: +PARAM [/camera/ir/image_raw/compressed/jpeg_quality] by /camera/nodelet_manager
[rosmaster.master][INFO] 2017-01-25 11:36:25,873: +PARAM [/camera/ir/image_raw/compressed/png_level] by /camera/nodelet_manager
[rosmaster.master][INFO] 2017-01-25 11:36:25,876: +PARAM [/camera/ir/image_raw/compressed/format] by /camera/nodelet_manager
[rosmaster.master][INFO] 2017-01-25 11:36:25,878: +PARAM [/camera/ir/image_raw/compressed/jpeg_quality] by /camera/nodelet_manager
[rosmaster.master][INFO] 2017-01-25 11:36:25,881: +PARAM [/camera/ir/image_raw/compressed/png_level] by /camera/nodelet_manager
[rosmaster.master][INFO] 2017-01-25 11:36:25,979: +PUB [/camera/ir/image_raw] /camera/nodelet_manager http://LYC-UP:45985/
[rosmaster.master][INFO] 2017-01-25 11:36:26,073: +PUB [/camera/ir/image_raw/theora] /camera/nodelet_manager http://LYC-UP:45985/
[rosmaster.master][INFO] 2017-01-25 11:36:26,076: +SERVICE [/camera/ir/image_raw/theora/set_parameters] /camera/nodelet_manager http://LYC-UP:45985/
[rosmaster.master][INFO] 2017-01-25 11:36:26,079: +PUB [/camera/ir/image_raw/theora/parameter_descriptions] /camera/nodelet_manager http://LYC-UP:45985/
[rosmaster.master][INFO] 2017-01-25 11:36:26,083: +PUB [/camera/ir/image_raw/theora/parameter_updates] /camera/nodelet_manager http://LYC-UP:45985/
[rosmaster.master][INFO] 2017-01-25 11:36:26,096: +PARAM [/camera/ir/image_raw/theora/optimize_for] by /camera/nodelet_manager
[rosmaster.master][INFO] 2017-01-25 11:36:26,098: +PARAM [/camera/ir/image_raw/theora/target_bitrate] by /camera/nodelet_manager
[rosmaster.master][INFO] 2017-01-25 11:36:26,101: +PARAM [/camera/ir/image_raw/theora/quality] by /camera/nodelet_manager
[rosmaster.master][INFO] 2017-01-25 11:36:26,104: +PARAM [/camera/ir/image_raw/theora/keyframe_frequency] by /camera/nodelet_manager
[rosmaster.master][INFO] 2017-01-25 11:36:26,107: +PARAM [/camera/ir/image_raw/theora/optimize_for] by /camera/nodelet_manager
[rosmaster.master][INFO] 2017-01-25 11:36:26,111: +PARAM [/camera/ir/image_raw/theora/target_bitrate] by /camera/nodelet_manager
[rosmaster.master][INFO] 2017-01-25 11:36:26,114: +PARAM [/camera/ir/image_raw/theora/quality] by /camera/nodelet_manager
[rosmaster.master][INFO] 2017-01-25 11:36:26,117: +PARAM [/camera/ir/image_raw/theora/keyframe_frequency] by /camera/nodelet_manager
[rosmaster.master][INFO] 2017-01-25 11:36:26,119: +PUB [/camera/ir/camera_info] /camera/nodelet_manager http://LYC-UP:45985/
[rosmaster.master][INFO] 2017-01-25 11:36:26,214: +PUB [/camera/ir2/image_raw/compressedDepth] /camera/nodelet_manager http://LYC-UP:45985/
[rosmaster.master][INFO] 2017-01-25 11:36:26,216: +SERVICE [/camera/ir2/image_raw/compressedDepth/set_parameters] /camera/nodelet_manager http://LYC-UP:45985/
[rosmaster.master][INFO] 2017-01-25 11:36:26,219: +PUB [/camera/ir2/image_raw/compressedDepth/parameter_descriptions] /camera/nodelet_manager http://LYC-UP:45985/
[rosmaster.master][INFO] 2017-01-25 11:36:26,223: +PUB [/camera/ir2/image_raw/compressedDepth/parameter_updates] /camera/nodelet_manager http://LYC-UP:45985/
[rosmaster.master][INFO] 2017-01-25 11:36:26,233: +PARAM [/camera/ir2/image_raw/compressedDepth/depth_max] by /camera/nodelet_manager
[rosmaster.master][INFO] 2017-01-25 11:36:26,237: +PARAM [/camera/ir2/image_raw/compressedDepth/depth_quantization] by /camera/nodelet_manager
[rosmaster.master][INFO] 2017-01-25 11:36:26,239: +PARAM [/camera/ir2/image_raw/compressedDepth/png_level] by /camera/nodelet_manager
[rosmaster.master][INFO] 2017-01-25 11:36:26,242: +PARAM [/camera/ir2/image_raw/compressedDepth/depth_max] by /camera/nodelet_manager
[rosmaster.master][INFO] 2017-01-25 11:36:26,245: +PARAM [/camera/ir2/image_raw/compressedDepth/depth_quantization] by /camera/nodelet_manager
[rosmaster.master][INFO] 2017-01-25 11:36:26,247: +PARAM [/camera/ir2/image_raw/compressedDepth/png_level] by /camera/nodelet_manager
[rosmaster.master][INFO] 2017-01-25 11:36:26,354: +PUB [/camera/ir2/image_raw/compressed] /camera/nodelet_manager http://LYC-UP:45985/
[rosmaster.master][INFO] 2017-01-25 11:36:26,358: +SERVICE [/camera/ir2/image_raw/compressed/set_parameters] /camera/nodelet_manager http://LYC-UP:45985/
[rosmaster.master][INFO] 2017-01-25 11:36:26,360: +PUB [/camera/ir2/image_raw/compressed/parameter_descriptions] /camera/nodelet_manager http://LYC-UP:45985/
[rosmaster.master][INFO] 2017-01-25 11:36:26,363: +PUB [/camera/ir2/image_raw/compressed/parameter_updates] /camera/nodelet_manager http://LYC-UP:45985/
[rosmaster.master][INFO] 2017-01-25 11:36:26,374: +PARAM [/camera/ir2/image_raw/compressed/format] by /camera/nodelet_manager
[rosmaster.master][INFO] 2017-01-25 11:36:26,377: +PARAM [/camera/ir2/image_raw/compressed/jpeg_quality] by /camera/nodelet_manager
[rosmaster.master][INFO] 2017-01-25 11:36:26,379: +PARAM [/camera/ir2/image_raw/compressed/png_level] by /camera/nodelet_manager
[rosmaster.master][INFO] 2017-01-25 11:36:26,382: +PARAM [/camera/ir2/image_raw/compressed/format] by /camera/nodelet_manager
[rosmaster.master][INFO] 2017-01-25 11:36:26,385: +PARAM [/camera/ir2/image_raw/compressed/jpeg_quality] by /camera/nodelet_manager
[rosmaster.master][INFO] 2017-01-25 11:36:26,389: +PARAM [/camera/ir2/image_raw/compressed/png_level] by /camera/nodelet_manager
[rosmaster.master][INFO] 2017-01-25 11:36:26,481: +PUB [/camera/ir2/image_raw] /camera/nodelet_manager http://LYC-UP:45985/
[rosmaster.master][INFO] 2017-01-25 11:36:26,577: +PUB [/camera/ir2/image_raw/theora] /camera/nodelet_manager http://LYC-UP:45985/
[rosmaster.master][INFO] 2017-01-25 11:36:26,580: +SERVICE [/camera/ir2/image_raw/theora/set_parameters] /camera/nodelet_manager http://LYC-UP:45985/
[rosmaster.master][INFO] 2017-01-25 11:36:26,583: +PUB [/camera/ir2/image_raw/theora/parameter_descriptions] /camera/nodelet_manager http://LYC-UP:45985/
[rosmaster.master][INFO] 2017-01-25 11:36:26,586: +PUB [/camera/ir2/image_raw/theora/parameter_updates] /camera/nodelet_manager http://LYC-UP:45985/
[rosmaster.master][INFO] 2017-01-25 11:36:26,598: +PARAM [/camera/ir2/image_raw/theora/optimize_for] by /camera/nodelet_manager
[rosmaster.master][INFO] 2017-01-25 11:36:26,600: +PARAM [/camera/ir2/image_raw/theora/target_bitrate] by /camera/nodelet_manager
[rosmaster.master][INFO] 2017-01-25 11:36:26,603: +PARAM [/camera/ir2/image_raw/theora/quality] by /camera/nodelet_manager
[rosmaster.master][INFO] 2017-01-25 11:36:26,605: +PARAM [/camera/ir2/image_raw/theora/keyframe_frequency] by /camera/nodelet_manager
[rosmaster.master][INFO] 2017-01-25 11:36:26,608: +PARAM [/camera/ir2/image_raw/theora/optimize_for] by /camera/nodelet_manager
[rosmaster.master][INFO] 2017-01-25 11:36:26,612: +PARAM [/camera/ir2/image_raw/theora/target_bitrate] by /camera/nodelet_manager
[rosmaster.master][INFO] 2017-01-25 11:36:26,614: +PARAM [/camera/ir2/image_raw/theora/quality] by /camera/nodelet_manager
[rosmaster.master][INFO] 2017-01-25 11:36:26,618: +PARAM [/camera/ir2/image_raw/theora/keyframe_frequency] by /camera/nodelet_manager
[rosmaster.master][INFO] 2017-01-25 11:36:26,621: +PUB [/camera/ir2/camera_info] /camera/nodelet_manager http://LYC-UP:45985/
[rosmaster.master][INFO] 2017-01-25 11:36:26,623: +SERVICE [/camera/driver/get_settings] /camera/nodelet_manager http://LYC-UP:45985/
[rosmaster.master][INFO] 2017-01-25 11:36:26,627: +SERVICE [/camera/driver/set_power] /camera/nodelet_manager http://LYC-UP:45985/
[rosmaster.master][INFO] 2017-01-25 11:36:26,630: +SERVICE [/camera/driver/force_power] /camera/nodelet_manager http://LYC-UP:45985/
[rosmaster.master][INFO] 2017-01-25 11:36:26,633: +SERVICE [/camera/driver/is_powered] /camera/nodelet_manager http://LYC-UP:45985/
[rosmaster.master][INFO] 2017-01-25 11:36:26,636: +SERVICE [/camera/driver/set_parameters] /camera/nodelet_manager http://LYC-UP:45985/
[rosmaster.master][INFO] 2017-01-25 11:36:26,639: +PUB [/camera/driver/parameter_descriptions] /camera/nodelet_manager http://LYC-UP:45985/
[rosmaster.master][INFO] 2017-01-25 11:36:26,641: +PUB [/camera/driver/parameter_updates] /camera/nodelet_manager http://LYC-UP:45985/
[rosmaster.master][INFO] 2017-01-25 11:36:26,713: +PARAM [/camera/driver/enable_depth] by /camera/nodelet_manager
[rosmaster.master][INFO] 2017-01-25 11:36:26,715: +PARAM [/camera/driver/color_backlight_compensation] by /camera/nodelet_manager
[rosmaster.master][INFO] 2017-01-25 11:36:26,718: +PARAM [/camera/driver/color_brightness] by /camera/nodelet_manager
[rosmaster.master][INFO] 2017-01-25 11:36:26,721: +PARAM [/camera/driver/color_contrast] by /camera/nodelet_manager
[rosmaster.master][INFO] 2017-01-25 11:36:26,723: +PARAM [/camera/driver/color_gain] by /camera/nodelet_manager
[rosmaster.master][INFO] 2017-01-25 11:36:26,726: +PARAM [/camera/driver/color_gamma] by /camera/nodelet_manager
[rosmaster.master][INFO] 2017-01-25 11:36:26,729: +PARAM [/camera/driver/color_hue] by /camera/nodelet_manager
[rosmaster.master][INFO] 2017-01-25 11:36:26,732: +PARAM [/camera/driver/color_saturation] by /camera/nodelet_manager
[rosmaster.master][INFO] 2017-01-25 11:36:26,735: +PARAM [/camera/driver/color_sharpness] by /camera/nodelet_manager
[rosmaster.master][INFO] 2017-01-25 11:36:26,737: +PARAM [/camera/driver/color_white_balance] by /camera/nodelet_manager
[rosmaster.master][INFO] 2017-01-25 11:36:26,741: +PARAM [/camera/driver/color_enable_auto_white_balance] by /camera/nodelet_manager
[rosmaster.master][INFO] 2017-01-25 11:36:26,743: +PARAM [/camera/driver/r200_lr_auto_exposure_enabled] by /camera/nodelet_manager
[rosmaster.master][INFO] 2017-01-25 11:36:26,747: +PARAM [/camera/driver/r200_lr_gain] by /camera/nodelet_manager
[rosmaster.master][INFO] 2017-01-25 11:36:26,749: +PARAM [/camera/driver/r200_lr_exposure] by /camera/nodelet_manager
[rosmaster.master][INFO] 2017-01-25 11:36:26,752: +PARAM [/camera/driver/r200_emitter_enabled] by /camera/nodelet_manager
[rosmaster.master][INFO] 2017-01-25 11:36:26,755: +PARAM [/camera/driver/r200_auto_exposure_top_edge] by /camera/nodelet_manager
[rosmaster.master][INFO] 2017-01-25 11:36:26,759: +PARAM [/camera/driver/r200_auto_exposure_bottom_edge] by /camera/nodelet_manager
[rosmaster.master][INFO] 2017-01-25 11:36:26,762: +PARAM [/camera/driver/r200_auto_exposure_left_edge] by /camera/nodelet_manager
[rosmaster.master][INFO] 2017-01-25 11:36:26,765: +PARAM [/camera/driver/r200_auto_exposure_right_edge] by /camera/nodelet_manager
[rosmaster.master][INFO] 2017-01-25 11:36:26,769: +PARAM [/camera/driver/r200_dc_preset] by /camera/nodelet_manager
[rosmaster.master][INFO] 2017-01-25 11:36:26,772: +PARAM [/camera/driver/r200_dc_estimate_median_decrement] by /camera/nodelet_manager
[rosmaster.master][INFO] 2017-01-25 11:36:26,775: +PARAM [/camera/driver/r200_dc_estimate_median_increment] by /camera/nodelet_manager
[rosmaster.master][INFO] 2017-01-25 11:36:26,778: +PARAM [/camera/driver/r200_dc_median_threshold] by /camera/nodelet_manager
[rosmaster.master][INFO] 2017-01-25 11:36:26,781: +PARAM [/camera/driver/r200_dc_score_minimum_threshold] by /camera/nodelet_manager
[rosmaster.master][INFO] 2017-01-25 11:36:26,790: +PARAM [/camera/driver/r200_dc_score_maximum_threshold] by /camera/nodelet_manager
[rosmaster.master][INFO] 2017-01-25 11:36:26,793: +PARAM [/camera/driver/r200_dc_texture_count_threshold] by /camera/nodelet_manager
[rosmaster.master][INFO] 2017-01-25 11:36:26,796: +PARAM [/camera/driver/r200_dc_texture_difference_threshold] by /camera/nodelet_manager
[rosmaster.master][INFO] 2017-01-25 11:36:26,799: +PARAM [/camera/driver/r200_dc_second_peak_threshold] by /camera/nodelet_manager
[rosmaster.master][INFO] 2017-01-25 11:36:26,801: +PARAM [/camera/driver/r200_dc_neighbor_threshold] by /camera/nodelet_manager
[rosmaster.master][INFO] 2017-01-25 11:36:26,804: +PARAM [/camera/driver/r200_dc_lr_threshold] by /camera/nodelet_manager
[rosmaster.master][INFO] 2017-01-25 11:36:27,735: +PARAM [/camera/driver/enable_depth] by /camera/nodelet_manager
[rosmaster.master][INFO] 2017-01-25 11:36:27,739: +PARAM [/camera/driver/color_backlight_compensation] by /camera/nodelet_manager
[rosmaster.master][INFO] 2017-01-25 11:36:27,743: +PARAM [/camera/driver/color_brightness] by /camera/nodelet_manager
[rosmaster.master][INFO] 2017-01-25 11:36:27,751: +PARAM [/camera/driver/color_contrast] by /camera/nodelet_manager
[rosmaster.master][INFO] 2017-01-25 11:36:27,755: +PARAM [/camera/driver/color_gain] by /camera/nodelet_manager
[rosmaster.master][INFO] 2017-01-25 11:36:27,758: +PARAM [/camera/driver/color_gamma] by /camera/nodelet_manager
[rosmaster.master][INFO] 2017-01-25 11:36:27,761: +PARAM [/camera/driver/color_hue] by /camera/nodelet_manager
[rosmaster.master][INFO] 2017-01-25 11:36:27,764: +PARAM [/camera/driver/color_saturation] by /camera/nodelet_manager
[rosmaster.master][INFO] 2017-01-25 11:36:27,767: +PARAM [/camera/driver/color_sharpness] by /camera/nodelet_manager
[rosmaster.master][INFO] 2017-01-25 11:36:27,771: +PARAM [/camera/driver/color_white_balance] by /camera/nodelet_manager
[rosmaster.master][INFO] 2017-01-25 11:36:27,774: +PARAM [/camera/driver/color_enable_auto_white_balance] by /camera/nodelet_manager
[rosmaster.master][INFO] 2017-01-25 11:36:27,777: +PARAM [/camera/driver/r200_lr_auto_exposure_enabled] by /camera/nodelet_manager
[rosmaster.master][INFO] 2017-01-25 11:36:27,786: +PARAM [/camera/driver/r200_lr_gain] by /camera/nodelet_manager
[rosmaster.master][INFO] 2017-01-25 11:36:27,790: +PARAM [/camera/driver/r200_lr_exposure] by /camera/nodelet_manager
[rosmaster.master][INFO] 2017-01-25 11:36:27,794: +PARAM [/camera/driver/r200_emitter_enabled] by /camera/nodelet_manager
[rosmaster.master][INFO] 2017-01-25 11:36:27,799: +PARAM [/camera/driver/r200_auto_exposure_top_edge] by /camera/nodelet_manager
[rosmaster.master][INFO] 2017-01-25 11:36:27,803: +PARAM [/camera/driver/r200_auto_exposure_bottom_edge] by /camera/nodelet_manager
[rosmaster.master][INFO] 2017-01-25 11:36:27,811: +PARAM [/camera/driver/r200_auto_exposure_left_edge] by /camera/nodelet_manager
[rosmaster.master][INFO] 2017-01-25 11:36:27,817: +PARAM [/camera/driver/r200_auto_exposure_right_edge] by /camera/nodelet_manager
[rosmaster.master][INFO] 2017-01-25 11:36:27,821: +PARAM [/camera/driver/r200_dc_preset] by /camera/nodelet_manager
[rosmaster.master][INFO] 2017-01-25 11:36:27,824: +PARAM [/camera/driver/r200_dc_estimate_median_decrement] by /camera/nodelet_manager
[rosmaster.master][INFO] 2017-01-25 11:36:27,831: +PARAM [/camera/driver/r200_dc_estimate_median_increment] by /camera/nodelet_manager
[rosmaster.master][INFO] 2017-01-25 11:36:27,837: +PARAM [/camera/driver/r200_dc_median_threshold] by /camera/nodelet_manager
[rosmaster.master][INFO] 2017-01-25 11:36:27,841: +PARAM [/camera/driver/r200_dc_score_minimum_threshold] by /camera/nodelet_manager
[rosmaster.master][INFO] 2017-01-25 11:36:27,852: +PARAM [/camera/driver/r200_dc_score_maximum_threshold] by /camera/nodelet_manager
[rosmaster.master][INFO] 2017-01-25 11:36:27,856: +PARAM [/camera/driver/r200_dc_texture_count_threshold] by /camera/nodelet_manager
[rosmaster.master][INFO] 2017-01-25 11:36:27,862: +PARAM [/camera/driver/r200_dc_texture_difference_threshold] by /camera/nodelet_manager
[rosmaster.master][INFO] 2017-01-25 11:36:27,865: +PARAM [/camera/driver/r200_dc_second_peak_threshold] by /camera/nodelet_manager
[rosmaster.master][INFO] 2017-01-25 11:36:27,868: +PARAM [/camera/driver/r200_dc_neighbor_threshold] by /camera/nodelet_manager
[rosmaster.master][INFO] 2017-01-25 11:36:27,871: +PARAM [/camera/driver/r200_dc_lr_threshold] by /camera/nodelet_manager
[rosmaster.master][INFO] 2017-01-25 11:36:27,877: +PUB [/camera/nodelet_manager/bond] /camera/nodelet_manager http://LYC-UP:45985/
[rosmaster.master][INFO] 2017-01-25 11:36:27,898: +SUB [/camera/nodelet_manager/bond] /camera/nodelet_manager http://LYC-UP:45985/
[rosmaster.master][INFO] 2017-01-25 11:36:27,963: +PUB [/camera/nodelet_manager/bond] /camera/driver http://LYC-UP:34921/
[rosmaster.master][INFO] 2017-01-25 11:36:27,966: publisherUpdate[/camera/nodelet_manager/bond] -> http://LYC-UP:45985/
[rosmaster.master][INFO] 2017-01-25 11:36:27,983: +SUB [/camera/nodelet_manager/bond] /camera/driver http://LYC-UP:34921/
[rosmaster.master][INFO] 2017-01-25 11:36:31,111: +PUB [/rosout] /camera/dynparam_4292_1485315390894 http://LYC-UP:39235/
[rosmaster.master][INFO] 2017-01-25 11:36:31,123: +SERVICE [/camera/dynparam_4292_1485315390894/get_loggers] /camera/dynparam_4292_1485315390894 http://LYC-UP:39235/
[rosmaster.master][INFO] 2017-01-25 11:36:31,129: +SERVICE [/camera/dynparam_4292_1485315390894/set_logger_level] /camera/dynparam_4292_1485315390894 http://LYC-UP:39235/
[rosmaster.master][INFO] 2017-01-25 11:36:31,147: +SUB [/camera/driver/parameter_descriptions] /camera/dynparam_4292_1485315390894 http://LYC-UP:39235/
[rosmaster.master][INFO] 2017-01-25 11:36:31,159: +SUB [/camera/driver/parameter_updates] /camera/dynparam_4292_1485315390894 http://LYC-UP:39235/
[rosmaster.master][INFO] 2017-01-25 11:36:31,166: publisherUpdate[/rosout] -> http://LYC-UP:33424/
[rosmaster.master][INFO] 2017-01-25 11:36:31,233: +PARAM [/camera/driver/enable_depth] by /camera/nodelet_manager
[rosmaster.master][INFO] 2017-01-25 11:36:31,237: +PARAM [/camera/driver/color_backlight_compensation] by /camera/nodelet_manager
[rosmaster.master][INFO] 2017-01-25 11:36:31,241: +PARAM [/camera/driver/color_brightness] by /camera/nodelet_manager
[rosmaster.master][INFO] 2017-01-25 11:36:31,245: +PARAM [/camera/driver/color_contrast] by /camera/nodelet_manager
[rosmaster.master][INFO] 2017-01-25 11:36:31,249: +PARAM [/camera/driver/color_gain] by /camera/nodelet_manager
[rosmaster.master][INFO] 2017-01-25 11:36:31,252: +PARAM [/camera/driver/color_gamma] by /camera/nodelet_manager
[rosmaster.master][INFO] 2017-01-25 11:36:31,257: +PARAM [/camera/driver/color_hue] by /camera/nodelet_manager
[rosmaster.master][INFO] 2017-01-25 11:36:31,260: +PARAM [/camera/driver/color_saturation] by /camera/nodelet_manager
[rosmaster.master][INFO] 2017-01-25 11:36:31,263: +PARAM [/camera/driver/color_sharpness] by /camera/nodelet_manager
[rosmaster.master][INFO] 2017-01-25 11:36:31,267: +PARAM [/camera/driver/color_white_balance] by /camera/nodelet_manager
[rosmaster.master][INFO] 2017-01-25 11:36:31,270: +PARAM [/camera/driver/color_enable_auto_white_balance] by /camera/nodelet_manager
[rosmaster.master][INFO] 2017-01-25 11:36:31,273: +PARAM [/camera/driver/r200_lr_auto_exposure_enabled] by /camera/nodelet_manager
[rosmaster.master][INFO] 2017-01-25 11:36:31,276: +PARAM [/camera/driver/r200_lr_gain] by /camera/nodelet_manager
[rosmaster.master][INFO] 2017-01-25 11:36:31,280: +PARAM [/camera/driver/r200_lr_exposure] by /camera/nodelet_manager
[rosmaster.master][INFO] 2017-01-25 11:36:31,284: +PARAM [/camera/driver/r200_emitter_enabled] by /camera/nodelet_manager
[rosmaster.master][INFO] 2017-01-25 11:36:31,289: +PARAM [/camera/driver/r200_auto_exposure_top_edge] by /camera/nodelet_manager
[rosmaster.master][INFO] 2017-01-25 11:36:31,292: +PARAM [/camera/driver/r200_auto_exposure_bottom_edge] by /camera/nodelet_manager
[rosmaster.master][INFO] 2017-01-25 11:36:31,295: +PARAM [/camera/driver/r200_auto_exposure_left_edge] by /camera/nodelet_manager
[rosmaster.master][INFO] 2017-01-25 11:36:31,298: +PARAM [/camera/driver/r200_auto_exposure_right_edge] by /camera/nodelet_manager
[rosmaster.master][INFO] 2017-01-25 11:36:31,301: +PARAM [/camera/driver/r200_dc_preset] by /camera/nodelet_manager
[rosmaster.master][INFO] 2017-01-25 11:36:31,305: +PARAM [/camera/driver/r200_dc_estimate_median_decrement] by /camera/nodelet_manager
[rosmaster.master][INFO] 2017-01-25 11:36:31,308: +PARAM [/camera/driver/r200_dc_estimate_median_increment] by /camera/nodelet_manager
[rosmaster.master][INFO] 2017-01-25 11:36:31,313: +PARAM [/camera/driver/r200_dc_median_threshold] by /camera/nodelet_manager
[rosmaster.master][INFO] 2017-01-25 11:36:31,316: +PARAM [/camera/driver/r200_dc_score_minimum_threshold] by /camera/nodelet_manager
[rosmaster.master][INFO] 2017-01-25 11:36:31,319: +PARAM [/camera/driver/r200_dc_score_maximum_threshold] by /camera/nodelet_manager
[rosmaster.master][INFO] 2017-01-25 11:36:31,323: +PARAM [/camera/driver/r200_dc_texture_count_threshold] by /camera/nodelet_manager
[rosmaster.master][INFO] 2017-01-25 11:36:31,329: +PARAM [/camera/driver/r200_dc_texture_difference_threshold] by /camera/nodelet_manager
[rosmaster.master][INFO] 2017-01-25 11:36:31,332: +PARAM [/camera/driver/r200_dc_second_peak_threshold] by /camera/nodelet_manager
[rosmaster.master][INFO] 2017-01-25 11:36:31,335: +PARAM [/camera/driver/r200_dc_neighbor_threshold] by /camera/nodelet_manager
[rosmaster.master][INFO] 2017-01-25 11:36:31,339: +PARAM [/camera/driver/r200_dc_lr_threshold] by /camera/nodelet_manager
[rosmaster.master][INFO] 2017-01-25 11:36:31,349: -SUB [/camera/driver/parameter_updates] /camera/dynparam_4292_1485315390894 http://LYC-UP:39235/
[rosmaster.master][INFO] 2017-01-25 11:36:31,350: -SUB [/camera/driver/parameter_descriptions] /camera/dynparam_4292_1485315390894 http://LYC-UP:39235/
[rosmaster.master][INFO] 2017-01-25 11:36:31,350: -PUB [/rosout] /camera/dynparam_4292_1485315390894 http://LYC-UP:39235/
[rosmaster.master][INFO] 2017-01-25 11:36:31,351: -SERVICE [/camera/dynparam_4292_1485315390894/set_logger_level] /camera/dynparam_4292_1485315390894 rosrpc://LYC-UP:34062
[rosmaster.master][INFO] 2017-01-25 11:36:31,351: -SERVICE [/camera/dynparam_4292_1485315390894/get_loggers] /camera/dynparam_4292_1485315390894 rosrpc://LYC-UP:34062
[rosmaster.master][INFO] 2017-01-25 11:36:31,369: publisherUpdate[/rosout] -> http://LYC-UP:33424/
[rosmaster.master][INFO] 2017-01-25 11:36:38,865: +PUB [/rosout] /rviz_1485315398849289119 http://LYC-UP:38360/
[rosmaster.master][INFO] 2017-01-25 11:36:38,869: +SERVICE [/rviz_1485315398849289119/get_loggers] /rviz_1485315398849289119 http://LYC-UP:38360/
[rosmaster.master][INFO] 2017-01-25 11:36:38,874: +SERVICE [/rviz_1485315398849289119/set_logger_level] /rviz_1485315398849289119 http://LYC-UP:38360/
[rosmaster.master][INFO] 2017-01-25 11:36:38,887: publisherUpdate[/rosout] -> http://LYC-UP:33424/
[rosmaster.master][INFO] 2017-01-25 11:36:39,661: +SUB [/tf] /rviz_1485315398849289119 http://LYC-UP:38360/
[rosmaster.master][INFO] 2017-01-25 11:36:39,679: +SUB [/tf_static] /rviz_1485315398849289119 http://LYC-UP:38360/
[rosmaster.master][INFO] 2017-01-25 11:36:40,252: +PUB [/initialpose] /rviz_1485315398849289119 http://LYC-UP:38360/
[rosmaster.master][INFO] 2017-01-25 11:36:40,258: +PUB [/goal] /rviz_1485315398849289119 http://LYC-UP:38360/
[rosmaster.master][INFO] 2017-01-25 11:36:40,390: -PUB [/goal] /rviz_1485315398849289119 http://LYC-UP:38360/
[rosmaster.master][INFO] 2017-01-25 11:36:40,393: -PUB [/initialpose] /rviz_1485315398849289119 http://LYC-UP:38360/
[rosmaster.master][INFO] 2017-01-25 11:36:40,417: +PUB [/initialpose] /rviz_1485315398849289119 http://LYC-UP:38360/
[rosmaster.master][INFO] 2017-01-25 11:36:40,423: +PUB [/goal] /rviz_1485315398849289119 http://LYC-UP:38360/
[rosmaster.master][INFO] 2017-01-25 11:36:40,428: +PUB [/move_base_simple/goal] /rviz_1485315398849289119 http://LYC-UP:38360/
[rosmaster.master][INFO] 2017-01-25 11:36:40,432: -PUB [/goal] /rviz_1485315398849289119 http://LYC-UP:38360/
[rosmaster.master][INFO] 2017-01-25 11:36:40,435: +PUB [/clicked_point] /rviz_1485315398849289119 http://LYC-UP:38360/
[rosmaster.master][INFO] 2017-01-25 11:36:40,696: +SERVICE [/rviz_1485315398849289119/reload_shaders] /rviz_1485315398849289119 http://LYC-UP:38360/
[rosmaster.master][INFO] 2017-01-25 11:37:08,183: +SUB [/camera/depth/points] /rviz_1485315398849289119 http://LYC-UP:38360/
[rosmaster.master][INFO] 2017-01-25 11:37:24,639: -SUB [/camera/depth/points] /rviz_1485315398849289119 http://LYC-UP:38360/
[rosmaster.master][INFO] 2017-01-25 11:37:24,660: -PUB [/clicked_point] /rviz_1485315398849289119 http://LYC-UP:38360/
[rosmaster.master][INFO] 2017-01-25 11:37:24,671: -PUB [/move_base_simple/goal] /rviz_1485315398849289119 http://LYC-UP:38360/
[rosmaster.master][INFO] 2017-01-25 11:37:24,679: -PUB [/initialpose] /rviz_1485315398849289119 http://LYC-UP:38360/
[rosmaster.master][INFO] 2017-01-25 11:37:24,704: -SUB [/tf_static] /rviz_1485315398849289119 http://LYC-UP:38360/
[rosmaster.master][INFO] 2017-01-25 11:37:24,709: -SUB [/tf] /rviz_1485315398849289119 http://LYC-UP:38360/
[rosmaster.master][INFO] 2017-01-25 11:37:24,723: -SERVICE [/rviz_1485315398849289119/reload_shaders] /rviz_1485315398849289119 rosrpc://LYC-UP:41718
[rosmaster.master][INFO] 2017-01-25 11:37:24,866: -PUB [/rosout] /rviz_1485315398849289119 http://LYC-UP:38360/
[rosmaster.master][INFO] 2017-01-25 11:37:24,871: -SERVICE [/rviz_1485315398849289119/get_loggers] /rviz_1485315398849289119 rosrpc://LYC-UP:41718
[rosmaster.master][INFO] 2017-01-25 11:37:24,875: -SERVICE [/rviz_1485315398849289119/set_logger_level] /rviz_1485315398849289119 rosrpc://LYC-UP:41718
[rosmaster.master][INFO] 2017-01-25 11:37:24,878: publisherUpdate[/rosout] -> http://LYC-UP:33424/
[rosmaster.master][INFO] 2017-01-25 11:37:35,322: +PUB [/rosout] /rviz_1485315455307980130 http://LYC-UP:37693/
[rosmaster.master][INFO] 2017-01-25 11:37:35,327: +SERVICE [/rviz_1485315455307980130/get_loggers] /rviz_1485315455307980130 http://LYC-UP:37693/
[rosmaster.master][INFO] 2017-01-25 11:37:35,330: +SERVICE [/rviz_1485315455307980130/set_logger_level] /rviz_1485315455307980130 http://LYC-UP:37693/
[rosmaster.master][INFO] 2017-01-25 11:37:35,354: publisherUpdate[/rosout] -> http://LYC-UP:33424/
[rosmaster.master][INFO] 2017-01-25 11:37:35,973: +SUB [/tf] /rviz_1485315455307980130 http://LYC-UP:37693/
[rosmaster.master][INFO] 2017-01-25 11:37:35,995: +SUB [/tf_static] /rviz_1485315455307980130 http://LYC-UP:37693/
[rosmaster.master][INFO] 2017-01-25 11:37:36,447: +PUB [/initialpose] /rviz_1485315455307980130 http://LYC-UP:37693/
[rosmaster.master][INFO] 2017-01-25 11:37:36,452: +PUB [/goal] /rviz_1485315455307980130 http://LYC-UP:37693/
[rosmaster.master][INFO] 2017-01-25 11:37:36,740: +SUB [/camera/depth/points] /rviz_1485315455307980130 http://LYC-UP:37693/
[rosmaster.master][INFO] 2017-01-25 11:37:36,744: -PUB [/goal] /rviz_1485315455307980130 http://LYC-UP:37693/
[rosmaster.master][INFO] 2017-01-25 11:37:36,750: -PUB [/initialpose] /rviz_1485315455307980130 http://LYC-UP:37693/
[rosmaster.master][INFO] 2017-01-25 11:37:36,774: +PUB [/initialpose] /rviz_1485315455307980130 http://LYC-UP:37693/
[rosmaster.master][INFO] 2017-01-25 11:37:36,778: +PUB [/goal] /rviz_1485315455307980130 http://LYC-UP:37693/
[rosmaster.master][INFO] 2017-01-25 11:37:36,783: +PUB [/move_base_simple/goal] /rviz_1485315455307980130 http://LYC-UP:37693/
[rosmaster.master][INFO] 2017-01-25 11:37:36,786: -PUB [/goal] /rviz_1485315455307980130 http://LYC-UP:37693/
[rosmaster.master][INFO] 2017-01-25 11:37:36,789: +PUB [/clicked_point] /rviz_1485315455307980130 http://LYC-UP:37693/
[rosmaster.master][INFO] 2017-01-25 11:37:37,024: +SERVICE [/rviz_1485315455307980130/reload_shaders] /rviz_1485315455307980130 http://LYC-UP:37693/
[rosmaster.master][INFO] 2017-01-25 11:38:10,064: -SUB [/camera/depth/points] /rviz_1485315455307980130 http://LYC-UP:37693/
[rosmaster.master][INFO] 2017-01-25 11:38:10,128: -PUB [/clicked_point] /rviz_1485315455307980130 http://LYC-UP:37693/
[rosmaster.master][INFO] 2017-01-25 11:38:10,135: -PUB [/move_base_simple/goal] /rviz_1485315455307980130 http://LYC-UP:37693/
[rosmaster.master][INFO] 2017-01-25 11:38:10,145: -PUB [/initialpose] /rviz_1485315455307980130 http://LYC-UP:37693/
[rosmaster.master][INFO] 2017-01-25 11:38:10,178: -SUB [/tf_static] /rviz_1485315455307980130 http://LYC-UP:37693/
[rosmaster.master][INFO] 2017-01-25 11:38:10,182: -SUB [/tf] /rviz_1485315455307980130 http://LYC-UP:37693/
[rosmaster.master][INFO] 2017-01-25 11:38:10,213: -SERVICE [/rviz_1485315455307980130/reload_shaders] /rviz_1485315455307980130 rosrpc://LYC-UP:49842
[rosmaster.master][INFO] 2017-01-25 11:38:10,303: -PUB [/rosout] /rviz_1485315455307980130 http://LYC-UP:37693/
[rosmaster.master][INFO] 2017-01-25 11:38:10,310: -SERVICE [/rviz_1485315455307980130/get_loggers] /rviz_1485315455307980130 rosrpc://LYC-UP:49842
[rosmaster.master][INFO] 2017-01-25 11:38:10,312: -SERVICE [/rviz_1485315455307980130/set_logger_level] /rviz_1485315455307980130 rosrpc://LYC-UP:49842
[rosmaster.master][INFO] 2017-01-25 11:38:10,319: publisherUpdate[/rosout] -> http://LYC-UP:33424/
[rosmaster.master][INFO] 2017-01-25 11:38:16,855: -PUB [/rosout] /camera/nodelet_manager http://LYC-UP:45985/
[rosmaster.master][INFO] 2017-01-25 11:38:16,858: -PUB [/tf_static] /camera/nodelet_manager http://LYC-UP:45985/
[rosmaster.master][INFO] 2017-01-25 11:38:16,859: publisherUpdate[/rosout] -> http://LYC-UP:33424/
[rosmaster.master][INFO] 2017-01-25 11:38:16,866: -PUB [/camera/color/image_raw/compressedDepth] /camera/nodelet_manager http://LYC-UP:45985/
[rosmaster.master][INFO] 2017-01-25 11:38:16,880: -PUB [/camera/color/image_raw/compressedDepth/parameter_descriptions] /camera/nodelet_manager http://LYC-UP:45985/
[rosmaster.master][INFO] 2017-01-25 11:38:16,886: -PUB [/camera/color/image_raw/compressedDepth/parameter_updates] /camera/nodelet_manager http://LYC-UP:45985/
[rosmaster.master][INFO] 2017-01-25 11:38:16,889: -PUB [/camera/color/image_raw/compressed] /camera/nodelet_manager http://LYC-UP:45985/
[rosmaster.master][INFO] 2017-01-25 11:38:16,892: -PUB [/camera/color/image_raw/compressed/parameter_descriptions] /camera/nodelet_manager http://LYC-UP:45985/
[rosmaster.master][INFO] 2017-01-25 11:38:16,902: -PUB [/camera/color/image_raw/compressed/parameter_updates] /camera/nodelet_manager http://LYC-UP:45985/
[rosmaster.master][INFO] 2017-01-25 11:38:16,916: -PUB [/camera/color/image_raw] /camera/nodelet_manager http://LYC-UP:45985/
[rosmaster.master][INFO] 2017-01-25 11:38:16,921: -PUB [/camera/color/image_raw/theora] /camera/nodelet_manager http://LYC-UP:45985/
[rosmaster.master][INFO] 2017-01-25 11:38:16,924: -PUB [/camera/color/image_raw/theora/parameter_descriptions] /camera/nodelet_manager http://LYC-UP:45985/
[rosmaster.master][INFO] 2017-01-25 11:38:16,928: -PUB [/camera/color/image_raw/theora/parameter_updates] /camera/nodelet_manager http://LYC-UP:45985/
[rosmaster.master][INFO] 2017-01-25 11:38:16,937: -PUB [/camera/color/camera_info] /camera/nodelet_manager http://LYC-UP:45985/
[rosmaster.master][INFO] 2017-01-25 11:38:16,945: -PUB [/camera/depth/image_raw/compressedDepth] /camera/nodelet_manager http://LYC-UP:45985/
[rosmaster.master][INFO] 2017-01-25 11:38:16,949: -PUB [/camera/depth/image_raw/compressedDepth/parameter_descriptions] /camera/nodelet_manager http://LYC-UP:45985/
[rosmaster.master][INFO] 2017-01-25 11:38:16,955: -PUB [/camera/depth/image_raw/compressedDepth/parameter_updates] /camera/nodelet_manager http://LYC-UP:45985/
[rosmaster.master][INFO] 2017-01-25 11:38:16,958: -PUB [/camera/depth/image_raw/compressed] /camera/nodelet_manager http://LYC-UP:45985/
[rosmaster.master][INFO] 2017-01-25 11:38:16,962: -PUB [/camera/depth/image_raw/compressed/parameter_descriptions] /camera/nodelet_manager http://LYC-UP:45985/
[rosmaster.master][INFO] 2017-01-25 11:38:16,972: -PUB [/camera/depth/image_raw/compressed/parameter_updates] /camera/nodelet_manager http://LYC-UP:45985/
[rosmaster.master][INFO] 2017-01-25 11:38:16,975: -PUB [/camera/depth/image_raw] /camera/nodelet_manager http://LYC-UP:45985/
[rosmaster.master][INFO] 2017-01-25 11:38:16,979: -PUB [/camera/depth/image_raw/theora] /camera/nodelet_manager http://LYC-UP:45985/
[rosmaster.master][INFO] 2017-01-25 11:38:16,984: -PUB [/camera/depth/image_raw/theora/parameter_descriptions] /camera/nodelet_manager http://LYC-UP:45985/
[rosmaster.master][INFO] 2017-01-25 11:38:16,988: -PUB [/camera/depth/image_raw/theora/parameter_updates] /camera/nodelet_manager http://LYC-UP:45985/
[rosmaster.master][INFO] 2017-01-25 11:38:16,996: -PUB [/camera/depth/camera_info] /camera/nodelet_manager http://LYC-UP:45985/
[rosmaster.master][INFO] 2017-01-25 11:38:17,000: -PUB [/camera/depth/points] /camera/nodelet_manager http://LYC-UP:45985/
[rosmaster.master][INFO] 2017-01-25 11:38:17,008: -PUB [/camera/ir/image_raw/compressedDepth] /camera/nodelet_manager http://LYC-UP:45985/
[rosmaster.master][INFO] 2017-01-25 11:38:17,012: -PUB [/camera/ir/image_raw/compressedDepth/parameter_descriptions] /camera/nodelet_manager http://LYC-UP:45985/
[rosmaster.master][INFO] 2017-01-25 11:38:17,015: -PUB [/camera/ir/image_raw/compressedDepth/parameter_updates] /camera/nodelet_manager http://LYC-UP:45985/
[rosmaster.master][INFO] 2017-01-25 11:38:17,019: -PUB [/camera/ir/image_raw/compressed] /camera/nodelet_manager http://LYC-UP:45985/
[rosmaster.master][INFO] 2017-01-25 11:38:17,025: -PUB [/camera/ir/image_raw/compressed/parameter_descriptions] /camera/nodelet_manager http://LYC-UP:45985/
[rosmaster.master][INFO] 2017-01-25 11:38:17,034: -PUB [/camera/ir/image_raw/compressed/parameter_updates] /camera/nodelet_manager http://LYC-UP:45985/
[rosmaster.master][INFO] 2017-01-25 11:38:17,050: -PUB [/camera/ir/image_raw] /camera/nodelet_manager http://LYC-UP:45985/
[rosmaster.master][INFO] 2017-01-25 11:38:17,053: -PUB [/camera/ir/image_raw/theora] /camera/nodelet_manager http://LYC-UP:45985/
[rosmaster.master][INFO] 2017-01-25 11:38:17,056: -PUB [/camera/ir/image_raw/theora/parameter_descriptions] /camera/nodelet_manager http://LYC-UP:45985/
[rosmaster.master][INFO] 2017-01-25 11:38:17,063: -PUB [/camera/ir/image_raw/theora/parameter_updates] /camera/nodelet_manager http://LYC-UP:45985/
[rosmaster.master][INFO] 2017-01-25 11:38:17,067: -PUB [/camera/ir/camera_info] /camera/nodelet_manager http://LYC-UP:45985/
[rosmaster.master][INFO] 2017-01-25 11:38:17,072: -PUB [/camera/ir2/image_raw/compressedDepth] /camera/nodelet_manager http://LYC-UP:45985/
[rosmaster.master][INFO] 2017-01-25 11:38:17,083: -PUB [/camera/ir2/image_raw/compressedDepth/parameter_descriptions] /camera/nodelet_manager http://LYC-UP:45985/
[rosmaster.master][INFO] 2017-01-25 11:38:17,091: -PUB [/camera/ir2/image_raw/compressedDepth/parameter_updates] /camera/nodelet_manager http://LYC-UP:45985/
[rosmaster.master][INFO] 2017-01-25 11:38:17,104: -PUB [/camera/ir2/image_raw/compressed] /camera/nodelet_manager http://LYC-UP:45985/
[rosmaster.master][INFO] 2017-01-25 11:38:17,108: -PUB [/camera/ir2/image_raw/compressed/parameter_descriptions] /camera/nodelet_manager http://LYC-UP:45985/
[rosmaster.master][INFO] 2017-01-25 11:38:17,114: -PUB [/camera/ir2/image_raw/compressed/parameter_updates] /camera/nodelet_manager http://LYC-UP:45985/
[rosmaster.master][INFO] 2017-01-25 11:38:17,120: -PUB [/camera/ir2/image_raw] /camera/nodelet_manager http://LYC-UP:45985/
[rosmaster.master][INFO] 2017-01-25 11:38:17,123: -PUB [/camera/ir2/image_raw/theora] /camera/nodelet_manager http://LYC-UP:45985/
[rosmaster.master][INFO] 2017-01-25 11:38:17,130: -PUB [/camera/ir2/image_raw/theora/parameter_descriptions] /camera/nodelet_manager http://LYC-UP:45985/
[rosmaster.master][INFO] 2017-01-25 11:38:17,138: -PUB [/camera/ir2/image_raw/theora/parameter_updates] /camera/nodelet_manager http://LYC-UP:45985/
[rosmaster.master][INFO] 2017-01-25 11:38:17,142: -PUB [/camera/ir2/camera_info] /camera/nodelet_manager http://LYC-UP:45985/
[rosmaster.master][INFO] 2017-01-25 11:38:17,147: -PUB [/camera/driver/parameter_descriptions] /camera/nodelet_manager http://LYC-UP:45985/
[rosmaster.master][INFO] 2017-01-25 11:38:17,152: -PUB [/camera/driver/parameter_updates] /camera/nodelet_manager http://LYC-UP:45985/
[rosmaster.master][INFO] 2017-01-25 11:38:17,156: -PUB [/camera/nodelet_manager/bond] /camera/nodelet_manager http://LYC-UP:45985/
[rosmaster.master][INFO] 2017-01-25 11:38:17,168: publisherUpdate[/camera/nodelet_manager/bond] -> http://LYC-UP:45985/
[rosmaster.master][INFO] 2017-01-25 11:38:17,169: publisherUpdate[/camera/nodelet_manager/bond] -> http://LYC-UP:34921/
[rosmaster.master][INFO] 2017-01-25 11:38:17,175: -SUB [/camera/nodelet_manager/bond] /camera/nodelet_manager http://LYC-UP:45985/
[rosmaster.master][INFO] 2017-01-25 11:38:17,183: -SERVICE [/camera/nodelet_manager/get_loggers] /camera/nodelet_manager rosrpc://LYC-UP:44075
[rosmaster.master][INFO] 2017-01-25 11:38:17,189: -SERVICE [/camera/nodelet_manager/set_logger_level] /camera/nodelet_manager rosrpc://LYC-UP:44075
[rosmaster.threadpool][ERROR] 2017-01-25 11:38:17,199: Traceback (most recent call last):
  File "/opt/ros/kinetic/lib/python2.7/dist-packages/rosmaster/threadpool.py", line 218, in run
    result = cmd(*args)
  File "/opt/ros/kinetic/lib/python2.7/dist-packages/rosmaster/master_api.py", line 208, in publisher_update_task
    xmlrpcapi(api).publisherUpdate('/master', topic, pub_uris)
  File "/usr/lib/python2.7/xmlrpclib.py", line 1243, in __call__
    return self.__send(self.__name, args)
  File "/usr/lib/python2.7/xmlrpclib.py", line 1602, in __request
    verbose=self.__verbose
  File "/usr/lib/python2.7/xmlrpclib.py", line 1283, in request
    return self.single_request(host, handler, request_body, verbose)
  File "/usr/lib/python2.7/xmlrpclib.py", line 1316, in single_request
    return self.parse_response(response)
  File "/usr/lib/python2.7/xmlrpclib.py", line 1493, in parse_response
    return u.close()
  File "/usr/lib/python2.7/xmlrpclib.py", line 800, in close
    raise Fault(**self._stack[0])
Fault: <Fault -1: 'publisherUpdate: unknown method name'>

[rosmaster.master][INFO] 2017-01-25 11:38:17,202: -SERVICE [/camera/nodelet_manager/load_nodelet] /camera/nodelet_manager rosrpc://LYC-UP:44075
[rosmaster.master][INFO] 2017-01-25 11:38:17,208: -SERVICE [/camera/nodelet_manager/unload_nodelet] /camera/nodelet_manager rosrpc://LYC-UP:44075
[rosmaster.master][INFO] 2017-01-25 11:38:17,216: -SERVICE [/camera/nodelet_manager/list] /camera/nodelet_manager rosrpc://LYC-UP:44075
[rosmaster.master][INFO] 2017-01-25 11:38:17,220: -SERVICE [/camera/color/image_raw/compressedDepth/set_parameters] /camera/nodelet_manager rosrpc://LYC-UP:44075
[rosmaster.master][INFO] 2017-01-25 11:38:17,223: -SERVICE [/camera/color/image_raw/compressed/set_parameters] /camera/nodelet_manager rosrpc://LYC-UP:44075
[rosmaster.master][INFO] 2017-01-25 11:38:17,234: -SERVICE [/camera/color/image_raw/theora/set_parameters] /camera/nodelet_manager rosrpc://LYC-UP:44075
[rosmaster.master][INFO] 2017-01-25 11:38:17,241: -SERVICE [/camera/depth/image_raw/compressedDepth/set_parameters] /camera/nodelet_manager rosrpc://LYC-UP:44075
[rosmaster.master][INFO] 2017-01-25 11:38:17,244: -SERVICE [/camera/depth/image_raw/compressed/set_parameters] /camera/nodelet_manager rosrpc://LYC-UP:44075
[rosmaster.master][INFO] 2017-01-25 11:38:17,248: -SERVICE [/camera/depth/image_raw/theora/set_parameters] /camera/nodelet_manager rosrpc://LYC-UP:44075
[rosmaster.master][INFO] 2017-01-25 11:38:17,257: -SERVICE [/camera/ir/image_raw/compressedDepth/set_parameters] /camera/nodelet_manager rosrpc://LYC-UP:44075
[rosmaster.master][INFO] 2017-01-25 11:38:17,261: -SERVICE [/camera/ir/image_raw/compressed/set_parameters] /camera/nodelet_manager rosrpc://LYC-UP:44075
[rosmaster.master][INFO] 2017-01-25 11:38:17,265: -SERVICE [/camera/ir/image_raw/theora/set_parameters] /camera/nodelet_manager rosrpc://LYC-UP:44075
[rosmaster.master][INFO] 2017-01-25 11:38:17,276: -SERVICE [/camera/ir2/image_raw/compressedDepth/set_parameters] /camera/nodelet_manager rosrpc://LYC-UP:44075
[rosmaster.master][INFO] 2017-01-25 11:38:17,284: -SERVICE [/camera/ir2/image_raw/compressed/set_parameters] /camera/nodelet_manager rosrpc://LYC-UP:44075
[rosmaster.master][INFO] 2017-01-25 11:38:17,290: -SERVICE [/camera/ir2/image_raw/theora/set_parameters] /camera/nodelet_manager rosrpc://LYC-UP:44075
[rosmaster.master][INFO] 2017-01-25 11:38:17,293: -SERVICE [/camera/driver/get_settings] /camera/nodelet_manager rosrpc://LYC-UP:44075
[rosmaster.master][INFO] 2017-01-25 11:38:17,305: -SERVICE [/camera/driver/set_power] /camera/nodelet_manager rosrpc://LYC-UP:44075
[rosmaster.master][INFO] 2017-01-25 11:38:17,316: -SERVICE [/camera/driver/force_power] /camera/nodelet_manager rosrpc://LYC-UP:44075
[rosmaster.master][INFO] 2017-01-25 11:38:17,328: -SERVICE [/camera/driver/is_powered] /camera/nodelet_manager rosrpc://LYC-UP:44075
[rosmaster.master][INFO] 2017-01-25 11:38:17,336: -SERVICE [/camera/driver/set_parameters] /camera/nodelet_manager rosrpc://LYC-UP:44075
[rosmaster.master][INFO] 2017-01-25 11:38:17,475: -PUB [/rosout] /camera/driver http://LYC-UP:34921/
[rosmaster.master][INFO] 2017-01-25 11:38:17,477: -PUB [/camera/nodelet_manager/bond] /camera/driver http://LYC-UP:34921/
[rosmaster.master][INFO] 2017-01-25 11:38:17,482: -SUB [/camera/nodelet_manager/bond] /camera/driver http://LYC-UP:34921/
[rosmaster.master][INFO] 2017-01-25 11:38:17,487: -SERVICE [/camera/driver/get_loggers] /camera/driver rosrpc://LYC-UP:56378
[rosmaster.master][INFO] 2017-01-25 11:38:17,490: -SERVICE [/camera/driver/set_logger_level] /camera/driver rosrpc://LYC-UP:56378
[rosmaster.master][INFO] 2017-01-25 11:38:17,501: publisherUpdate[/rosout] -> http://LYC-UP:33424/
[rosmaster.master][INFO] 2017-01-25 11:38:17,505: publisherUpdate[/camera/nodelet_manager/bond] -> http://LYC-UP:34921/
[rosmaster.threadpool][ERROR] 2017-01-25 11:38:17,509: Traceback (most recent call last):
  File "/opt/ros/kinetic/lib/python2.7/dist-packages/rosmaster/threadpool.py", line 218, in run
    result = cmd(*args)
  File "/opt/ros/kinetic/lib/python2.7/dist-packages/rosmaster/master_api.py", line 208, in publisher_update_task
    xmlrpcapi(api).publisherUpdate('/master', topic, pub_uris)
  File "/usr/lib/python2.7/xmlrpclib.py", line 1243, in __call__
    return self.__send(self.__name, args)
  File "/usr/lib/python2.7/xmlrpclib.py", line 1602, in __request
    verbose=self.__verbose
  File "/usr/lib/python2.7/xmlrpclib.py", line 1283, in request
    return self.single_request(host, handler, request_body, verbose)
  File "/usr/lib/python2.7/xmlrpclib.py", line 1316, in single_request
    return self.parse_response(response)
  File "/usr/lib/python2.7/xmlrpclib.py", line 1493, in parse_response
    return u.close()
  File "/usr/lib/python2.7/xmlrpclib.py", line 800, in close
    raise Fault(**self._stack[0])
Fault: <Fault -1: 'publisherUpdate: unknown method name'>

[rosmaster.master][INFO] 2017-01-25 11:38:17,805: -PUB [/rosout_agg] /rosout http://LYC-UP:33424/
[rosmaster.master][INFO] 2017-01-25 11:38:17,809: -SUB [/rosout] /rosout http://LYC-UP:33424/
[rosmaster.master][INFO] 2017-01-25 11:38:17,812: -SERVICE [/rosout/get_loggers] /rosout rosrpc://LYC-UP:59801
[rosmaster.master][INFO] 2017-01-25 11:38:17,815: -SERVICE [/rosout/set_logger_level] /rosout rosrpc://LYC-UP:59801
[rosmaster.main][INFO] 2017-01-25 11:38:17,969: keyboard interrupt, will exit
[rosmaster.main][INFO] 2017-01-25 11:38:17,969: stopping master...
[rospy.core][INFO] 2017-01-25 11:38:17,970: signal_shutdown [atexit]
