[rosmaster.main][INFO] 2017-01-25 12:58:27,989: initialization complete, waiting for shutdown
[rosmaster.main][INFO] 2017-01-25 12:58:27,990: Starting ROS Master Node
[xmlrpc][INFO] 2017-01-25 12:58:27,992: XML-RPC server binding to 0.0.0.0:11311
[xmlrpc][INFO] 2017-01-25 12:58:27,993: Started XML-RPC server [http://LYC-UP:11311/]
[rosmaster.master][INFO] 2017-01-25 12:58:27,994: Master initialized: port[11311], uri[http://LYC-UP:11311/]
[xmlrpc][INFO] 2017-01-25 12:58:27,994: xml rpc node: starting XML-RPC server
[rosmaster.master][INFO] 2017-01-25 12:58:28,046: +PARAM [/run_id] by /roslaunch
[rosmaster.master][INFO] 2017-01-25 12:58:28,054: +PARAM [/roslaunch/uris/host_lyc_up__46448] by /roslaunch
[rosmaster.master][INFO] 2017-01-25 12:58:28,198: +PARAM [/camera/driver/color_fps] by /roslaunch
[rosmaster.master][INFO] 2017-01-25 12:58:28,200: +PARAM [/camera/driver/ir_optical_frame_id] by /roslaunch
[rosmaster.master][INFO] 2017-01-25 12:58:28,202: +PARAM [/camera/driver/color_width] by /roslaunch
[rosmaster.master][INFO] 2017-01-25 12:58:28,205: +PARAM [/camera/driver/ir2_optical_frame_id] by /roslaunch
[rosmaster.master][INFO] 2017-01-25 12:58:28,207: +PARAM [/camera/driver/fisheye_frame_id] by /roslaunch
[rosmaster.master][INFO] 2017-01-25 12:58:28,209: +SERVICE [/rosout/get_loggers] /rosout http://LYC-UP:46624/
[rosmaster.master][INFO] 2017-01-25 12:58:28,209: +PARAM [/camera/driver/enable_depth] by /roslaunch
[rosmaster.master][INFO] 2017-01-25 12:58:28,210: +PARAM [/camera/driver/enable_ir2] by /roslaunch
[rosmaster.master][INFO] 2017-01-25 12:58:28,211: +PARAM [/camera/driver/mode] by /roslaunch
[rosmaster.master][INFO] 2017-01-25 12:58:28,212: +PARAM [/camera/driver/fisheye_optical_frame_id] by /roslaunch
[rosmaster.master][INFO] 2017-01-25 12:58:28,213: +PARAM [/camera/driver/depth_optical_frame_id] by /roslaunch
[rosmaster.master][INFO] 2017-01-25 12:58:28,214: +SERVICE [/rosout/set_logger_level] /rosout http://LYC-UP:46624/
[rosmaster.master][INFO] 2017-01-25 12:58:28,215: +PARAM [/camera/driver/color_optical_frame_id] by /roslaunch
[rosmaster.master][INFO] 2017-01-25 12:58:28,216: +PARAM [/camera/driver/depth_height] by /roslaunch
[rosmaster.master][INFO] 2017-01-25 12:58:28,217: +PARAM [/camera/driver/ir2_frame_id] by /roslaunch
[rosmaster.master][INFO] 2017-01-25 12:58:28,219: +PARAM [/camera/driver/imu_optical_frame_id] by /roslaunch
[rosmaster.master][INFO] 2017-01-25 12:58:28,220: +PARAM [/camera/driver/color_height] by /roslaunch
[rosmaster.master][INFO] 2017-01-25 12:58:28,222: +PARAM [/rosdistro] by /roslaunch
[rosmaster.master][INFO] 2017-01-25 12:58:28,223: +PUB [/rosout_agg] /rosout http://LYC-UP:46624/
[rosmaster.master][INFO] 2017-01-25 12:58:28,224: +PARAM [/camera/driver/camera_type] by /roslaunch
[rosmaster.master][INFO] 2017-01-25 12:58:28,225: +PARAM [/rosversion] by /roslaunch
[rosmaster.master][INFO] 2017-01-25 12:58:28,226: +PARAM [/camera/driver/depth_fps] by /roslaunch
[rosmaster.master][INFO] 2017-01-25 12:58:28,229: +PARAM [/camera/driver/color_frame_id] by /roslaunch
[rosmaster.master][INFO] 2017-01-25 12:58:28,230: +PARAM [/camera/driver/enable_color] by /roslaunch
[rosmaster.master][INFO] 2017-01-25 12:58:28,232: +PARAM [/camera/driver/base_frame_id] by /roslaunch
[rosmaster.master][INFO] 2017-01-25 12:58:28,233: +PARAM [/camera/driver/imu_frame_id] by /roslaunch
[rosmaster.master][INFO] 2017-01-25 12:58:28,235: +PARAM [/camera/driver/enable_pointcloud] by /roslaunch
[rosmaster.master][INFO] 2017-01-25 12:58:28,236: +PARAM [/camera/driver/enable_ir] by /roslaunch
[rosmaster.master][INFO] 2017-01-25 12:58:28,239: +PARAM [/camera/driver/enable_tf] by /roslaunch
[rosmaster.master][INFO] 2017-01-25 12:58:28,240: +PARAM [/camera/driver/depth_frame_id] by /roslaunch
[rosmaster.master][INFO] 2017-01-25 12:58:28,242: +PARAM [/camera/driver/usb_port_id] by /roslaunch
[rosmaster.master][INFO] 2017-01-25 12:58:28,244: +SUB [/rosout] /rosout http://LYC-UP:46624/
[rosmaster.master][INFO] 2017-01-25 12:58:28,245: +PARAM [/camera/driver/depth_width] by /roslaunch
[rosmaster.master][INFO] 2017-01-25 12:58:28,246: +PARAM [/camera/driver/serial_no] by /roslaunch
[rosmaster.master][INFO] 2017-01-25 12:58:28,247: +PARAM [/camera/driver/ir_frame_id] by /roslaunch
[rosmaster.master][INFO] 2017-01-25 12:58:28,338: +PUB [/rosout] /camera/driver http://LYC-UP:44254/
[rosmaster.master][INFO] 2017-01-25 12:58:28,341: +SERVICE [/camera/driver/get_loggers] /camera/driver http://LYC-UP:44254/
[rosmaster.master][INFO] 2017-01-25 12:58:28,344: +SERVICE [/camera/driver/set_logger_level] /camera/driver http://LYC-UP:44254/
[rosmaster.master][INFO] 2017-01-25 12:58:28,356: +PARAM [/camera/driver] by /camera/driver
[rosmaster.master][INFO] 2017-01-25 12:58:28,370: +PUB [/rosout] /camera/nodelet_manager http://LYC-UP:42462/
[rosmaster.master][INFO] 2017-01-25 12:58:28,373: +SERVICE [/camera/nodelet_manager/get_loggers] /camera/nodelet_manager http://LYC-UP:42462/
[rosmaster.master][INFO] 2017-01-25 12:58:28,375: +SERVICE [/camera/nodelet_manager/set_logger_level] /camera/nodelet_manager http://LYC-UP:42462/
[rosmaster.master][INFO] 2017-01-25 12:58:28,384: +SERVICE [/camera/nodelet_manager/load_nodelet] /camera/nodelet_manager http://LYC-UP:42462/
[rosmaster.master][INFO] 2017-01-25 12:58:28,387: +SERVICE [/camera/nodelet_manager/unload_nodelet] /camera/nodelet_manager http://LYC-UP:42462/
[rosmaster.master][INFO] 2017-01-25 12:58:28,389: +SERVICE [/camera/nodelet_manager/list] /camera/nodelet_manager http://LYC-UP:42462/
[rosmaster.master][INFO] 2017-01-25 12:58:28,399: publisherUpdate[/rosout] -> http://LYC-UP:46624/
[rosmaster.master][INFO] 2017-01-25 12:58:28,406: publisherUpdate[/rosout] -> http://LYC-UP:46624/
[rosmaster.master][INFO] 2017-01-25 12:58:28,548: +PUB [/tf_static] /camera/nodelet_manager http://LYC-UP:42462/
[rosmaster.master][INFO] 2017-01-25 12:58:28,876: +PUB [/camera/color/image_raw/compressedDepth] /camera/nodelet_manager http://LYC-UP:42462/
[rosmaster.master][INFO] 2017-01-25 12:58:28,879: +SERVICE [/camera/color/image_raw/compressedDepth/set_parameters] /camera/nodelet_manager http://LYC-UP:42462/
[rosmaster.master][INFO] 2017-01-25 12:58:28,881: +PUB [/camera/color/image_raw/compressedDepth/parameter_descriptions] /camera/nodelet_manager http://LYC-UP:42462/
[rosmaster.master][INFO] 2017-01-25 12:58:28,884: +PUB [/camera/color/image_raw/compressedDepth/parameter_updates] /camera/nodelet_manager http://LYC-UP:42462/
[rosmaster.master][INFO] 2017-01-25 12:58:28,892: +PARAM [/camera/color/image_raw/compressedDepth/depth_max] by /camera/nodelet_manager
[rosmaster.master][INFO] 2017-01-25 12:58:28,895: +PARAM [/camera/color/image_raw/compressedDepth/depth_quantization] by /camera/nodelet_manager
[rosmaster.master][INFO] 2017-01-25 12:58:28,898: +PARAM [/camera/color/image_raw/compressedDepth/png_level] by /camera/nodelet_manager
[rosmaster.master][INFO] 2017-01-25 12:58:28,900: +PARAM [/camera/color/image_raw/compressedDepth/depth_max] by /camera/nodelet_manager
[rosmaster.master][INFO] 2017-01-25 12:58:28,903: +PARAM [/camera/color/image_raw/compressedDepth/depth_quantization] by /camera/nodelet_manager
[rosmaster.master][INFO] 2017-01-25 12:58:28,906: +PARAM [/camera/color/image_raw/compressedDepth/png_level] by /camera/nodelet_manager
[rosmaster.master][INFO] 2017-01-25 12:58:28,996: +PUB [/camera/color/image_raw/compressed] /camera/nodelet_manager http://LYC-UP:42462/
[rosmaster.master][INFO] 2017-01-25 12:58:28,999: +SERVICE [/camera/color/image_raw/compressed/set_parameters] /camera/nodelet_manager http://LYC-UP:42462/
[rosmaster.master][INFO] 2017-01-25 12:58:29,002: +PUB [/camera/color/image_raw/compressed/parameter_descriptions] /camera/nodelet_manager http://LYC-UP:42462/
[rosmaster.master][INFO] 2017-01-25 12:58:29,006: +PUB [/camera/color/image_raw/compressed/parameter_updates] /camera/nodelet_manager http://LYC-UP:42462/
[rosmaster.master][INFO] 2017-01-25 12:58:29,015: +PARAM [/camera/color/image_raw/compressed/format] by /camera/nodelet_manager
[rosmaster.master][INFO] 2017-01-25 12:58:29,017: +PARAM [/camera/color/image_raw/compressed/jpeg_quality] by /camera/nodelet_manager
[rosmaster.master][INFO] 2017-01-25 12:58:29,020: +PARAM [/camera/color/image_raw/compressed/png_level] by /camera/nodelet_manager
[rosmaster.master][INFO] 2017-01-25 12:58:29,023: +PARAM [/camera/color/image_raw/compressed/format] by /camera/nodelet_manager
[rosmaster.master][INFO] 2017-01-25 12:58:29,026: +PARAM [/camera/color/image_raw/compressed/jpeg_quality] by /camera/nodelet_manager
[rosmaster.master][INFO] 2017-01-25 12:58:29,029: +PARAM [/camera/color/image_raw/compressed/png_level] by /camera/nodelet_manager
[rosmaster.master][INFO] 2017-01-25 12:58:29,119: +PUB [/camera/color/image_raw] /camera/nodelet_manager http://LYC-UP:42462/
[rosmaster.master][INFO] 2017-01-25 12:58:29,214: +PUB [/camera/color/image_raw/theora] /camera/nodelet_manager http://LYC-UP:42462/
[rosmaster.master][INFO] 2017-01-25 12:58:29,217: +SERVICE [/camera/color/image_raw/theora/set_parameters] /camera/nodelet_manager http://LYC-UP:42462/
[rosmaster.master][INFO] 2017-01-25 12:58:29,220: +PUB [/camera/color/image_raw/theora/parameter_descriptions] /camera/nodelet_manager http://LYC-UP:42462/
[rosmaster.master][INFO] 2017-01-25 12:58:29,223: +PUB [/camera/color/image_raw/theora/parameter_updates] /camera/nodelet_manager http://LYC-UP:42462/
[rosmaster.master][INFO] 2017-01-25 12:58:29,235: +PARAM [/camera/color/image_raw/theora/optimize_for] by /camera/nodelet_manager
[rosmaster.master][INFO] 2017-01-25 12:58:29,237: +PARAM [/camera/color/image_raw/theora/target_bitrate] by /camera/nodelet_manager
[rosmaster.master][INFO] 2017-01-25 12:58:29,240: +PARAM [/camera/color/image_raw/theora/quality] by /camera/nodelet_manager
[rosmaster.master][INFO] 2017-01-25 12:58:29,243: +PARAM [/camera/color/image_raw/theora/keyframe_frequency] by /camera/nodelet_manager
[rosmaster.master][INFO] 2017-01-25 12:58:29,245: +PARAM [/camera/color/image_raw/theora/optimize_for] by /camera/nodelet_manager
[rosmaster.master][INFO] 2017-01-25 12:58:29,248: +PARAM [/camera/color/image_raw/theora/target_bitrate] by /camera/nodelet_manager
[rosmaster.master][INFO] 2017-01-25 12:58:29,250: +PARAM [/camera/color/image_raw/theora/quality] by /camera/nodelet_manager
[rosmaster.master][INFO] 2017-01-25 12:58:29,253: +PARAM [/camera/color/image_raw/theora/keyframe_frequency] by /camera/nodelet_manager
[rosmaster.master][INFO] 2017-01-25 12:58:29,255: +PUB [/camera/color/camera_info] /camera/nodelet_manager http://LYC-UP:42462/
[rosmaster.master][INFO] 2017-01-25 12:58:29,347: +PUB [/camera/depth/image_raw/compressedDepth] /camera/nodelet_manager http://LYC-UP:42462/
[rosmaster.master][INFO] 2017-01-25 12:58:29,350: +SERVICE [/camera/depth/image_raw/compressedDepth/set_parameters] /camera/nodelet_manager http://LYC-UP:42462/
[rosmaster.master][INFO] 2017-01-25 12:58:29,354: +PUB [/camera/depth/image_raw/compressedDepth/parameter_descriptions] /camera/nodelet_manager http://LYC-UP:42462/
[rosmaster.master][INFO] 2017-01-25 12:58:29,357: +PUB [/camera/depth/image_raw/compressedDepth/parameter_updates] /camera/nodelet_manager http://LYC-UP:42462/
[rosmaster.master][INFO] 2017-01-25 12:58:29,365: +PARAM [/camera/depth/image_raw/compressedDepth/depth_max] by /camera/nodelet_manager
[rosmaster.master][INFO] 2017-01-25 12:58:29,368: +PARAM [/camera/depth/image_raw/compressedDepth/depth_quantization] by /camera/nodelet_manager
[rosmaster.master][INFO] 2017-01-25 12:58:29,370: +PARAM [/camera/depth/image_raw/compressedDepth/png_level] by /camera/nodelet_manager
[rosmaster.master][INFO] 2017-01-25 12:58:29,373: +PARAM [/camera/depth/image_raw/compressedDepth/depth_max] by /camera/nodelet_manager
[rosmaster.master][INFO] 2017-01-25 12:58:29,375: +PARAM [/camera/depth/image_raw/compressedDepth/depth_quantization] by /camera/nodelet_manager
[rosmaster.master][INFO] 2017-01-25 12:58:29,378: +PARAM [/camera/depth/image_raw/compressedDepth/png_level] by /camera/nodelet_manager
[rosmaster.master][INFO] 2017-01-25 12:58:29,466: +PUB [/camera/depth/image_raw/compressed] /camera/nodelet_manager http://LYC-UP:42462/
[rosmaster.master][INFO] 2017-01-25 12:58:29,469: +SERVICE [/camera/depth/image_raw/compressed/set_parameters] /camera/nodelet_manager http://LYC-UP:42462/
[rosmaster.master][INFO] 2017-01-25 12:58:29,472: +PUB [/camera/depth/image_raw/compressed/parameter_descriptions] /camera/nodelet_manager http://LYC-UP:42462/
[rosmaster.master][INFO] 2017-01-25 12:58:29,476: +PUB [/camera/depth/image_raw/compressed/parameter_updates] /camera/nodelet_manager http://LYC-UP:42462/
[rosmaster.master][INFO] 2017-01-25 12:58:29,486: +PARAM [/camera/depth/image_raw/compressed/format] by /camera/nodelet_manager
[rosmaster.master][INFO] 2017-01-25 12:58:29,488: +PARAM [/camera/depth/image_raw/compressed/jpeg_quality] by /camera/nodelet_manager
[rosmaster.master][INFO] 2017-01-25 12:58:29,491: +PARAM [/camera/depth/image_raw/compressed/png_level] by /camera/nodelet_manager
[rosmaster.master][INFO] 2017-01-25 12:58:29,494: +PARAM [/camera/depth/image_raw/compressed/format] by /camera/nodelet_manager
[rosmaster.master][INFO] 2017-01-25 12:58:29,497: +PARAM [/camera/depth/image_raw/compressed/jpeg_quality] by /camera/nodelet_manager
[rosmaster.master][INFO] 2017-01-25 12:58:29,500: +PARAM [/camera/depth/image_raw/compressed/png_level] by /camera/nodelet_manager
[rosmaster.master][INFO] 2017-01-25 12:58:29,589: +PUB [/camera/depth/image_raw] /camera/nodelet_manager http://LYC-UP:42462/
[rosmaster.master][INFO] 2017-01-25 12:58:29,681: +PUB [/camera/depth/image_raw/theora] /camera/nodelet_manager http://LYC-UP:42462/
[rosmaster.master][INFO] 2017-01-25 12:58:29,684: +SERVICE [/camera/depth/image_raw/theora/set_parameters] /camera/nodelet_manager http://LYC-UP:42462/
[rosmaster.master][INFO] 2017-01-25 12:58:29,687: +PUB [/camera/depth/image_raw/theora/parameter_descriptions] /camera/nodelet_manager http://LYC-UP:42462/
[rosmaster.master][INFO] 2017-01-25 12:58:29,690: +PUB [/camera/depth/image_raw/theora/parameter_updates] /camera/nodelet_manager http://LYC-UP:42462/
[rosmaster.master][INFO] 2017-01-25 12:58:29,702: +PARAM [/camera/depth/image_raw/theora/optimize_for] by /camera/nodelet_manager
[rosmaster.master][INFO] 2017-01-25 12:58:29,705: +PARAM [/camera/depth/image_raw/theora/target_bitrate] by /camera/nodelet_manager
[rosmaster.master][INFO] 2017-01-25 12:58:29,707: +PARAM [/camera/depth/image_raw/theora/quality] by /camera/nodelet_manager
[rosmaster.master][INFO] 2017-01-25 12:58:29,710: +PARAM [/camera/depth/image_raw/theora/keyframe_frequency] by /camera/nodelet_manager
[rosmaster.master][INFO] 2017-01-25 12:58:29,713: +PARAM [/camera/depth/image_raw/theora/optimize_for] by /camera/nodelet_manager
[rosmaster.master][INFO] 2017-01-25 12:58:29,715: +PARAM [/camera/depth/image_raw/theora/target_bitrate] by /camera/nodelet_manager
[rosmaster.master][INFO] 2017-01-25 12:58:29,718: +PARAM [/camera/depth/image_raw/theora/quality] by /camera/nodelet_manager
[rosmaster.master][INFO] 2017-01-25 12:58:29,721: +PARAM [/camera/depth/image_raw/theora/keyframe_frequency] by /camera/nodelet_manager
[rosmaster.master][INFO] 2017-01-25 12:58:29,724: +PUB [/camera/depth/camera_info] /camera/nodelet_manager http://LYC-UP:42462/
[rosmaster.master][INFO] 2017-01-25 12:58:29,727: +PUB [/camera/depth/points] /camera/nodelet_manager http://LYC-UP:42462/
[rosmaster.master][INFO] 2017-01-25 12:58:29,819: +PUB [/camera/ir/image_raw/compressedDepth] /camera/nodelet_manager http://LYC-UP:42462/
[rosmaster.master][INFO] 2017-01-25 12:58:29,822: +SERVICE [/camera/ir/image_raw/compressedDepth/set_parameters] /camera/nodelet_manager http://LYC-UP:42462/
[rosmaster.master][INFO] 2017-01-25 12:58:29,825: +PUB [/camera/ir/image_raw/compressedDepth/parameter_descriptions] /camera/nodelet_manager http://LYC-UP:42462/
[rosmaster.master][INFO] 2017-01-25 12:58:29,828: +PUB [/camera/ir/image_raw/compressedDepth/parameter_updates] /camera/nodelet_manager http://LYC-UP:42462/
[rosmaster.master][INFO] 2017-01-25 12:58:29,837: +PARAM [/camera/ir/image_raw/compressedDepth/depth_max] by /camera/nodelet_manager
[rosmaster.master][INFO] 2017-01-25 12:58:29,839: +PARAM [/camera/ir/image_raw/compressedDepth/depth_quantization] by /camera/nodelet_manager
[rosmaster.master][INFO] 2017-01-25 12:58:29,842: +PARAM [/camera/ir/image_raw/compressedDepth/png_level] by /camera/nodelet_manager
[rosmaster.master][INFO] 2017-01-25 12:58:29,845: +PARAM [/camera/ir/image_raw/compressedDepth/depth_max] by /camera/nodelet_manager
[rosmaster.master][INFO] 2017-01-25 12:58:29,848: +PARAM [/camera/ir/image_raw/compressedDepth/depth_quantization] by /camera/nodelet_manager
[rosmaster.master][INFO] 2017-01-25 12:58:29,851: +PARAM [/camera/ir/image_raw/compressedDepth/png_level] by /camera/nodelet_manager
[rosmaster.master][INFO] 2017-01-25 12:58:29,940: +PUB [/camera/ir/image_raw/compressed] /camera/nodelet_manager http://LYC-UP:42462/
[rosmaster.master][INFO] 2017-01-25 12:58:29,944: +SERVICE [/camera/ir/image_raw/compressed/set_parameters] /camera/nodelet_manager http://LYC-UP:42462/
[rosmaster.master][INFO] 2017-01-25 12:58:29,947: +PUB [/camera/ir/image_raw/compressed/parameter_descriptions] /camera/nodelet_manager http://LYC-UP:42462/
[rosmaster.master][INFO] 2017-01-25 12:58:29,950: +PUB [/camera/ir/image_raw/compressed/parameter_updates] /camera/nodelet_manager http://LYC-UP:42462/
[rosmaster.master][INFO] 2017-01-25 12:58:29,960: +PARAM [/camera/ir/image_raw/compressed/format] by /camera/nodelet_manager
[rosmaster.master][INFO] 2017-01-25 12:58:29,963: +PARAM [/camera/ir/image_raw/compressed/jpeg_quality] by /camera/nodelet_manager
[rosmaster.master][INFO] 2017-01-25 12:58:29,965: +PARAM [/camera/ir/image_raw/compressed/png_level] by /camera/nodelet_manager
[rosmaster.master][INFO] 2017-01-25 12:58:29,968: +PARAM [/camera/ir/image_raw/compressed/format] by /camera/nodelet_manager
[rosmaster.master][INFO] 2017-01-25 12:58:29,971: +PARAM [/camera/ir/image_raw/compressed/jpeg_quality] by /camera/nodelet_manager
[rosmaster.master][INFO] 2017-01-25 12:58:29,974: +PARAM [/camera/ir/image_raw/compressed/png_level] by /camera/nodelet_manager
[rosmaster.master][INFO] 2017-01-25 12:58:30,062: +PUB [/camera/ir/image_raw] /camera/nodelet_manager http://LYC-UP:42462/
[rosmaster.master][INFO] 2017-01-25 12:58:30,151: +PUB [/camera/ir/image_raw/theora] /camera/nodelet_manager http://LYC-UP:42462/
[rosmaster.master][INFO] 2017-01-25 12:58:30,154: +SERVICE [/camera/ir/image_raw/theora/set_parameters] /camera/nodelet_manager http://LYC-UP:42462/
[rosmaster.master][INFO] 2017-01-25 12:58:30,156: +PUB [/camera/ir/image_raw/theora/parameter_descriptions] /camera/nodelet_manager http://LYC-UP:42462/
[rosmaster.master][INFO] 2017-01-25 12:58:30,159: +PUB [/camera/ir/image_raw/theora/parameter_updates] /camera/nodelet_manager http://LYC-UP:42462/
[rosmaster.master][INFO] 2017-01-25 12:58:30,171: +PARAM [/camera/ir/image_raw/theora/optimize_for] by /camera/nodelet_manager
[rosmaster.master][INFO] 2017-01-25 12:58:30,173: +PARAM [/camera/ir/image_raw/theora/target_bitrate] by /camera/nodelet_manager
[rosmaster.master][INFO] 2017-01-25 12:58:30,176: +PARAM [/camera/ir/image_raw/theora/quality] by /camera/nodelet_manager
[rosmaster.master][INFO] 2017-01-25 12:58:30,179: +PARAM [/camera/ir/image_raw/theora/keyframe_frequency] by /camera/nodelet_manager
[rosmaster.master][INFO] 2017-01-25 12:58:30,182: +PARAM [/camera/ir/image_raw/theora/optimize_for] by /camera/nodelet_manager
[rosmaster.master][INFO] 2017-01-25 12:58:30,184: +PARAM [/camera/ir/image_raw/theora/target_bitrate] by /camera/nodelet_manager
[rosmaster.master][INFO] 2017-01-25 12:58:30,187: +PARAM [/camera/ir/image_raw/theora/quality] by /camera/nodelet_manager
[rosmaster.master][INFO] 2017-01-25 12:58:30,190: +PARAM [/camera/ir/image_raw/theora/keyframe_frequency] by /camera/nodelet_manager
[rosmaster.master][INFO] 2017-01-25 12:58:30,193: +PUB [/camera/ir/camera_info] /camera/nodelet_manager http://LYC-UP:42462/
[rosmaster.master][INFO] 2017-01-25 12:58:30,285: +PUB [/camera/ir2/image_raw/compressedDepth] /camera/nodelet_manager http://LYC-UP:42462/
[rosmaster.master][INFO] 2017-01-25 12:58:30,288: +SERVICE [/camera/ir2/image_raw/compressedDepth/set_parameters] /camera/nodelet_manager http://LYC-UP:42462/
[rosmaster.master][INFO] 2017-01-25 12:58:30,291: +PUB [/camera/ir2/image_raw/compressedDepth/parameter_descriptions] /camera/nodelet_manager http://LYC-UP:42462/
[rosmaster.master][INFO] 2017-01-25 12:58:30,294: +PUB [/camera/ir2/image_raw/compressedDepth/parameter_updates] /camera/nodelet_manager http://LYC-UP:42462/
[rosmaster.master][INFO] 2017-01-25 12:58:30,304: +PARAM [/camera/ir2/image_raw/compressedDepth/depth_max] by /camera/nodelet_manager
[rosmaster.master][INFO] 2017-01-25 12:58:30,307: +PARAM [/camera/ir2/image_raw/compressedDepth/depth_quantization] by /camera/nodelet_manager
[rosmaster.master][INFO] 2017-01-25 12:58:30,310: +PARAM [/camera/ir2/image_raw/compressedDepth/png_level] by /camera/nodelet_manager
[rosmaster.master][INFO] 2017-01-25 12:58:30,313: +PARAM [/camera/ir2/image_raw/compressedDepth/depth_max] by /camera/nodelet_manager
[rosmaster.master][INFO] 2017-01-25 12:58:30,316: +PARAM [/camera/ir2/image_raw/compressedDepth/depth_quantization] by /camera/nodelet_manager
[rosmaster.master][INFO] 2017-01-25 12:58:30,320: +PARAM [/camera/ir2/image_raw/compressedDepth/png_level] by /camera/nodelet_manager
[rosmaster.master][INFO] 2017-01-25 12:58:30,413: +PUB [/camera/ir2/image_raw/compressed] /camera/nodelet_manager http://LYC-UP:42462/
[rosmaster.master][INFO] 2017-01-25 12:58:30,416: +SERVICE [/camera/ir2/image_raw/compressed/set_parameters] /camera/nodelet_manager http://LYC-UP:42462/
[rosmaster.master][INFO] 2017-01-25 12:58:30,419: +PUB [/camera/ir2/image_raw/compressed/parameter_descriptions] /camera/nodelet_manager http://LYC-UP:42462/
[rosmaster.master][INFO] 2017-01-25 12:58:30,422: +PUB [/camera/ir2/image_raw/compressed/parameter_updates] /camera/nodelet_manager http://LYC-UP:42462/
[rosmaster.master][INFO] 2017-01-25 12:58:30,432: +PARAM [/camera/ir2/image_raw/compressed/format] by /camera/nodelet_manager
[rosmaster.master][INFO] 2017-01-25 12:58:30,434: +PARAM [/camera/ir2/image_raw/compressed/jpeg_quality] by /camera/nodelet_manager
[rosmaster.master][INFO] 2017-01-25 12:58:30,437: +PARAM [/camera/ir2/image_raw/compressed/png_level] by /camera/nodelet_manager
[rosmaster.master][INFO] 2017-01-25 12:58:30,440: +PARAM [/camera/ir2/image_raw/compressed/format] by /camera/nodelet_manager
[rosmaster.master][INFO] 2017-01-25 12:58:30,443: +PARAM [/camera/ir2/image_raw/compressed/jpeg_quality] by /camera/nodelet_manager
[rosmaster.master][INFO] 2017-01-25 12:58:30,445: +PARAM [/camera/ir2/image_raw/compressed/png_level] by /camera/nodelet_manager
[rosmaster.master][INFO] 2017-01-25 12:58:30,535: +PUB [/camera/ir2/image_raw] /camera/nodelet_manager http://LYC-UP:42462/
[rosmaster.master][INFO] 2017-01-25 12:58:30,625: +PUB [/camera/ir2/image_raw/theora] /camera/nodelet_manager http://LYC-UP:42462/
[rosmaster.master][INFO] 2017-01-25 12:58:30,629: +SERVICE [/camera/ir2/image_raw/theora/set_parameters] /camera/nodelet_manager http://LYC-UP:42462/
[rosmaster.master][INFO] 2017-01-25 12:58:30,633: +PUB [/camera/ir2/image_raw/theora/parameter_descriptions] /camera/nodelet_manager http://LYC-UP:42462/
[rosmaster.master][INFO] 2017-01-25 12:58:30,638: +PUB [/camera/ir2/image_raw/theora/parameter_updates] /camera/nodelet_manager http://LYC-UP:42462/
[rosmaster.master][INFO] 2017-01-25 12:58:30,651: +PARAM [/camera/ir2/image_raw/theora/optimize_for] by /camera/nodelet_manager
[rosmaster.master][INFO] 2017-01-25 12:58:30,653: +PARAM [/camera/ir2/image_raw/theora/target_bitrate] by /camera/nodelet_manager
[rosmaster.master][INFO] 2017-01-25 12:58:30,656: +PARAM [/camera/ir2/image_raw/theora/quality] by /camera/nodelet_manager
[rosmaster.master][INFO] 2017-01-25 12:58:30,659: +PARAM [/camera/ir2/image_raw/theora/keyframe_frequency] by /camera/nodelet_manager
[rosmaster.master][INFO] 2017-01-25 12:58:30,662: +PARAM [/camera/ir2/image_raw/theora/optimize_for] by /camera/nodelet_manager
[rosmaster.master][INFO] 2017-01-25 12:58:30,665: +PARAM [/camera/ir2/image_raw/theora/target_bitrate] by /camera/nodelet_manager
[rosmaster.master][INFO] 2017-01-25 12:58:30,667: +PARAM [/camera/ir2/image_raw/theora/quality] by /camera/nodelet_manager
[rosmaster.master][INFO] 2017-01-25 12:58:30,670: +PARAM [/camera/ir2/image_raw/theora/keyframe_frequency] by /camera/nodelet_manager
[rosmaster.master][INFO] 2017-01-25 12:58:30,673: +PUB [/camera/ir2/camera_info] /camera/nodelet_manager http://LYC-UP:42462/
[rosmaster.master][INFO] 2017-01-25 12:58:30,676: +SERVICE [/camera/driver/get_settings] /camera/nodelet_manager http://LYC-UP:42462/
[rosmaster.master][INFO] 2017-01-25 12:58:30,679: +SERVICE [/camera/driver/set_power] /camera/nodelet_manager http://LYC-UP:42462/
[rosmaster.master][INFO] 2017-01-25 12:58:30,681: +SERVICE [/camera/driver/force_power] /camera/nodelet_manager http://LYC-UP:42462/
[rosmaster.master][INFO] 2017-01-25 12:58:30,684: +SERVICE [/camera/driver/is_powered] /camera/nodelet_manager http://LYC-UP:42462/
[rosmaster.master][INFO] 2017-01-25 12:58:30,687: +SERVICE [/camera/driver/set_parameters] /camera/nodelet_manager http://LYC-UP:42462/
[rosmaster.master][INFO] 2017-01-25 12:58:30,690: +PUB [/camera/driver/parameter_descriptions] /camera/nodelet_manager http://LYC-UP:42462/
[rosmaster.master][INFO] 2017-01-25 12:58:30,693: +PUB [/camera/driver/parameter_updates] /camera/nodelet_manager http://LYC-UP:42462/
[rosmaster.master][INFO] 2017-01-25 12:58:30,756: +PARAM [/camera/driver/enable_depth] by /camera/nodelet_manager
[rosmaster.master][INFO] 2017-01-25 12:58:30,759: +PARAM [/camera/driver/color_backlight_compensation] by /camera/nodelet_manager
[rosmaster.master][INFO] 2017-01-25 12:58:30,762: +PARAM [/camera/driver/color_brightness] by /camera/nodelet_manager
[rosmaster.master][INFO] 2017-01-25 12:58:30,765: +PARAM [/camera/driver/color_contrast] by /camera/nodelet_manager
[rosmaster.master][INFO] 2017-01-25 12:58:30,767: +PARAM [/camera/driver/color_gain] by /camera/nodelet_manager
[rosmaster.master][INFO] 2017-01-25 12:58:30,770: +PARAM [/camera/driver/color_gamma] by /camera/nodelet_manager
[rosmaster.master][INFO] 2017-01-25 12:58:30,772: +PARAM [/camera/driver/color_hue] by /camera/nodelet_manager
[rosmaster.master][INFO] 2017-01-25 12:58:30,775: +PARAM [/camera/driver/color_saturation] by /camera/nodelet_manager
[rosmaster.master][INFO] 2017-01-25 12:58:30,778: +PARAM [/camera/driver/color_sharpness] by /camera/nodelet_manager
[rosmaster.master][INFO] 2017-01-25 12:58:30,780: +PARAM [/camera/driver/color_white_balance] by /camera/nodelet_manager
[rosmaster.master][INFO] 2017-01-25 12:58:30,783: +PARAM [/camera/driver/color_enable_auto_white_balance] by /camera/nodelet_manager
[rosmaster.master][INFO] 2017-01-25 12:58:30,786: +PARAM [/camera/driver/r200_lr_auto_exposure_enabled] by /camera/nodelet_manager
[rosmaster.master][INFO] 2017-01-25 12:58:30,789: +PARAM [/camera/driver/r200_lr_gain] by /camera/nodelet_manager
[rosmaster.master][INFO] 2017-01-25 12:58:30,791: +PARAM [/camera/driver/r200_lr_exposure] by /camera/nodelet_manager
[rosmaster.master][INFO] 2017-01-25 12:58:30,794: +PARAM [/camera/driver/r200_emitter_enabled] by /camera/nodelet_manager
[rosmaster.master][INFO] 2017-01-25 12:58:30,797: +PARAM [/camera/driver/r200_auto_exposure_top_edge] by /camera/nodelet_manager
[rosmaster.master][INFO] 2017-01-25 12:58:30,800: +PARAM [/camera/driver/r200_auto_exposure_bottom_edge] by /camera/nodelet_manager
[rosmaster.master][INFO] 2017-01-25 12:58:30,803: +PARAM [/camera/driver/r200_auto_exposure_left_edge] by /camera/nodelet_manager
[rosmaster.master][INFO] 2017-01-25 12:58:30,805: +PARAM [/camera/driver/r200_auto_exposure_right_edge] by /camera/nodelet_manager
[rosmaster.master][INFO] 2017-01-25 12:58:30,808: +PARAM [/camera/driver/r200_dc_preset] by /camera/nodelet_manager
[rosmaster.master][INFO] 2017-01-25 12:58:30,811: +PARAM [/camera/driver/r200_dc_estimate_median_decrement] by /camera/nodelet_manager
[rosmaster.master][INFO] 2017-01-25 12:58:30,814: +PARAM [/camera/driver/r200_dc_estimate_median_increment] by /camera/nodelet_manager
[rosmaster.master][INFO] 2017-01-25 12:58:30,817: +PARAM [/camera/driver/r200_dc_median_threshold] by /camera/nodelet_manager
[rosmaster.master][INFO] 2017-01-25 12:58:30,820: +PARAM [/camera/driver/r200_dc_score_minimum_threshold] by /camera/nodelet_manager
[rosmaster.master][INFO] 2017-01-25 12:58:30,822: +PARAM [/camera/driver/r200_dc_score_maximum_threshold] by /camera/nodelet_manager
[rosmaster.master][INFO] 2017-01-25 12:58:30,825: +PARAM [/camera/driver/r200_dc_texture_count_threshold] by /camera/nodelet_manager
[rosmaster.master][INFO] 2017-01-25 12:58:30,828: +PARAM [/camera/driver/r200_dc_texture_difference_threshold] by /camera/nodelet_manager
[rosmaster.master][INFO] 2017-01-25 12:58:30,831: +PARAM [/camera/driver/r200_dc_second_peak_threshold] by /camera/nodelet_manager
[rosmaster.master][INFO] 2017-01-25 12:58:30,834: +PARAM [/camera/driver/r200_dc_neighbor_threshold] by /camera/nodelet_manager
[rosmaster.master][INFO] 2017-01-25 12:58:30,837: +PARAM [/camera/driver/r200_dc_lr_threshold] by /camera/nodelet_manager
[rosmaster.master][INFO] 2017-01-25 12:58:31,705: +PARAM [/camera/driver/enable_depth] by /camera/nodelet_manager
[rosmaster.master][INFO] 2017-01-25 12:58:31,712: +PARAM [/camera/driver/color_backlight_compensation] by /camera/nodelet_manager
[rosmaster.master][INFO] 2017-01-25 12:58:31,716: +PARAM [/camera/driver/color_brightness] by /camera/nodelet_manager
[rosmaster.master][INFO] 2017-01-25 12:58:31,719: +PARAM [/camera/driver/color_contrast] by /camera/nodelet_manager
[rosmaster.master][INFO] 2017-01-25 12:58:31,722: +PARAM [/camera/driver/color_gain] by /camera/nodelet_manager
[rosmaster.master][INFO] 2017-01-25 12:58:31,725: +PARAM [/camera/driver/color_gamma] by /camera/nodelet_manager
[rosmaster.master][INFO] 2017-01-25 12:58:31,732: +PARAM [/camera/driver/color_hue] by /camera/nodelet_manager
[rosmaster.master][INFO] 2017-01-25 12:58:31,736: +PARAM [/camera/driver/color_saturation] by /camera/nodelet_manager
[rosmaster.master][INFO] 2017-01-25 12:58:31,739: +PARAM [/camera/driver/color_sharpness] by /camera/nodelet_manager
[rosmaster.master][INFO] 2017-01-25 12:58:31,742: +PARAM [/camera/driver/color_white_balance] by /camera/nodelet_manager
[rosmaster.master][INFO] 2017-01-25 12:58:31,745: +PARAM [/camera/driver/color_enable_auto_white_balance] by /camera/nodelet_manager
[rosmaster.master][INFO] 2017-01-25 12:58:31,748: +PARAM [/camera/driver/r200_lr_auto_exposure_enabled] by /camera/nodelet_manager
[rosmaster.master][INFO] 2017-01-25 12:58:31,751: +PARAM [/camera/driver/r200_lr_gain] by /camera/nodelet_manager
[rosmaster.master][INFO] 2017-01-25 12:58:31,754: +PARAM [/camera/driver/r200_lr_exposure] by /camera/nodelet_manager
[rosmaster.master][INFO] 2017-01-25 12:58:31,756: +PARAM [/camera/driver/r200_emitter_enabled] by /camera/nodelet_manager
[rosmaster.master][INFO] 2017-01-25 12:58:31,760: +PARAM [/camera/driver/r200_auto_exposure_top_edge] by /camera/nodelet_manager
[rosmaster.master][INFO] 2017-01-25 12:58:31,763: +PARAM [/camera/driver/r200_auto_exposure_bottom_edge] by /camera/nodelet_manager
[rosmaster.master][INFO] 2017-01-25 12:58:31,766: +PARAM [/camera/driver/r200_auto_exposure_left_edge] by /camera/nodelet_manager
[rosmaster.master][INFO] 2017-01-25 12:58:31,772: +PARAM [/camera/driver/r200_auto_exposure_right_edge] by /camera/nodelet_manager
[rosmaster.master][INFO] 2017-01-25 12:58:31,777: +PARAM [/camera/driver/r200_dc_preset] by /camera/nodelet_manager
[rosmaster.master][INFO] 2017-01-25 12:58:31,780: +PARAM [/camera/driver/r200_dc_estimate_median_decrement] by /camera/nodelet_manager
[rosmaster.master][INFO] 2017-01-25 12:58:31,782: +PARAM [/camera/driver/r200_dc_estimate_median_increment] by /camera/nodelet_manager
[rosmaster.master][INFO] 2017-01-25 12:58:31,785: +PARAM [/camera/driver/r200_dc_median_threshold] by /camera/nodelet_manager
[rosmaster.master][INFO] 2017-01-25 12:58:31,788: +PARAM [/camera/driver/r200_dc_score_minimum_threshold] by /camera/nodelet_manager
[rosmaster.master][INFO] 2017-01-25 12:58:31,791: +PARAM [/camera/driver/r200_dc_score_maximum_threshold] by /camera/nodelet_manager
[rosmaster.master][INFO] 2017-01-25 12:58:31,794: +PARAM [/camera/driver/r200_dc_texture_count_threshold] by /camera/nodelet_manager
[rosmaster.master][INFO] 2017-01-25 12:58:31,798: +PARAM [/camera/driver/r200_dc_texture_difference_threshold] by /camera/nodelet_manager
[rosmaster.master][INFO] 2017-01-25 12:58:31,802: +PARAM [/camera/driver/r200_dc_second_peak_threshold] by /camera/nodelet_manager
[rosmaster.master][INFO] 2017-01-25 12:58:31,805: +PARAM [/camera/driver/r200_dc_neighbor_threshold] by /camera/nodelet_manager
[rosmaster.master][INFO] 2017-01-25 12:58:31,808: +PARAM [/camera/driver/r200_dc_lr_threshold] by /camera/nodelet_manager
[rosmaster.master][INFO] 2017-01-25 12:58:31,811: +PUB [/camera/nodelet_manager/bond] /camera/nodelet_manager http://LYC-UP:42462/
[rosmaster.master][INFO] 2017-01-25 12:58:31,825: +SUB [/camera/nodelet_manager/bond] /camera/nodelet_manager http://LYC-UP:42462/
[rosmaster.master][INFO] 2017-01-25 12:58:31,917: +PUB [/camera/nodelet_manager/bond] /camera/driver http://LYC-UP:44254/
[rosmaster.master][INFO] 2017-01-25 12:58:31,919: publisherUpdate[/camera/nodelet_manager/bond] -> http://LYC-UP:42462/
[rosmaster.master][INFO] 2017-01-25 12:58:31,940: +SUB [/camera/nodelet_manager/bond] /camera/driver http://LYC-UP:44254/
[rosmaster.master][INFO] 2017-01-25 12:58:34,342: +PUB [/rosout] /camera/dynparam_8646_1485320314133 http://LYC-UP:33399/
[rosmaster.master][INFO] 2017-01-25 12:58:34,355: +SERVICE [/camera/dynparam_8646_1485320314133/get_loggers] /camera/dynparam_8646_1485320314133 http://LYC-UP:33399/
[rosmaster.master][INFO] 2017-01-25 12:58:34,361: +SERVICE [/camera/dynparam_8646_1485320314133/set_logger_level] /camera/dynparam_8646_1485320314133 http://LYC-UP:33399/
[rosmaster.master][INFO] 2017-01-25 12:58:34,376: +SUB [/camera/driver/parameter_descriptions] /camera/dynparam_8646_1485320314133 http://LYC-UP:33399/
[rosmaster.master][INFO] 2017-01-25 12:58:34,385: +SUB [/camera/driver/parameter_updates] /camera/dynparam_8646_1485320314133 http://LYC-UP:33399/
[rosmaster.master][INFO] 2017-01-25 12:58:34,413: publisherUpdate[/rosout] -> http://LYC-UP:46624/
[rosmaster.master][INFO] 2017-01-25 12:58:34,451: +PARAM [/camera/driver/enable_depth] by /camera/nodelet_manager
[rosmaster.master][INFO] 2017-01-25 12:58:34,455: +PARAM [/camera/driver/color_backlight_compensation] by /camera/nodelet_manager
[rosmaster.master][INFO] 2017-01-25 12:58:34,459: +PARAM [/camera/driver/color_brightness] by /camera/nodelet_manager
[rosmaster.master][INFO] 2017-01-25 12:58:34,465: +PARAM [/camera/driver/color_contrast] by /camera/nodelet_manager
[rosmaster.master][INFO] 2017-01-25 12:58:34,469: +PARAM [/camera/driver/color_gain] by /camera/nodelet_manager
[rosmaster.master][INFO] 2017-01-25 12:58:34,473: +PARAM [/camera/driver/color_gamma] by /camera/nodelet_manager
[rosmaster.master][INFO] 2017-01-25 12:58:34,476: +PARAM [/camera/driver/color_hue] by /camera/nodelet_manager
[rosmaster.master][INFO] 2017-01-25 12:58:34,479: +PARAM [/camera/driver/color_saturation] by /camera/nodelet_manager
[rosmaster.master][INFO] 2017-01-25 12:58:34,481: +PARAM [/camera/driver/color_sharpness] by /camera/nodelet_manager
[rosmaster.master][INFO] 2017-01-25 12:58:34,484: +PARAM [/camera/driver/color_white_balance] by /camera/nodelet_manager
[rosmaster.master][INFO] 2017-01-25 12:58:34,487: +PARAM [/camera/driver/color_enable_auto_white_balance] by /camera/nodelet_manager
[rosmaster.master][INFO] 2017-01-25 12:58:34,489: +PARAM [/camera/driver/r200_lr_auto_exposure_enabled] by /camera/nodelet_manager
[rosmaster.master][INFO] 2017-01-25 12:58:34,492: +PARAM [/camera/driver/r200_lr_gain] by /camera/nodelet_manager
[rosmaster.master][INFO] 2017-01-25 12:58:34,496: +PARAM [/camera/driver/r200_lr_exposure] by /camera/nodelet_manager
[rosmaster.master][INFO] 2017-01-25 12:58:34,499: +PARAM [/camera/driver/r200_emitter_enabled] by /camera/nodelet_manager
[rosmaster.master][INFO] 2017-01-25 12:58:34,502: +PARAM [/camera/driver/r200_auto_exposure_top_edge] by /camera/nodelet_manager
[rosmaster.master][INFO] 2017-01-25 12:58:34,505: +PARAM [/camera/driver/r200_auto_exposure_bottom_edge] by /camera/nodelet_manager
[rosmaster.master][INFO] 2017-01-25 12:58:34,508: +PARAM [/camera/driver/r200_auto_exposure_left_edge] by /camera/nodelet_manager
[rosmaster.master][INFO] 2017-01-25 12:58:34,510: +PARAM [/camera/driver/r200_auto_exposure_right_edge] by /camera/nodelet_manager
[rosmaster.master][INFO] 2017-01-25 12:58:34,513: +PARAM [/camera/driver/r200_dc_preset] by /camera/nodelet_manager
[rosmaster.master][INFO] 2017-01-25 12:58:34,516: +PARAM [/camera/driver/r200_dc_estimate_median_decrement] by /camera/nodelet_manager
[rosmaster.master][INFO] 2017-01-25 12:58:34,519: +PARAM [/camera/driver/r200_dc_estimate_median_increment] by /camera/nodelet_manager
[rosmaster.master][INFO] 2017-01-25 12:58:34,522: +PARAM [/camera/driver/r200_dc_median_threshold] by /camera/nodelet_manager
[rosmaster.master][INFO] 2017-01-25 12:58:34,525: +PARAM [/camera/driver/r200_dc_score_minimum_threshold] by /camera/nodelet_manager
[rosmaster.master][INFO] 2017-01-25 12:58:34,529: +PARAM [/camera/driver/r200_dc_score_maximum_threshold] by /camera/nodelet_manager
[rosmaster.master][INFO] 2017-01-25 12:58:34,532: +PARAM [/camera/driver/r200_dc_texture_count_threshold] by /camera/nodelet_manager
[rosmaster.master][INFO] 2017-01-25 12:58:34,536: +PARAM [/camera/driver/r200_dc_texture_difference_threshold] by /camera/nodelet_manager
[rosmaster.master][INFO] 2017-01-25 12:58:34,539: +PARAM [/camera/driver/r200_dc_second_peak_threshold] by /camera/nodelet_manager
[rosmaster.master][INFO] 2017-01-25 12:58:34,541: +PARAM [/camera/driver/r200_dc_neighbor_threshold] by /camera/nodelet_manager
[rosmaster.master][INFO] 2017-01-25 12:58:34,544: +PARAM [/camera/driver/r200_dc_lr_threshold] by /camera/nodelet_manager
[rosmaster.master][INFO] 2017-01-25 12:58:34,553: -SUB [/camera/driver/parameter_updates] /camera/dynparam_8646_1485320314133 http://LYC-UP:33399/
[rosmaster.master][INFO] 2017-01-25 12:58:34,554: -SUB [/camera/driver/parameter_descriptions] /camera/dynparam_8646_1485320314133 http://LYC-UP:33399/
[rosmaster.master][INFO] 2017-01-25 12:58:34,554: -PUB [/rosout] /camera/dynparam_8646_1485320314133 http://LYC-UP:33399/
[rosmaster.master][INFO] 2017-01-25 12:58:34,555: -SERVICE [/camera/dynparam_8646_1485320314133/get_loggers] /camera/dynparam_8646_1485320314133 rosrpc://LYC-UP:36307
[rosmaster.master][INFO] 2017-01-25 12:58:34,555: -SERVICE [/camera/dynparam_8646_1485320314133/set_logger_level] /camera/dynparam_8646_1485320314133 rosrpc://LYC-UP:36307
[rosmaster.master][INFO] 2017-01-25 12:58:34,617: publisherUpdate[/rosout] -> http://LYC-UP:46624/
[rosmaster.master][INFO] 2017-01-25 12:58:50,326: +PUB [/rosout] /filters http://LYC-UP:37763/
[rosmaster.master][INFO] 2017-01-25 12:58:50,332: +SERVICE [/filters/get_loggers] /filters http://LYC-UP:37763/
[rosmaster.master][INFO] 2017-01-25 12:58:50,336: +SERVICE [/filters/set_logger_level] /filters http://LYC-UP:37763/
[rosmaster.master][INFO] 2017-01-25 12:58:50,353: publisherUpdate[/rosout] -> http://LYC-UP:46624/
[rosmaster.master][INFO] 2017-01-25 12:58:50,358: +SUB [/camera/depth/points] /filters http://LYC-UP:37763/
[rosmaster.master][INFO] 2017-01-25 12:58:50,362: +PUB [/raw_xyzrgb_output] /filters http://LYC-UP:37763/
[rosmaster.master][INFO] 2017-01-25 12:58:57,458: +PUB [/rosout] /rviz_1485320337448617978 http://LYC-UP:42757/
[rosmaster.master][INFO] 2017-01-25 12:58:57,465: +SERVICE [/rviz_1485320337448617978/get_loggers] /rviz_1485320337448617978 http://LYC-UP:42757/
[rosmaster.master][INFO] 2017-01-25 12:58:57,470: +SERVICE [/rviz_1485320337448617978/set_logger_level] /rviz_1485320337448617978 http://LYC-UP:42757/
[rosmaster.master][INFO] 2017-01-25 12:58:57,482: publisherUpdate[/rosout] -> http://LYC-UP:46624/
[rosmaster.master][INFO] 2017-01-25 12:58:58,469: +SUB [/tf] /rviz_1485320337448617978 http://LYC-UP:42757/
[rosmaster.master][INFO] 2017-01-25 12:58:58,485: +SUB [/tf_static] /rviz_1485320337448617978 http://LYC-UP:42757/
[rosmaster.master][INFO] 2017-01-25 12:58:59,128: +PUB [/initialpose] /rviz_1485320337448617978 http://LYC-UP:42757/
[rosmaster.master][INFO] 2017-01-25 12:58:59,148: +PUB [/goal] /rviz_1485320337448617978 http://LYC-UP:42757/
[rosmaster.master][INFO] 2017-01-25 12:58:59,477: +SUB [/camera/depth/points] /rviz_1485320337448617978 http://LYC-UP:42757/
[rosmaster.master][INFO] 2017-01-25 12:58:59,482: -PUB [/goal] /rviz_1485320337448617978 http://LYC-UP:42757/
[rosmaster.master][INFO] 2017-01-25 12:58:59,486: -PUB [/initialpose] /rviz_1485320337448617978 http://LYC-UP:42757/
[rosmaster.master][INFO] 2017-01-25 12:58:59,532: +PUB [/initialpose] /rviz_1485320337448617978 http://LYC-UP:42757/
[rosmaster.master][INFO] 2017-01-25 12:58:59,536: +PUB [/goal] /rviz_1485320337448617978 http://LYC-UP:42757/
[rosmaster.master][INFO] 2017-01-25 12:58:59,540: +PUB [/move_base_simple/goal] /rviz_1485320337448617978 http://LYC-UP:42757/
[rosmaster.master][INFO] 2017-01-25 12:58:59,543: -PUB [/goal] /rviz_1485320337448617978 http://LYC-UP:42757/
[rosmaster.master][INFO] 2017-01-25 12:58:59,547: +PUB [/clicked_point] /rviz_1485320337448617978 http://LYC-UP:42757/
[rosmaster.master][INFO] 2017-01-25 12:59:00,939: +SERVICE [/rviz_1485320337448617978/reload_shaders] /rviz_1485320337448617978 http://LYC-UP:42757/
[rosmaster.master][INFO] 2017-01-25 12:59:33,590: -SUB [/camera/depth/points] /rviz_1485320337448617978 http://LYC-UP:42757/
[rosmaster.master][INFO] 2017-01-25 12:59:33,601: -PUB [/clicked_point] /rviz_1485320337448617978 http://LYC-UP:42757/
[rosmaster.master][INFO] 2017-01-25 12:59:33,613: -PUB [/move_base_simple/goal] /rviz_1485320337448617978 http://LYC-UP:42757/
[rosmaster.master][INFO] 2017-01-25 12:59:33,617: -PUB [/initialpose] /rviz_1485320337448617978 http://LYC-UP:42757/
[rosmaster.master][INFO] 2017-01-25 12:59:33,634: -SUB [/tf_static] /rviz_1485320337448617978 http://LYC-UP:42757/
[rosmaster.master][INFO] 2017-01-25 12:59:33,646: -SUB [/tf] /rviz_1485320337448617978 http://LYC-UP:42757/
[rosmaster.master][INFO] 2017-01-25 12:59:33,661: -SERVICE [/rviz_1485320337448617978/reload_shaders] /rviz_1485320337448617978 rosrpc://LYC-UP:37183
[rosmaster.master][INFO] 2017-01-25 12:59:33,792: -PUB [/rosout] /rviz_1485320337448617978 http://LYC-UP:42757/
[rosmaster.master][INFO] 2017-01-25 12:59:33,801: -SERVICE [/rviz_1485320337448617978/get_loggers] /rviz_1485320337448617978 rosrpc://LYC-UP:37183
[rosmaster.master][INFO] 2017-01-25 12:59:33,805: -SERVICE [/rviz_1485320337448617978/set_logger_level] /rviz_1485320337448617978 rosrpc://LYC-UP:37183
[rosmaster.master][INFO] 2017-01-25 12:59:33,855: publisherUpdate[/rosout] -> http://LYC-UP:46624/
[rosmaster.master][INFO] 2017-01-25 13:00:42,251: +PUB [/rosout] /rostopic_8951_1485320441955 http://LYC-UP:35150/
[rosmaster.master][INFO] 2017-01-25 13:00:42,251: publisherUpdate[/rosout] -> http://LYC-UP:46624/
[rosmaster.master][INFO] 2017-01-25 13:00:42,270: +SERVICE [/rostopic_8951_1485320441955/get_loggers] /rostopic_8951_1485320441955 http://LYC-UP:35150/
[rosmaster.master][INFO] 2017-01-25 13:00:42,276: +SERVICE [/rostopic_8951_1485320441955/set_logger_level] /rostopic_8951_1485320441955 http://LYC-UP:35150/
[rosmaster.master][INFO] 2017-01-25 13:00:42,387: +SUB [/raw_xyzrgb_output] /rostopic_8951_1485320441955 http://LYC-UP:35150/
[rosmaster.master][INFO] 2017-01-25 13:01:12,791: -SUB [/raw_xyzrgb_output] /rostopic_8951_1485320441955 http://LYC-UP:35150/
[rosmaster.master][INFO] 2017-01-25 13:01:12,792: -PUB [/rosout] /rostopic_8951_1485320441955 http://LYC-UP:35150/
[rosmaster.master][INFO] 2017-01-25 13:01:12,793: -SERVICE [/rostopic_8951_1485320441955/get_loggers] /rostopic_8951_1485320441955 rosrpc://LYC-UP:44900
[rosmaster.master][INFO] 2017-01-25 13:01:12,793: -SERVICE [/rostopic_8951_1485320441955/set_logger_level] /rostopic_8951_1485320441955 rosrpc://LYC-UP:44900
[rosmaster.master][INFO] 2017-01-25 13:01:12,793: publisherUpdate[/rosout] -> http://LYC-UP:46624/
[rosmaster.master][INFO] 2017-01-25 13:01:17,469: -PUB [/rosout] /filters http://LYC-UP:37763/
[rosmaster.master][INFO] 2017-01-25 13:01:17,476: -PUB [/raw_xyzrgb_output] /filters http://LYC-UP:37763/
[rosmaster.master][INFO] 2017-01-25 13:01:17,481: publisherUpdate[/rosout] -> http://LYC-UP:46624/
[rosmaster.master][INFO] 2017-01-25 13:01:17,486: -SUB [/camera/depth/points] /filters http://LYC-UP:37763/
[rosmaster.master][INFO] 2017-01-25 13:01:17,492: -SERVICE [/filters/get_loggers] /filters rosrpc://LYC-UP:40727
[rosmaster.master][INFO] 2017-01-25 13:01:17,495: -SERVICE [/filters/set_logger_level] /filters rosrpc://LYC-UP:40727
[rosmaster.master][INFO] 2017-01-25 13:01:44,138: +PARAM [/roslaunch/uris/host_lyc_up__41721] by /roslaunch
[rosmaster.master][INFO] 2017-01-25 13:01:44,159: +PARAM [/rosversion] by /roslaunch
[rosmaster.master][INFO] 2017-01-25 13:01:44,159: +PARAM [/rosdistro] by /roslaunch
[rosmaster.master][INFO] 2017-01-25 13:02:09,507: +PARAM [/roslaunch/uris/host_lyc_up__37167] by /roslaunch
[rosmaster.master][INFO] 2017-01-25 13:02:09,523: +PARAM [/rosversion] by /roslaunch
[rosmaster.master][INFO] 2017-01-25 13:02:09,523: +PARAM [/rosdistro] by /roslaunch
[rosmaster.master][INFO] 2017-01-25 13:02:09,717: +PUB [/rosout] /pcl_filtered http://LYC-UP:40324/
[rosmaster.master][INFO] 2017-01-25 13:02:09,719: +SERVICE [/pcl_filtered/get_loggers] /pcl_filtered http://LYC-UP:40324/
[rosmaster.master][INFO] 2017-01-25 13:02:09,722: +SERVICE [/pcl_filtered/set_logger_level] /pcl_filtered http://LYC-UP:40324/
[rosmaster.master][INFO] 2017-01-25 13:02:09,723: publisherUpdate[/rosout] -> http://LYC-UP:46624/
[rosmaster.master][INFO] 2017-01-25 13:02:09,739: +SUB [/raw_xyzrgb_output] /pcl_filtered http://LYC-UP:40324/
[rosmaster.master][INFO] 2017-01-25 13:02:09,742: +PUB [/filtered_pcl_output] /pcl_filtered http://LYC-UP:40324/
[rosmaster.master][INFO] 2017-01-25 13:02:09,844: +PUB [/rosout] /filters http://LYC-UP:40630/
[rosmaster.master][INFO] 2017-01-25 13:02:09,848: +SERVICE [/filters/get_loggers] /filters http://LYC-UP:40630/
[rosmaster.master][INFO] 2017-01-25 13:02:09,852: +SERVICE [/filters/set_logger_level] /filters http://LYC-UP:40630/
[rosmaster.master][INFO] 2017-01-25 13:02:09,870: +SUB [/camera/depth/points] /filters http://LYC-UP:40630/
[rosmaster.master][INFO] 2017-01-25 13:02:09,875: +PUB [/raw_xyzrgb_output] /filters http://LYC-UP:40630/
[rosmaster.master][INFO] 2017-01-25 13:02:09,899: publisherUpdate[/rosout] -> http://LYC-UP:46624/
[rosmaster.master][INFO] 2017-01-25 13:02:09,902: publisherUpdate[/raw_xyzrgb_output] -> http://LYC-UP:40324/
[rosmaster.master][INFO] 2017-01-25 13:02:16,472: +PUB [/rosout] /rviz_1485320536452719632 http://LYC-UP:33583/
[rosmaster.master][INFO] 2017-01-25 13:02:16,475: +SERVICE [/rviz_1485320536452719632/get_loggers] /rviz_1485320536452719632 http://LYC-UP:33583/
[rosmaster.master][INFO] 2017-01-25 13:02:16,480: +SERVICE [/rviz_1485320536452719632/set_logger_level] /rviz_1485320536452719632 http://LYC-UP:33583/
[rosmaster.master][INFO] 2017-01-25 13:02:16,526: publisherUpdate[/rosout] -> http://LYC-UP:46624/
[rosmaster.master][INFO] 2017-01-25 13:02:17,453: +SUB [/tf] /rviz_1485320536452719632 http://LYC-UP:33583/
[rosmaster.master][INFO] 2017-01-25 13:02:17,495: +SUB [/tf_static] /rviz_1485320536452719632 http://LYC-UP:33583/
[rosmaster.master][INFO] 2017-01-25 13:02:18,163: +PUB [/initialpose] /rviz_1485320536452719632 http://LYC-UP:33583/
[rosmaster.master][INFO] 2017-01-25 13:02:18,171: +PUB [/goal] /rviz_1485320536452719632 http://LYC-UP:33583/
[rosmaster.master][INFO] 2017-01-25 13:02:18,594: +SUB [/camera/depth/points] /rviz_1485320536452719632 http://LYC-UP:33583/
[rosmaster.master][INFO] 2017-01-25 13:02:18,600: -PUB [/goal] /rviz_1485320536452719632 http://LYC-UP:33583/
[rosmaster.master][INFO] 2017-01-25 13:02:18,605: -PUB [/initialpose] /rviz_1485320536452719632 http://LYC-UP:33583/
[rosmaster.master][INFO] 2017-01-25 13:02:18,631: +PUB [/initialpose] /rviz_1485320536452719632 http://LYC-UP:33583/
[rosmaster.master][INFO] 2017-01-25 13:02:18,641: +PUB [/goal] /rviz_1485320536452719632 http://LYC-UP:33583/
[rosmaster.master][INFO] 2017-01-25 13:02:18,648: +PUB [/move_base_simple/goal] /rviz_1485320536452719632 http://LYC-UP:33583/
[rosmaster.master][INFO] 2017-01-25 13:02:18,653: -PUB [/goal] /rviz_1485320536452719632 http://LYC-UP:33583/
[rosmaster.master][INFO] 2017-01-25 13:02:18,658: +PUB [/clicked_point] /rviz_1485320536452719632 http://LYC-UP:33583/
[rosmaster.master][INFO] 2017-01-25 13:02:18,926: +SERVICE [/rviz_1485320536452719632/reload_shaders] /rviz_1485320536452719632 http://LYC-UP:33583/
[rosmaster.master][INFO] 2017-01-25 13:02:33,073: -SUB [/camera/depth/points] /rviz_1485320536452719632 http://LYC-UP:33583/
[rosmaster.master][INFO] 2017-01-25 13:02:33,125: +SUB [/filtered_pcl_output] /rviz_1485320536452719632 http://LYC-UP:33583/
[rosmaster.master][INFO] 2017-01-25 13:02:42,254: -SUB [/filtered_pcl_output] /rviz_1485320536452719632 http://LYC-UP:33583/
[rosmaster.master][INFO] 2017-01-25 13:02:42,283: +SUB [/raw_xyzrgb_output] /rviz_1485320536452719632 http://LYC-UP:33583/
[rosmaster.master][INFO] 2017-01-25 13:02:49,627: -SUB [/raw_xyzrgb_output] /rviz_1485320536452719632 http://LYC-UP:33583/
[rosmaster.master][INFO] 2017-01-25 13:02:49,660: +SUB [/filtered_pcl_output] /rviz_1485320536452719632 http://LYC-UP:33583/
[rosmaster.master][INFO] 2017-01-25 13:02:57,939: -PUB [/rosout] /rviz_1485320536452719632 http://LYC-UP:33583/
[rosmaster.master][INFO] 2017-01-25 13:02:57,940: publisherUpdate[/rosout] -> http://LYC-UP:46624/
[rosmaster.master][INFO] 2017-01-25 13:02:57,949: -PUB [/initialpose] /rviz_1485320536452719632 http://LYC-UP:33583/
[rosmaster.master][INFO] 2017-01-25 13:02:57,960: -PUB [/move_base_simple/goal] /rviz_1485320536452719632 http://LYC-UP:33583/
[rosmaster.master][INFO] 2017-01-25 13:02:57,966: -PUB [/clicked_point] /rviz_1485320536452719632 http://LYC-UP:33583/
[rosmaster.master][INFO] 2017-01-25 13:02:57,972: -SUB [/tf] /rviz_1485320536452719632 http://LYC-UP:33583/
[rosmaster.master][INFO] 2017-01-25 13:02:57,976: -SUB [/tf_static] /rviz_1485320536452719632 http://LYC-UP:33583/
[rosmaster.master][INFO] 2017-01-25 13:02:57,981: -SUB [/filtered_pcl_output] /rviz_1485320536452719632 http://LYC-UP:33583/
[rosmaster.master][INFO] 2017-01-25 13:02:57,988: -SERVICE [/rviz_1485320536452719632/get_loggers] /rviz_1485320536452719632 rosrpc://LYC-UP:60941
[rosmaster.master][INFO] 2017-01-25 13:02:58,013: -SERVICE [/rviz_1485320536452719632/set_logger_level] /rviz_1485320536452719632 rosrpc://LYC-UP:60941
[rosmaster.master][INFO] 2017-01-25 13:02:58,024: -SERVICE [/rviz_1485320536452719632/reload_shaders] /rviz_1485320536452719632 rosrpc://LYC-UP:60941
[rosmaster.master][INFO] 2017-01-25 13:03:37,659: -PUB [/rosout] /pcl_filtered http://LYC-UP:40324/
[rosmaster.master][INFO] 2017-01-25 13:03:37,663: -PUB [/filtered_pcl_output] /pcl_filtered http://LYC-UP:40324/
[rosmaster.master][INFO] 2017-01-25 13:03:37,666: -SUB [/raw_xyzrgb_output] /pcl_filtered http://LYC-UP:40324/
[rosmaster.master][INFO] 2017-01-25 13:03:37,669: -SERVICE [/pcl_filtered/get_loggers] /pcl_filtered rosrpc://LYC-UP:38835
[rosmaster.master][INFO] 2017-01-25 13:03:37,674: publisherUpdate[/rosout] -> http://LYC-UP:46624/
[rosmaster.master][INFO] 2017-01-25 13:03:37,680: -SERVICE [/pcl_filtered/set_logger_level] /pcl_filtered rosrpc://LYC-UP:38835
[rosmaster.master][INFO] 2017-01-25 13:03:37,711: -PUB [/rosout] /filters http://LYC-UP:40630/
[rosmaster.master][INFO] 2017-01-25 13:03:37,712: publisherUpdate[/rosout] -> http://LYC-UP:46624/
[rosmaster.master][INFO] 2017-01-25 13:03:37,716: -PUB [/raw_xyzrgb_output] /filters http://LYC-UP:40630/
[rosmaster.master][INFO] 2017-01-25 13:03:37,720: -SUB [/camera/depth/points] /filters http://LYC-UP:40630/
[rosmaster.master][INFO] 2017-01-25 13:03:37,723: -SERVICE [/filters/get_loggers] /filters rosrpc://LYC-UP:37854
[rosmaster.master][INFO] 2017-01-25 13:03:37,727: -SERVICE [/filters/set_logger_level] /filters rosrpc://LYC-UP:37854
[rosmaster.master][INFO] 2017-01-25 13:05:12,123: +PARAM [/roslaunch/uris/host_lyc_up__39532] by /roslaunch
[rosmaster.master][INFO] 2017-01-25 13:05:12,154: +PARAM [/rosversion] by /roslaunch
[rosmaster.master][INFO] 2017-01-25 13:05:12,154: +PARAM [/rosdistro] by /roslaunch
[rosmaster.master][INFO] 2017-01-25 13:05:12,411: +PUB [/rosout] /pcl_filtered http://LYC-UP:40707/
[rosmaster.master][INFO] 2017-01-25 13:05:12,414: +SERVICE [/pcl_filtered/get_loggers] /pcl_filtered http://LYC-UP:40707/
[rosmaster.master][INFO] 2017-01-25 13:05:12,417: +SERVICE [/pcl_filtered/set_logger_level] /pcl_filtered http://LYC-UP:40707/
[rosmaster.master][INFO] 2017-01-25 13:05:12,436: publisherUpdate[/rosout] -> http://LYC-UP:46624/
[rosmaster.master][INFO] 2017-01-25 13:05:12,438: +SUB [/raw_xyzrgb_output] /pcl_filtered http://LYC-UP:40707/
[rosmaster.master][INFO] 2017-01-25 13:05:12,462: +PUB [/filtered_pcl_output] /pcl_filtered http://LYC-UP:40707/
[rosmaster.master][INFO] 2017-01-25 13:05:12,499: +PUB [/rosout] /filters http://LYC-UP:40678/
[rosmaster.master][INFO] 2017-01-25 13:05:12,503: +SERVICE [/filters/get_loggers] /filters http://LYC-UP:40678/
[rosmaster.master][INFO] 2017-01-25 13:05:12,507: +SERVICE [/filters/set_logger_level] /filters http://LYC-UP:40678/
[rosmaster.master][INFO] 2017-01-25 13:05:12,525: +SUB [/camera/depth/points] /filters http://LYC-UP:40678/
[rosmaster.master][INFO] 2017-01-25 13:05:12,528: +PUB [/raw_xyzrgb_output] /filters http://LYC-UP:40678/
[rosmaster.master][INFO] 2017-01-25 13:05:12,549: publisherUpdate[/rosout] -> http://LYC-UP:46624/
[rosmaster.master][INFO] 2017-01-25 13:05:12,552: publisherUpdate[/raw_xyzrgb_output] -> http://LYC-UP:40707/
[rosmaster.master][INFO] 2017-01-25 13:05:18,140: +PUB [/rosout] /rviz_1485320718116060123 http://LYC-UP:35086/
[rosmaster.master][INFO] 2017-01-25 13:05:18,148: +SERVICE [/rviz_1485320718116060123/get_loggers] /rviz_1485320718116060123 http://LYC-UP:35086/
[rosmaster.master][INFO] 2017-01-25 13:05:18,153: +SERVICE [/rviz_1485320718116060123/set_logger_level] /rviz_1485320718116060123 http://LYC-UP:35086/
[rosmaster.master][INFO] 2017-01-25 13:05:18,178: publisherUpdate[/rosout] -> http://LYC-UP:46624/
[rosmaster.master][INFO] 2017-01-25 13:05:19,090: +SUB [/tf] /rviz_1485320718116060123 http://LYC-UP:35086/
[rosmaster.master][INFO] 2017-01-25 13:05:19,111: +SUB [/tf_static] /rviz_1485320718116060123 http://LYC-UP:35086/
[rosmaster.master][INFO] 2017-01-25 13:05:19,683: +PUB [/initialpose] /rviz_1485320718116060123 http://LYC-UP:35086/
[rosmaster.master][INFO] 2017-01-25 13:05:19,689: +PUB [/goal] /rviz_1485320718116060123 http://LYC-UP:35086/
[rosmaster.master][INFO] 2017-01-25 13:05:19,995: +SUB [/camera/depth/points] /rviz_1485320718116060123 http://LYC-UP:35086/
[rosmaster.master][INFO] 2017-01-25 13:05:20,007: -PUB [/goal] /rviz_1485320718116060123 http://LYC-UP:35086/
[rosmaster.master][INFO] 2017-01-25 13:05:20,012: -PUB [/initialpose] /rviz_1485320718116060123 http://LYC-UP:35086/
[rosmaster.master][INFO] 2017-01-25 13:05:20,038: +PUB [/initialpose] /rviz_1485320718116060123 http://LYC-UP:35086/
[rosmaster.master][INFO] 2017-01-25 13:05:20,043: +PUB [/goal] /rviz_1485320718116060123 http://LYC-UP:35086/
[rosmaster.master][INFO] 2017-01-25 13:05:20,047: +PUB [/move_base_simple/goal] /rviz_1485320718116060123 http://LYC-UP:35086/
[rosmaster.master][INFO] 2017-01-25 13:05:20,050: -PUB [/goal] /rviz_1485320718116060123 http://LYC-UP:35086/
[rosmaster.master][INFO] 2017-01-25 13:05:20,054: +PUB [/clicked_point] /rviz_1485320718116060123 http://LYC-UP:35086/
[rosmaster.master][INFO] 2017-01-25 13:05:20,479: +SERVICE [/rviz_1485320718116060123/reload_shaders] /rviz_1485320718116060123 http://LYC-UP:35086/
[rosmaster.master][INFO] 2017-01-25 13:05:39,260: -SUB [/camera/depth/points] /rviz_1485320718116060123 http://LYC-UP:35086/
[rosmaster.master][INFO] 2017-01-25 13:05:39,305: +SUB [/filtered_pcl_output] /rviz_1485320718116060123 http://LYC-UP:35086/
[rosmaster.master][INFO] 2017-01-25 13:06:20,517: -SUB [/filtered_pcl_output] /rviz_1485320718116060123 http://LYC-UP:35086/
[rosmaster.master][INFO] 2017-01-25 13:06:20,524: -PUB [/clicked_point] /rviz_1485320718116060123 http://LYC-UP:35086/
[rosmaster.master][INFO] 2017-01-25 13:06:20,529: -PUB [/move_base_simple/goal] /rviz_1485320718116060123 http://LYC-UP:35086/
[rosmaster.master][INFO] 2017-01-25 13:06:20,545: -PUB [/initialpose] /rviz_1485320718116060123 http://LYC-UP:35086/
[rosmaster.master][INFO] 2017-01-25 13:06:20,561: -SUB [/tf_static] /rviz_1485320718116060123 http://LYC-UP:35086/
[rosmaster.master][INFO] 2017-01-25 13:06:20,566: -SUB [/tf] /rviz_1485320718116060123 http://LYC-UP:35086/
[rosmaster.master][INFO] 2017-01-25 13:06:20,589: -SERVICE [/rviz_1485320718116060123/reload_shaders] /rviz_1485320718116060123 rosrpc://LYC-UP:43777
[rosmaster.master][INFO] 2017-01-25 13:06:20,671: -PUB [/rosout] /rviz_1485320718116060123 http://LYC-UP:35086/
[rosmaster.master][INFO] 2017-01-25 13:06:20,680: -SERVICE [/rviz_1485320718116060123/get_loggers] /rviz_1485320718116060123 rosrpc://LYC-UP:43777
[rosmaster.master][INFO] 2017-01-25 13:06:20,684: publisherUpdate[/rosout] -> http://LYC-UP:46624/
[rosmaster.master][INFO] 2017-01-25 13:06:20,686: -SERVICE [/rviz_1485320718116060123/set_logger_level] /rviz_1485320718116060123 rosrpc://LYC-UP:43777
[rosmaster.master][INFO] 2017-01-25 13:06:23,695: -PUB [/rosout] /filters http://LYC-UP:40678/
[rosmaster.master][INFO] 2017-01-25 13:06:23,698: publisherUpdate[/rosout] -> http://LYC-UP:46624/
[rosmaster.master][INFO] 2017-01-25 13:06:23,707: publisherUpdate[/raw_xyzrgb_output] -> http://LYC-UP:40707/
[rosmaster.master][INFO] 2017-01-25 13:06:23,706: -PUB [/raw_xyzrgb_output] /filters http://LYC-UP:40678/
[rosmaster.master][INFO] 2017-01-25 13:06:23,713: -SUB [/camera/depth/points] /filters http://LYC-UP:40678/
[rosmaster.master][INFO] 2017-01-25 13:06:23,722: -SERVICE [/filters/get_loggers] /filters rosrpc://LYC-UP:44577
[rosmaster.master][INFO] 2017-01-25 13:06:23,725: -SERVICE [/filters/set_logger_level] /filters rosrpc://LYC-UP:44577
[rosmaster.master][INFO] 2017-01-25 13:06:23,813: -PUB [/rosout] /pcl_filtered http://LYC-UP:40707/
[rosmaster.master][INFO] 2017-01-25 13:06:23,814: publisherUpdate[/rosout] -> http://LYC-UP:46624/
[rosmaster.master][INFO] 2017-01-25 13:06:23,828: -PUB [/filtered_pcl_output] /pcl_filtered http://LYC-UP:40707/
[rosmaster.master][INFO] 2017-01-25 13:06:23,832: -SUB [/raw_xyzrgb_output] /pcl_filtered http://LYC-UP:40707/
[rosmaster.master][INFO] 2017-01-25 13:06:23,836: -SERVICE [/pcl_filtered/get_loggers] /pcl_filtered rosrpc://LYC-UP:56552
[rosmaster.master][INFO] 2017-01-25 13:06:23,839: -SERVICE [/pcl_filtered/set_logger_level] /pcl_filtered rosrpc://LYC-UP:56552
[rosmaster.master][INFO] 2017-01-25 13:07:19,093: -PUB [/rosout] /camera/nodelet_manager http://LYC-UP:42462/
[rosmaster.master][INFO] 2017-01-25 13:07:19,097: -PUB [/tf_static] /camera/nodelet_manager http://LYC-UP:42462/
[rosmaster.master][INFO] 2017-01-25 13:07:19,101: -PUB [/camera/color/image_raw/compressedDepth] /camera/nodelet_manager http://LYC-UP:42462/
[rosmaster.master][INFO] 2017-01-25 13:07:19,105: -PUB [/camera/color/image_raw/compressedDepth/parameter_descriptions] /camera/nodelet_manager http://LYC-UP:42462/
[rosmaster.master][INFO] 2017-01-25 13:07:19,110: -PUB [/camera/color/image_raw/compressedDepth/parameter_updates] /camera/nodelet_manager http://LYC-UP:42462/
[rosmaster.master][INFO] 2017-01-25 13:07:19,111: publisherUpdate[/rosout] -> http://LYC-UP:46624/
[rosmaster.master][INFO] 2017-01-25 13:07:19,119: -PUB [/camera/color/image_raw/compressed] /camera/nodelet_manager http://LYC-UP:42462/
[rosmaster.master][INFO] 2017-01-25 13:07:19,123: -PUB [/camera/color/image_raw/compressed/parameter_descriptions] /camera/nodelet_manager http://LYC-UP:42462/
[rosmaster.master][INFO] 2017-01-25 13:07:19,128: -PUB [/camera/color/image_raw/compressed/parameter_updates] /camera/nodelet_manager http://LYC-UP:42462/
[rosmaster.master][INFO] 2017-01-25 13:07:19,132: -PUB [/camera/color/image_raw] /camera/nodelet_manager http://LYC-UP:42462/
[rosmaster.master][INFO] 2017-01-25 13:07:19,135: -PUB [/camera/color/image_raw/theora] /camera/nodelet_manager http://LYC-UP:42462/
[rosmaster.master][INFO] 2017-01-25 13:07:19,138: -PUB [/camera/color/image_raw/theora/parameter_descriptions] /camera/nodelet_manager http://LYC-UP:42462/
[rosmaster.master][INFO] 2017-01-25 13:07:19,145: -PUB [/camera/color/image_raw/theora/parameter_updates] /camera/nodelet_manager http://LYC-UP:42462/
[rosmaster.master][INFO] 2017-01-25 13:07:19,149: -PUB [/camera/color/camera_info] /camera/nodelet_manager http://LYC-UP:42462/
[rosmaster.master][INFO] 2017-01-25 13:07:19,153: -PUB [/camera/depth/image_raw/compressedDepth] /camera/nodelet_manager http://LYC-UP:42462/
[rosmaster.master][INFO] 2017-01-25 13:07:19,159: -PUB [/camera/depth/image_raw/compressedDepth/parameter_descriptions] /camera/nodelet_manager http://LYC-UP:42462/
[rosmaster.master][INFO] 2017-01-25 13:07:19,163: -PUB [/camera/depth/image_raw/compressedDepth/parameter_updates] /camera/nodelet_manager http://LYC-UP:42462/
[rosmaster.master][INFO] 2017-01-25 13:07:19,167: -PUB [/camera/depth/image_raw/compressed] /camera/nodelet_manager http://LYC-UP:42462/
[rosmaster.master][INFO] 2017-01-25 13:07:19,170: -PUB [/camera/depth/image_raw/compressed/parameter_descriptions] /camera/nodelet_manager http://LYC-UP:42462/
[rosmaster.master][INFO] 2017-01-25 13:07:19,173: -PUB [/camera/depth/image_raw/compressed/parameter_updates] /camera/nodelet_manager http://LYC-UP:42462/
[rosmaster.master][INFO] 2017-01-25 13:07:19,179: -PUB [/camera/depth/image_raw] /camera/nodelet_manager http://LYC-UP:42462/
[rosmaster.master][INFO] 2017-01-25 13:07:19,185: -PUB [/camera/depth/image_raw/theora] /camera/nodelet_manager http://LYC-UP:42462/
[rosmaster.master][INFO] 2017-01-25 13:07:19,190: -PUB [/camera/depth/image_raw/theora/parameter_descriptions] /camera/nodelet_manager http://LYC-UP:42462/
[rosmaster.master][INFO] 2017-01-25 13:07:19,194: -PUB [/camera/depth/image_raw/theora/parameter_updates] /camera/nodelet_manager http://LYC-UP:42462/
[rosmaster.master][INFO] 2017-01-25 13:07:19,198: -PUB [/camera/depth/camera_info] /camera/nodelet_manager http://LYC-UP:42462/
[rosmaster.master][INFO] 2017-01-25 13:07:19,200: -PUB [/camera/depth/points] /camera/nodelet_manager http://LYC-UP:42462/
[rosmaster.master][INFO] 2017-01-25 13:07:19,203: -PUB [/camera/ir/image_raw/compressedDepth] /camera/nodelet_manager http://LYC-UP:42462/
[rosmaster.master][INFO] 2017-01-25 13:07:19,206: -PUB [/camera/ir/image_raw/compressedDepth/parameter_descriptions] /camera/nodelet_manager http://LYC-UP:42462/
[rosmaster.master][INFO] 2017-01-25 13:07:19,216: -PUB [/camera/ir/image_raw/compressedDepth/parameter_updates] /camera/nodelet_manager http://LYC-UP:42462/
[rosmaster.master][INFO] 2017-01-25 13:07:19,220: -PUB [/camera/ir/image_raw/compressed] /camera/nodelet_manager http://LYC-UP:42462/
[rosmaster.master][INFO] 2017-01-25 13:07:19,224: -PUB [/camera/ir/image_raw/compressed/parameter_descriptions] /camera/nodelet_manager http://LYC-UP:42462/
[rosmaster.master][INFO] 2017-01-25 13:07:19,227: -PUB [/camera/ir/image_raw/compressed/parameter_updates] /camera/nodelet_manager http://LYC-UP:42462/
[rosmaster.master][INFO] 2017-01-25 13:07:19,230: -PUB [/camera/ir/image_raw] /camera/nodelet_manager http://LYC-UP:42462/
[rosmaster.master][INFO] 2017-01-25 13:07:19,233: -PUB [/camera/ir/image_raw/theora] /camera/nodelet_manager http://LYC-UP:42462/
[rosmaster.master][INFO] 2017-01-25 13:07:19,236: -PUB [/camera/ir/image_raw/theora/parameter_descriptions] /camera/nodelet_manager http://LYC-UP:42462/
[rosmaster.master][INFO] 2017-01-25 13:07:19,239: -PUB [/camera/ir/image_raw/theora/parameter_updates] /camera/nodelet_manager http://LYC-UP:42462/
[rosmaster.master][INFO] 2017-01-25 13:07:19,242: -PUB [/camera/ir/camera_info] /camera/nodelet_manager http://LYC-UP:42462/
[rosmaster.master][INFO] 2017-01-25 13:07:19,248: -PUB [/camera/ir2/image_raw/compressedDepth] /camera/nodelet_manager http://LYC-UP:42462/
[rosmaster.master][INFO] 2017-01-25 13:07:19,255: -PUB [/camera/ir2/image_raw/compressedDepth/parameter_descriptions] /camera/nodelet_manager http://LYC-UP:42462/
[rosmaster.master][INFO] 2017-01-25 13:07:19,261: -PUB [/camera/ir2/image_raw/compressedDepth/parameter_updates] /camera/nodelet_manager http://LYC-UP:42462/
[rosmaster.master][INFO] 2017-01-25 13:07:19,264: -PUB [/camera/ir2/image_raw/compressed] /camera/nodelet_manager http://LYC-UP:42462/
[rosmaster.master][INFO] 2017-01-25 13:07:19,277: -PUB [/camera/ir2/image_raw/compressed/parameter_descriptions] /camera/nodelet_manager http://LYC-UP:42462/
[rosmaster.master][INFO] 2017-01-25 13:07:19,282: -PUB [/camera/ir2/image_raw/compressed/parameter_updates] /camera/nodelet_manager http://LYC-UP:42462/
[rosmaster.master][INFO] 2017-01-25 13:07:19,286: -PUB [/camera/ir2/image_raw] /camera/nodelet_manager http://LYC-UP:42462/
[rosmaster.master][INFO] 2017-01-25 13:07:19,289: -PUB [/camera/ir2/image_raw/theora] /camera/nodelet_manager http://LYC-UP:42462/
[rosmaster.master][INFO] 2017-01-25 13:07:19,293: -PUB [/camera/ir2/image_raw/theora/parameter_descriptions] /camera/nodelet_manager http://LYC-UP:42462/
[rosmaster.master][INFO] 2017-01-25 13:07:19,297: -PUB [/camera/ir2/image_raw/theora/parameter_updates] /camera/nodelet_manager http://LYC-UP:42462/
[rosmaster.master][INFO] 2017-01-25 13:07:19,301: -PUB [/camera/ir2/camera_info] /camera/nodelet_manager http://LYC-UP:42462/
[rosmaster.master][INFO] 2017-01-25 13:07:19,304: -PUB [/camera/driver/parameter_descriptions] /camera/nodelet_manager http://LYC-UP:42462/
[rosmaster.master][INFO] 2017-01-25 13:07:19,307: -PUB [/camera/driver/parameter_updates] /camera/nodelet_manager http://LYC-UP:42462/
[rosmaster.master][INFO] 2017-01-25 13:07:19,315: -PUB [/camera/nodelet_manager/bond] /camera/nodelet_manager http://LYC-UP:42462/
[rosmaster.master][INFO] 2017-01-25 13:07:19,317: publisherUpdate[/camera/nodelet_manager/bond] -> http://LYC-UP:42462/
[rosmaster.master][INFO] 2017-01-25 13:07:19,336: publisherUpdate[/camera/nodelet_manager/bond] -> http://LYC-UP:44254/
[rosmaster.master][INFO] 2017-01-25 13:07:19,350: -SUB [/camera/nodelet_manager/bond] /camera/nodelet_manager http://LYC-UP:42462/
[rosmaster.master][INFO] 2017-01-25 13:07:19,356: -SERVICE [/camera/nodelet_manager/get_loggers] /camera/nodelet_manager rosrpc://LYC-UP:46484
[rosmaster.threadpool][ERROR] 2017-01-25 13:07:19,361: Traceback (most recent call last):
  File "/opt/ros/kinetic/lib/python2.7/dist-packages/rosmaster/threadpool.py", line 218, in run
    result = cmd(*args)
  File "/opt/ros/kinetic/lib/python2.7/dist-packages/rosmaster/master_api.py", line 208, in publisher_update_task
    xmlrpcapi(api).publisherUpdate('/master', topic, pub_uris)
  File "/usr/lib/python2.7/xmlrpclib.py", line 1243, in __call__
    return self.__send(self.__name, args)
  File "/usr/lib/python2.7/xmlrpclib.py", line 1602, in __request
    verbose=self.__verbose
  File "/usr/lib/python2.7/xmlrpclib.py", line 1283, in request
    return self.single_request(host, handler, request_body, verbose)
  File "/usr/lib/python2.7/xmlrpclib.py", line 1316, in single_request
    return self.parse_response(response)
  File "/usr/lib/python2.7/xmlrpclib.py", line 1493, in parse_response
    return u.close()
  File "/usr/lib/python2.7/xmlrpclib.py", line 800, in close
    raise Fault(**self._stack[0])
Fault: <Fault -1: 'publisherUpdate: unknown method name'>

[rosmaster.master][INFO] 2017-01-25 13:07:19,363: -SERVICE [/camera/nodelet_manager/set_logger_level] /camera/nodelet_manager rosrpc://LYC-UP:46484
[rosmaster.master][INFO] 2017-01-25 13:07:19,366: -SERVICE [/camera/nodelet_manager/load_nodelet] /camera/nodelet_manager rosrpc://LYC-UP:46484
[rosmaster.master][INFO] 2017-01-25 13:07:19,369: -SERVICE [/camera/nodelet_manager/unload_nodelet] /camera/nodelet_manager rosrpc://LYC-UP:46484
[rosmaster.master][INFO] 2017-01-25 13:07:19,372: -SERVICE [/camera/nodelet_manager/list] /camera/nodelet_manager rosrpc://LYC-UP:46484
[rosmaster.master][INFO] 2017-01-25 13:07:19,374: -SERVICE [/camera/color/image_raw/compressedDepth/set_parameters] /camera/nodelet_manager rosrpc://LYC-UP:46484
[rosmaster.master][INFO] 2017-01-25 13:07:19,388: -SERVICE [/camera/color/image_raw/compressed/set_parameters] /camera/nodelet_manager rosrpc://LYC-UP:46484
[rosmaster.master][INFO] 2017-01-25 13:07:19,391: -SERVICE [/camera/color/image_raw/theora/set_parameters] /camera/nodelet_manager rosrpc://LYC-UP:46484
[rosmaster.master][INFO] 2017-01-25 13:07:19,394: -SERVICE [/camera/depth/image_raw/compressedDepth/set_parameters] /camera/nodelet_manager rosrpc://LYC-UP:46484
[rosmaster.master][INFO] 2017-01-25 13:07:19,397: -SERVICE [/camera/depth/image_raw/compressed/set_parameters] /camera/nodelet_manager rosrpc://LYC-UP:46484
[rosmaster.master][INFO] 2017-01-25 13:07:19,400: -SERVICE [/camera/depth/image_raw/theora/set_parameters] /camera/nodelet_manager rosrpc://LYC-UP:46484
[rosmaster.master][INFO] 2017-01-25 13:07:19,403: -SERVICE [/camera/ir/image_raw/compressedDepth/set_parameters] /camera/nodelet_manager rosrpc://LYC-UP:46484
[rosmaster.master][INFO] 2017-01-25 13:07:19,405: -SERVICE [/camera/ir/image_raw/compressed/set_parameters] /camera/nodelet_manager rosrpc://LYC-UP:46484
[rosmaster.master][INFO] 2017-01-25 13:07:19,408: -SERVICE [/camera/ir/image_raw/theora/set_parameters] /camera/nodelet_manager rosrpc://LYC-UP:46484
[rosmaster.master][INFO] 2017-01-25 13:07:19,416: -SERVICE [/camera/ir2/image_raw/compressedDepth/set_parameters] /camera/nodelet_manager rosrpc://LYC-UP:46484
[rosmaster.master][INFO] 2017-01-25 13:07:19,420: -SERVICE [/camera/ir2/image_raw/compressed/set_parameters] /camera/nodelet_manager rosrpc://LYC-UP:46484
[rosmaster.master][INFO] 2017-01-25 13:07:19,424: -SERVICE [/camera/ir2/image_raw/theora/set_parameters] /camera/nodelet_manager rosrpc://LYC-UP:46484
[rosmaster.master][INFO] 2017-01-25 13:07:19,427: -SERVICE [/camera/driver/get_settings] /camera/nodelet_manager rosrpc://LYC-UP:46484
[rosmaster.master][INFO] 2017-01-25 13:07:19,431: -SERVICE [/camera/driver/set_power] /camera/nodelet_manager rosrpc://LYC-UP:46484
[rosmaster.master][INFO] 2017-01-25 13:07:19,434: -SERVICE [/camera/driver/force_power] /camera/nodelet_manager rosrpc://LYC-UP:46484
[rosmaster.master][INFO] 2017-01-25 13:07:19,447: -SERVICE [/camera/driver/is_powered] /camera/nodelet_manager rosrpc://LYC-UP:46484
[rosmaster.master][INFO] 2017-01-25 13:07:19,453: -SERVICE [/camera/driver/set_parameters] /camera/nodelet_manager rosrpc://LYC-UP:46484
[rosmaster.master][INFO] 2017-01-25 13:07:19,648: -PUB [/rosout] /camera/driver http://LYC-UP:44254/
[rosmaster.master][INFO] 2017-01-25 13:07:19,649: publisherUpdate[/rosout] -> http://LYC-UP:46624/
[rosmaster.master][INFO] 2017-01-25 13:07:19,654: -PUB [/camera/nodelet_manager/bond] /camera/driver http://LYC-UP:44254/
[rosmaster.master][INFO] 2017-01-25 13:07:19,657: -SUB [/camera/nodelet_manager/bond] /camera/driver http://LYC-UP:44254/
[rosmaster.master][INFO] 2017-01-25 13:07:19,660: -SERVICE [/camera/driver/get_loggers] /camera/driver rosrpc://LYC-UP:46869
[rosmaster.master][INFO] 2017-01-25 13:07:19,663: -SERVICE [/camera/driver/set_logger_level] /camera/driver rosrpc://LYC-UP:46869
[rosmaster.master][INFO] 2017-01-25 13:07:19,664: publisherUpdate[/camera/nodelet_manager/bond] -> http://LYC-UP:44254/
[rosmaster.threadpool][ERROR] 2017-01-25 13:07:19,667: Traceback (most recent call last):
  File "/opt/ros/kinetic/lib/python2.7/dist-packages/rosmaster/threadpool.py", line 218, in run
    result = cmd(*args)
  File "/opt/ros/kinetic/lib/python2.7/dist-packages/rosmaster/master_api.py", line 208, in publisher_update_task
    xmlrpcapi(api).publisherUpdate('/master', topic, pub_uris)
  File "/usr/lib/python2.7/xmlrpclib.py", line 1243, in __call__
    return self.__send(self.__name, args)
  File "/usr/lib/python2.7/xmlrpclib.py", line 1602, in __request
    verbose=self.__verbose
  File "/usr/lib/python2.7/xmlrpclib.py", line 1283, in request
    return self.single_request(host, handler, request_body, verbose)
  File "/usr/lib/python2.7/xmlrpclib.py", line 1316, in single_request
    return self.parse_response(response)
  File "/usr/lib/python2.7/xmlrpclib.py", line 1493, in parse_response
    return u.close()
  File "/usr/lib/python2.7/xmlrpclib.py", line 800, in close
    raise Fault(**self._stack[0])
Fault: <Fault -1: 'publisherUpdate: unknown method name'>

[rosmaster.master][INFO] 2017-01-25 13:07:19,954: -PUB [/rosout_agg] /rosout http://LYC-UP:46624/
[rosmaster.master][INFO] 2017-01-25 13:07:19,956: -SUB [/rosout] /rosout http://LYC-UP:46624/
[rosmaster.master][INFO] 2017-01-25 13:07:19,959: -SERVICE [/rosout/get_loggers] /rosout rosrpc://LYC-UP:51267
[rosmaster.master][INFO] 2017-01-25 13:07:19,961: -SERVICE [/rosout/set_logger_level] /rosout rosrpc://LYC-UP:51267
[rosmaster.main][INFO] 2017-01-25 13:07:20,228: keyboard interrupt, will exit
[rosmaster.main][INFO] 2017-01-25 13:07:20,230: stopping master...
[rospy.core][INFO] 2017-01-25 13:07:20,252: signal_shutdown [atexit]
